<?xml version="1.0" encoding="UTF-8"?>
<coverage generated="1665527497112" clover="3.2.0">
  <project timestamp="1665527497112" name="All files">
    <metrics statements="2303" coveredstatements="2108" conditionals="1018" coveredconditionals="765" methods="535" coveredmethods="493" elements="3856" coveredelements="3366" complexity="0" loc="2303" ncloc="2303" packages="2" files="61" classes="61"/>
    <package name="src">
      <metrics statements="252" coveredstatements="229" conditionals="122" coveredconditionals="101" methods="34" coveredmethods="29"/>
      <file name="config.ts" path="/Users/kiranraju/Documents/NodeSDK/nylas-nodejs/src/config.ts">
        <metrics statements="6" coveredstatements="6" conditionals="0" coveredconditionals="0" methods="2" coveredmethods="2"/>
        <line num="1" count="27" type="stmt"/>
        <line num="2" count="27" type="stmt"/>
        <line num="3" count="297" type="stmt"/>
        <line num="6" count="27" type="stmt"/>
        <line num="7" count="27" type="stmt"/>
        <line num="8" count="290" type="stmt"/>
      </file>
      <file name="nylas-connection.ts" path="/Users/kiranraju/Documents/NodeSDK/nylas-nodejs/src/nylas-connection.ts">
        <metrics statements="145" coveredstatements="135" conditionals="66" coveredconditionals="53" methods="15" coveredmethods="13"/>
        <line num="2" count="27" type="stmt"/>
        <line num="3" count="27" type="stmt"/>
        <line num="4" count="27" type="stmt"/>
        <line num="5" count="27" type="stmt"/>
        <line num="6" count="27" type="stmt"/>
        <line num="7" count="27" type="stmt"/>
        <line num="8" count="27" type="stmt"/>
        <line num="9" count="27" type="stmt"/>
        <line num="10" count="27" type="stmt"/>
        <line num="11" count="27" type="stmt"/>
        <line num="12" count="27" type="stmt"/>
        <line num="13" count="27" type="stmt"/>
        <line num="14" count="27" type="stmt"/>
        <line num="15" count="27" type="stmt"/>
        <line num="16" count="27" type="stmt"/>
        <line num="17" count="27" type="stmt"/>
        <line num="18" count="27" type="stmt"/>
        <line num="19" count="27" type="stmt"/>
        <line num="20" count="27" type="stmt"/>
        <line num="21" count="27" type="stmt"/>
        <line num="22" count="27" type="stmt"/>
        <line num="23" count="27" type="stmt"/>
        <line num="24" count="27" type="stmt"/>
        <line num="26" count="27" type="stmt"/>
        <line num="27" count="27" type="stmt"/>
        <line num="28" count="27" type="stmt"/>
        <line num="30" count="27" type="cond" truecount="2" falsecount="0"/>
        <line num="31" count="27" type="stmt"/>
        <line num="32" count="27" type="stmt"/>
        <line num="54" count="27" type="stmt"/>
        <line num="58" count="524" type="stmt"/>
        <line num="62" count="524" type="stmt"/>
        <line num="65" count="524" type="stmt"/>
        <line num="68" count="524" type="stmt"/>
        <line num="72" count="524" type="stmt"/>
        <line num="73" count="524" type="stmt"/>
        <line num="76" count="524" type="stmt"/>
        <line num="79" count="524" type="stmt"/>
        <line num="83" count="524" type="stmt"/>
        <line num="87" count="524" type="stmt"/>
        <line num="88" count="524" type="stmt"/>
        <line num="92" count="524" type="stmt"/>
        <line num="96" count="524" type="stmt"/>
        <line num="100" count="524" type="stmt"/>
        <line num="103" count="524" type="stmt"/>
        <line num="106" count="524" type="stmt"/>
        <line num="107" count="524" type="stmt"/>
        <line num="111" count="524" type="stmt"/>
        <line num="113" count="524" type="stmt"/>
        <line num="114" count="524" type="stmt"/>
        <line num="117" count="27" type="stmt"/>
        <line num="118" count="125" type="cond" truecount="2" falsecount="0"/>
        <line num="119" count="125" type="stmt"/>
        <line num="121" count="125" type="cond" truecount="2" falsecount="0"/>
        <line num="122" count="78" type="stmt"/>
        <line num="125" count="27" type="cond" truecount="2" falsecount="0"/>
        <line num="126" count="3" type="cond" truecount="1" falsecount="1"/>
        <line num="127" count="3" type="stmt"/>
        <line num="129" count="24" type="cond" truecount="1" falsecount="1"/>
        <line num="132" count="0" type="stmt"/>
        <line num="133" count="0" type="stmt"/>
        <line num="138" count="24" type="cond" truecount="1" falsecount="1"/>
        <line num="139" count="0" type="stmt"/>
        <line num="140" count="0" type="stmt"/>
        <line num="143" count="24" type="stmt"/>
        <line num="147" count="125" type="stmt"/>
        <line num="149" count="125" type="stmt"/>
        <line num="151" count="125" type="cond" truecount="2" falsecount="0"/>
        <line num="155" count="125" type="cond" truecount="1" falsecount="1"/>
        <line num="156" count="125" type="cond" truecount="2" falsecount="0"/>
        <line num="157" count="5" type="stmt"/>
        <line num="159" count="120" type="stmt"/>
        <line num="164" count="125" type="cond" truecount="1" falsecount="1"/>
        <line num="165" count="125" type="stmt"/>
        <line num="167" count="125" type="stmt"/>
        <line num="168" count="125" type="stmt"/>
        <line num="169" count="125" type="cond" truecount="1" falsecount="1"/>
        <line num="170" count="125" type="stmt"/>
        <line num="172" count="125" type="stmt"/>
        <line num="174" count="125" type="cond" truecount="2" falsecount="0"/>
        <line num="175" count="2" type="stmt"/>
        <line num="176" count="2" type="stmt"/>
        <line num="177" count="2" type="cond" truecount="1" falsecount="1"/>
        <line num="178" count="2" type="stmt"/>
        <line num="180" count="0" type="stmt"/>
        <line num="183" count="2" type="stmt"/>
        <line num="184" count="123" type="cond" truecount="4" falsecount="0"/>
        <line num="185" count="79" type="stmt"/>
        <line num="188" count="125" type="stmt"/>
        <line num="191" count="27" type="stmt"/>
        <line num="192" count="124" type="stmt"/>
        <line num="194" count="124" type="cond" truecount="1" falsecount="1"/>
        <line num="201" count="27" type="stmt"/>
        <line num="205" count="120" type="stmt"/>
        <line num="207" count="120" type="cond" truecount="2" falsecount="0"/>
        <line num="208" count="119" type="cond" truecount="4" falsecount="0"/>
        <line num="209" count="2" type="stmt"/>
        <line num="214" count="2" type="stmt"/>
        <line num="215" count="2" type="stmt"/>
        <line num="217" count="2" type="cond" truecount="2" falsecount="0"/>
        <line num="218" count="1" type="stmt"/>
        <line num="219" count="1" type="cond" truecount="1" falsecount="1"/>
        <line num="220" count="1" type="stmt"/>
        <line num="224" count="120" type="stmt"/>
        <line num="227" count="117" type="stmt"/>
        <line num="228" count="117" type="stmt"/>
        <line num="229" count="117" type="stmt"/>
        <line num="230" count="117" type="stmt"/>
        <line num="232" count="117" type="cond" truecount="1" falsecount="1"/>
        <line num="233" count="0" type="stmt"/>
        <line num="236" count="117" type="stmt"/>
        <line num="240" count="117" type="stmt"/>
        <line num="244" count="117" type="cond" truecount="1" falsecount="1"/>
        <line num="245" count="0" type="stmt"/>
        <line num="248" count="117" type="cond" truecount="2" falsecount="0"/>
        <line num="249" count="2" type="stmt"/>
        <line num="250" count="2" type="stmt"/>
        <line num="251" count="2" type="stmt"/>
        <line num="252" count="1" type="stmt"/>
        <line num="257" count="1" type="cond" truecount="1" falsecount="1"/>
        <line num="258" count="1" type="stmt"/>
        <line num="260" count="1" type="cond" truecount="1" falsecount="1"/>
        <line num="261" count="1" type="stmt"/>
        <line num="263" count="1" type="stmt"/>
        <line num="265" count="1" type="stmt"/>
        <line num="270" count="1" type="stmt"/>
        <line num="274" count="115" type="cond" truecount="2" falsecount="0"/>
        <line num="275" count="3" type="stmt"/>
        <line num="279" count="3" type="stmt"/>
        <line num="280" count="3" type="stmt"/>
        <line num="281" count="6" type="stmt"/>
        <line num="283" count="3" type="stmt"/>
        <line num="284" count="3" type="stmt"/>
        <line num="287" count="0" type="stmt"/>
        <line num="289" count="112" type="cond" truecount="2" falsecount="0"/>
        <line num="293" count="1" type="stmt"/>
        <line num="294" count="111" type="cond" truecount="2" falsecount="0"/>
        <line num="297" count="1" type="stmt"/>
        <line num="299" count="110" type="stmt"/>
        <line num="300" count="110" type="stmt"/>
        <line num="301" count="110" type="stmt"/>
        <line num="303" count="5" type="stmt"/>
        <line num="310" count="0" type="stmt"/>
        <line num="311" count="0" type="stmt"/>
        <line num="315" count="27" type="stmt"/>
      </file>
      <file name="nylas.ts" path="/Users/kiranraju/Documents/NodeSDK/nylas-nodejs/src/nylas.ts">
        <metrics statements="101" coveredstatements="88" conditionals="56" coveredconditionals="48" methods="17" coveredmethods="14"/>
        <line num="2" count="23" type="stmt"/>
        <line num="3" count="23" type="stmt"/>
        <line num="4" count="23" type="stmt"/>
        <line num="5" count="23" type="stmt"/>
        <line num="6" count="23" type="stmt"/>
        <line num="7" count="23" type="stmt"/>
        <line num="8" count="23" type="stmt"/>
        <line num="9" count="23" type="stmt"/>
        <line num="10" count="23" type="stmt"/>
        <line num="11" count="23" type="stmt"/>
        <line num="13" count="23" type="stmt"/>
        <line num="14" count="23" type="stmt"/>
        <line num="18" count="23" type="stmt"/>
        <line num="19" count="23" type="stmt"/>
        <line num="20" count="23" type="stmt"/>
        <line num="21" count="812" type="stmt"/>
        <line num="24" count="290" type="stmt"/>
        <line num="26" count="23" type="stmt"/>
        <line num="27" count="15" type="stmt"/>
        <line num="30" count="288" type="stmt"/>
        <line num="38" count="23" type="stmt"/>
        <line num="39" count="265" type="cond" truecount="4" falsecount="0"/>
        <line num="40" count="1" type="stmt"/>
        <line num="45" count="264" type="cond" truecount="2" falsecount="0"/>
        <line num="46" count="263" type="stmt"/>
        <line num="48" count="264" type="cond" truecount="2" falsecount="0"/>
        <line num="49" count="263" type="stmt"/>
        <line num="51" count="264" type="cond" truecount="2" falsecount="0"/>
        <line num="52" count="167" type="stmt"/>
        <line num="54" count="97" type="stmt"/>
        <line num="57" count="264" type="stmt"/>
        <line num="60" count="264" type="stmt"/>
        <line num="61" count="264" type="stmt"/>
        <line num="62" count="264" type="cond" truecount="1" falsecount="1"/>
        <line num="63" count="264" type="stmt"/>
        <line num="69" count="0" type="stmt"/>
        <line num="75" count="264" type="stmt"/>
        <line num="78" count="23" type="stmt"/>
        <line num="79" count="264" type="cond" truecount="2" falsecount="0"/>
        <line num="82" count="23" type="stmt"/>
        <line num="83" count="11" type="cond" truecount="2" falsecount="0"/>
        <line num="84" count="1" type="stmt"/>
        <line num="86" count="10" type="stmt"/>
        <line num="89" count="23" type="stmt"/>
        <line num="92" count="2" type="cond" truecount="2" falsecount="0"/>
        <line num="93" count="1" type="stmt"/>
        <line num="96" count="1" type="cond" truecount="1" falsecount="1"/>
        <line num="97" count="1" type="stmt"/>
        <line num="100" count="0" type="stmt"/>
        <line num="101" count="0" type="stmt"/>
        <line num="105" count="0" type="cond" truecount="0" falsecount="2"/>
        <line num="106" count="0" type="stmt"/>
        <line num="111" count="0" type="stmt"/>
        <line num="113" count="0" type="stmt"/>
        <line num="114" count="0" type="stmt"/>
        <line num="118" count="23" type="stmt"/>
        <line num="122" count="10" type="cond" truecount="4" falsecount="0"/>
        <line num="123" count="1" type="stmt"/>
        <line num="127" count="9" type="cond" truecount="2" falsecount="0"/>
        <line num="128" count="1" type="stmt"/>
        <line num="131" count="8" type="stmt"/>
        <line num="132" count="8" type="stmt"/>
        <line num="133" count="8" type="stmt"/>
        <line num="134" count="8" type="stmt"/>
        <line num="135" count="8" type="stmt"/>
        <line num="136" count="8" type="stmt"/>
        <line num="138" count="6" type="cond" truecount="1" falsecount="1"/>
        <line num="139" count="6" type="stmt"/>
        <line num="144" count="6" type="cond" truecount="4" falsecount="0"/>
        <line num="145" count="2" type="stmt"/>
        <line num="146" count="2" type="cond" truecount="4" falsecount="0"/>
        <line num="147" count="2" type="stmt"/>
        <line num="149" count="4" type="cond" truecount="2" falsecount="0"/>
        <line num="150" count="1" type="stmt"/>
        <line num="152" count="4" type="stmt"/>
        <line num="155" count="2" type="stmt"/>
        <line num="156" count="2" type="cond" truecount="2" falsecount="0"/>
        <line num="157" count="1" type="stmt"/>
        <line num="159" count="2" type="stmt"/>
        <line num="164" count="23" type="stmt"/>
        <line num="165" count="7" type="cond" truecount="2" falsecount="0"/>
        <line num="166" count="1" type="stmt"/>
        <line num="170" count="6" type="cond" truecount="1" falsecount="1"/>
        <line num="171" count="0" type="stmt"/>
        <line num="173" count="5" type="cond" truecount="2" falsecount="0"/>
        <line num="174" count="2" type="stmt"/>
        <line num="176" count="5" type="stmt"/>
        <line num="177" count="5" type="cond" truecount="1" falsecount="1"/>
        <line num="178" count="0" type="stmt"/>
        <line num="180" count="5" type="cond" truecount="2" falsecount="0"/>
        <line num="181" count="1" type="stmt"/>
        <line num="183" count="5" type="cond" truecount="2" falsecount="0"/>
        <line num="184" count="1" type="stmt"/>
        <line num="186" count="5" type="cond" truecount="1" falsecount="1"/>
        <line num="187" count="0" type="stmt"/>
        <line num="189" count="5" type="stmt"/>
        <line num="196" count="23" type="stmt"/>
        <line num="197" count="0" type="stmt"/>
        <line num="202" count="0" type="stmt"/>
        <line num="204" count="23" type="stmt"/>
        <line num="206" count="23" type="stmt"/>
      </file>
    </package>
    <package name="src.models">
      <metrics statements="2051" coveredstatements="1879" conditionals="896" coveredconditionals="664" methods="501" coveredmethods="464"/>
      <file name="access-token.ts" path="/Users/kiranraju/Documents/NodeSDK/nylas-nodejs/src/models/access-token.ts">
        <metrics statements="12" coveredstatements="12" conditionals="2" coveredconditionals="2" methods="2" coveredmethods="2"/>
        <line num="1" count="23" type="stmt"/>
        <line num="2" count="23" type="stmt"/>
        <line num="12" count="23" type="stmt"/>
        <line num="14" count="4" type="stmt"/>
        <line num="15" count="4" type="stmt"/>
        <line num="16" count="4" type="stmt"/>
        <line num="17" count="4" type="stmt"/>
        <line num="18" count="4" type="stmt"/>
        <line num="19" count="23" type="stmt"/>
        <line num="42" count="4" type="cond" truecount="2" falsecount="0"/>
        <line num="43" count="4" type="stmt"/>
        <line num="45" count="23" type="stmt"/>
      </file>
      <file name="account.ts" path="/Users/kiranraju/Documents/NodeSDK/nylas-nodejs/src/models/account.ts">
        <metrics statements="16" coveredstatements="16" conditionals="2" coveredconditionals="1" methods="2" coveredmethods="2"/>
        <line num="1" count="27" type="stmt"/>
        <line num="2" count="27" type="stmt"/>
        <line num="16" count="27" type="stmt"/>
        <line num="17" count="3" type="stmt"/>
        <line num="18" count="3" type="stmt"/>
        <line num="19" count="3" type="stmt"/>
        <line num="20" count="3" type="stmt"/>
        <line num="21" count="3" type="stmt"/>
        <line num="22" count="3" type="stmt"/>
        <line num="23" count="3" type="stmt"/>
        <line num="25" count="27" type="stmt"/>
        <line num="26" count="27" type="stmt"/>
        <line num="27" count="27" type="stmt"/>
        <line num="69" count="3" type="cond" truecount="1" falsecount="1"/>
        <line num="70" count="3" type="stmt"/>
        <line num="72" count="27" type="stmt"/>
      </file>
      <file name="application-details.ts" path="/Users/kiranraju/Documents/NodeSDK/nylas-nodejs/src/models/application-details.ts">
        <metrics statements="10" coveredstatements="5" conditionals="2" coveredconditionals="0" methods="2" coveredmethods="1"/>
        <line num="1" count="23" type="stmt"/>
        <line num="2" count="23" type="stmt"/>
        <line num="10" count="23" type="stmt"/>
        <line num="12" count="0" type="stmt"/>
        <line num="13" count="0" type="stmt"/>
        <line num="14" count="0" type="stmt"/>
        <line num="15" count="23" type="stmt"/>
        <line num="31" count="0" type="cond" truecount="0" falsecount="2"/>
        <line num="32" count="0" type="stmt"/>
        <line num="34" count="23" type="stmt"/>
      </file>
      <file name="attributes.ts" path="/Users/kiranraju/Documents/NodeSDK/nylas-nodejs/src/models/attributes.ts">
        <metrics statements="192" coveredstatements="182" conditionals="79" coveredconditionals="66" methods="54" coveredmethods="54"/>
        <line num="10" count="183" type="cond" truecount="2" falsecount="0"/>
        <line num="13" count="28" type="stmt"/>
        <line num="19" count="10872" type="stmt"/>
        <line num="20" count="10872" type="stmt"/>
        <line num="21" count="10872" type="stmt"/>
        <line num="27" count="10872" type="stmt"/>
        <line num="28" count="10872" type="cond" truecount="2" falsecount="0"/>
        <line num="29" count="10872" type="cond" truecount="2" falsecount="0"/>
        <line num="35" count="28" type="stmt"/>
        <line num="36" count="1689" type="cond" truecount="2" falsecount="0"/>
        <line num="37" count="665" type="stmt"/>
        <line num="40" count="1024" type="stmt"/>
        <line num="42" count="28" type="stmt"/>
        <line num="44" count="28" type="stmt"/>
        <line num="48" count="855" type="stmt"/>
        <line num="49" count="855" type="stmt"/>
        <line num="50" count="855" type="stmt"/>
        <line num="51" count="855" type="stmt"/>
        <line num="58" count="855" type="cond" truecount="2" falsecount="0"/>
        <line num="59" count="855" type="stmt"/>
        <line num="62" count="28" type="stmt"/>
        <line num="63" count="258" type="cond" truecount="2" falsecount="0"/>
        <line num="64" count="212" type="stmt"/>
        <line num="66" count="46" type="cond" truecount="4" falsecount="0"/>
        <line num="67" count="35" type="stmt"/>
        <line num="68" count="11" type="cond" truecount="2" falsecount="0"/>
        <line num="69" count="1" type="stmt"/>
        <line num="71" count="10" type="stmt"/>
        <line num="74" count="28" type="stmt"/>
        <line num="75" count="81" type="cond" truecount="4" falsecount="0"/>
        <line num="76" count="31" type="stmt"/>
        <line num="79" count="50" type="cond" truecount="2" falsecount="0"/>
        <line num="80" count="2" type="stmt"/>
        <line num="82" count="48" type="stmt"/>
        <line num="85" count="28" type="stmt"/>
        <line num="86" count="243" type="cond" truecount="1" falsecount="1"/>
        <line num="87" count="0" type="stmt"/>
        <line num="89" count="243" type="stmt"/>
        <line num="91" count="28" type="stmt"/>
        <line num="93" count="28" type="stmt"/>
        <line num="94" count="28" type="stmt"/>
        <line num="95" count="163" type="stmt"/>
        <line num="97" count="28" type="stmt"/>
        <line num="98" count="102" type="cond" truecount="2" falsecount="0"/>
        <line num="99" count="101" type="stmt"/>
        <line num="101" count="1" type="stmt"/>
        <line num="104" count="28" type="stmt"/>
        <line num="106" count="28" type="stmt"/>
        <line num="107" count="28" type="stmt"/>
        <line num="108" count="2" type="stmt"/>
        <line num="110" count="28" type="stmt"/>
        <line num="111" count="2" type="cond" truecount="3" falsecount="1"/>
        <line num="112" count="0" type="stmt"/>
        <line num="114" count="2" type="stmt"/>
        <line num="115" count="2" type="stmt"/>
        <line num="116" count="2" type="cond" truecount="1" falsecount="1"/>
        <line num="117" count="2" type="stmt"/>
        <line num="120" count="2" type="stmt"/>
        <line num="122" count="28" type="stmt"/>
        <line num="124" count="28" type="stmt"/>
        <line num="125" count="28" type="stmt"/>
        <line num="126" count="123" type="stmt"/>
        <line num="128" count="28" type="stmt"/>
        <line num="129" count="52" type="cond" truecount="3" falsecount="0"/>
        <line num="131" count="28" type="stmt"/>
        <line num="133" count="28" type="stmt"/>
        <line num="134" count="28" type="stmt"/>
        <line num="135" count="789" type="stmt"/>
        <line num="137" count="28" type="stmt"/>
        <line num="138" count="1390" type="cond" truecount="2" falsecount="0"/>
        <line num="140" count="28" type="stmt"/>
        <line num="142" count="28" type="stmt"/>
        <line num="143" count="28" type="stmt"/>
        <line num="144" count="54" type="stmt"/>
        <line num="146" count="28" type="stmt"/>
        <line num="147" count="45" type="cond" truecount="1" falsecount="1"/>
        <line num="149" count="28" type="stmt"/>
        <line num="151" count="28" type="stmt"/>
        <line num="152" count="28" type="stmt"/>
        <line num="153" count="6" type="cond" truecount="1" falsecount="1"/>
        <line num="154" count="6" type="stmt"/>
        <line num="156" count="0" type="cond" truecount="0" falsecount="2"/>
        <line num="157" count="0" type="stmt"/>
        <line num="163" count="0" type="stmt"/>
        <line num="166" count="28" type="stmt"/>
        <line num="167" count="8" type="cond" truecount="1" falsecount="1"/>
        <line num="168" count="0" type="stmt"/>
        <line num="170" count="8" type="stmt"/>
        <line num="172" count="28" type="stmt"/>
        <line num="174" count="28" type="stmt"/>
        <line num="175" count="28" type="stmt"/>
        <line num="176" count="29" type="cond" truecount="2" falsecount="0"/>
        <line num="177" count="26" type="stmt"/>
        <line num="179" count="3" type="cond" truecount="1" falsecount="1"/>
        <line num="180" count="0" type="stmt"/>
        <line num="186" count="3" type="stmt"/>
        <line num="189" count="28" type="stmt"/>
        <line num="190" count="67" type="cond" truecount="2" falsecount="0"/>
        <line num="191" count="3" type="stmt"/>
        <line num="193" count="64" type="stmt"/>
        <line num="195" count="28" type="stmt"/>
        <line num="197" count="28" type="stmt"/>
        <line num="201" count="813" type="stmt"/>
        <line num="202" count="813" type="stmt"/>
        <line num="203" count="813" type="stmt"/>
        <line num="204" count="813" type="stmt"/>
        <line num="211" count="813" type="cond" truecount="2" falsecount="0"/>
        <line num="212" count="813" type="stmt"/>
        <line num="215" count="28" type="stmt"/>
        <line num="216" count="287" type="cond" truecount="2" falsecount="0"/>
        <line num="217" count="241" type="stmt"/>
        <line num="219" count="46" type="stmt"/>
        <line num="220" count="92" type="stmt"/>
        <line num="221" count="30" type="cond" truecount="4" falsecount="0"/>
        <line num="222" count="27" type="stmt"/>
        <line num="223" count="3" type="cond" truecount="1" falsecount="1"/>
        <line num="224" count="3" type="stmt"/>
        <line num="226" count="0" type="stmt"/>
        <line num="229" count="46" type="stmt"/>
        <line num="232" count="28" type="stmt"/>
        <line num="233" count="160" type="cond" truecount="3" falsecount="1"/>
        <line num="234" count="0" type="stmt"/>
        <line num="236" count="160" type="stmt"/>
        <line num="237" count="320" type="stmt"/>
        <line num="238" count="133" type="stmt"/>
        <line num="239" count="133" type="cond" truecount="2" falsecount="0"/>
        <line num="240" count="14" type="stmt"/>
        <line num="242" count="119" type="stmt"/>
        <line num="244" count="133" type="stmt"/>
        <line num="246" count="160" type="stmt"/>
        <line num="249" count="28" type="stmt"/>
        <line num="250" count="286" type="cond" truecount="2" falsecount="0"/>
        <line num="251" count="23" type="stmt"/>
        <line num="253" count="263" type="stmt"/>
        <line num="255" count="28" type="stmt"/>
        <line num="257" count="28" type="stmt"/>
        <line num="261" count="23" type="stmt"/>
        <line num="262" count="23" type="stmt"/>
        <line num="263" count="23" type="stmt"/>
        <line num="264" count="23" type="stmt"/>
        <line num="271" count="23" type="cond" truecount="2" falsecount="0"/>
        <line num="272" count="23" type="stmt"/>
        <line num="275" count="28" type="stmt"/>
        <line num="276" count="1" type="stmt"/>
        <line num="279" count="28" type="stmt"/>
        <line num="280" count="1" type="cond" truecount="1" falsecount="1"/>
        <line num="281" count="1" type="stmt"/>
        <line num="283" count="0" type="stmt"/>
        <line num="285" count="28" type="stmt"/>
        <line num="287" count="28" type="stmt"/>
        <line num="291" count="46" type="stmt"/>
        <line num="292" count="46" type="stmt"/>
        <line num="293" count="46" type="stmt"/>
        <line num="294" count="46" type="stmt"/>
        <line num="301" count="46" type="cond" truecount="2" falsecount="0"/>
        <line num="302" count="46" type="stmt"/>
        <line num="305" count="28" type="stmt"/>
        <line num="306" count="1" type="stmt"/>
        <line num="307" count="4" type="stmt"/>
        <line num="308" count="4" type="stmt"/>
        <line num="310" count="1" type="stmt"/>
        <line num="313" count="28" type="stmt"/>
        <line num="314" count="1" type="stmt"/>
        <line num="315" count="4" type="stmt"/>
        <line num="316" count="4" type="cond" truecount="1" falsecount="1"/>
        <line num="317" count="4" type="stmt"/>
        <line num="320" count="1" type="stmt"/>
        <line num="322" count="28" type="stmt"/>
        <line num="324" count="28" type="stmt"/>
        <line num="326" count="2331" type="stmt"/>
        <line num="328" count="777" type="stmt"/>
        <line num="331" count="81" type="stmt"/>
        <line num="333" count="27" type="stmt"/>
        <line num="336" count="18621" type="stmt"/>
        <line num="338" count="6207" type="stmt"/>
        <line num="341" count="2073" type="stmt"/>
        <line num="343" count="691" type="stmt"/>
        <line num="346" count="1470" type="stmt"/>
        <line num="348" count="490" type="stmt"/>
        <line num="350" count="324" type="stmt"/>
        <line num="351" count="108" type="stmt"/>
        <line num="354" count="2439" type="stmt"/>
        <line num="356" count="813" type="stmt"/>
        <line num="359" count="2505" type="stmt"/>
        <line num="361" count="835" type="stmt"/>
        <line num="364" count="2565" type="stmt"/>
        <line num="366" count="855" type="stmt"/>
        <line num="368" count="69" type="stmt"/>
        <line num="369" count="23" type="stmt"/>
        <line num="372" count="138" type="stmt"/>
        <line num="374" count="46" type="stmt"/>
        <line num="377" count="28" type="stmt"/>
      </file>
      <file name="calendar-availability.ts" path="/Users/kiranraju/Documents/NodeSDK/nylas-nodejs/src/models/calendar-availability.ts">
        <metrics statements="40" coveredstatements="40" conditionals="10" coveredconditionals="10" methods="8" coveredmethods="8"/>
        <line num="1" count="27" type="stmt"/>
        <line num="2" count="27" type="stmt"/>
        <line num="3" count="27" type="stmt"/>
        <line num="10" count="27" type="cond" truecount="2" falsecount="0"/>
        <line num="11" count="27" type="stmt"/>
        <line num="12" count="27" type="stmt"/>
        <line num="15" count="27" type="cond" truecount="2" falsecount="0"/>
        <line num="16" count="27" type="stmt"/>
        <line num="17" count="27" type="stmt"/>
        <line num="18" count="27" type="stmt"/>
        <line num="19" count="27" type="stmt"/>
        <line num="20" count="27" type="stmt"/>
        <line num="21" count="27" type="stmt"/>
        <line num="22" count="27" type="stmt"/>
        <line num="55" count="27" type="stmt"/>
        <line num="56" count="2" type="stmt"/>
        <line num="57" count="2" type="stmt"/>
        <line num="58" count="2" type="stmt"/>
        <line num="59" count="2" type="stmt"/>
        <line num="60" count="2" type="stmt"/>
        <line num="61" count="2" type="stmt"/>
        <line num="62" count="27" type="stmt"/>
        <line num="85" count="2" type="cond" truecount="2" falsecount="0"/>
        <line num="86" count="2" type="stmt"/>
        <line num="88" count="27" type="stmt"/>
        <line num="96" count="27" type="stmt"/>
        <line num="98" count="1" type="stmt"/>
        <line num="99" count="1" type="stmt"/>
        <line num="100" count="1" type="stmt"/>
        <line num="101" count="27" type="stmt"/>
        <line num="116" count="1" type="cond" truecount="2" falsecount="0"/>
        <line num="117" count="1" type="stmt"/>
        <line num="119" count="27" type="stmt"/>
        <line num="126" count="27" type="stmt"/>
        <line num="128" count="1" type="stmt"/>
        <line num="129" count="1" type="stmt"/>
        <line num="131" count="27" type="stmt"/>
        <line num="143" count="1" type="cond" truecount="2" falsecount="0"/>
        <line num="144" count="1" type="stmt"/>
        <line num="146" count="27" type="stmt"/>
      </file>
      <file name="calendar-restful-model-collection.ts" path="/Users/kiranraju/Documents/NodeSDK/nylas-nodejs/src/models/calendar-restful-model-collection.ts">
        <metrics statements="62" coveredstatements="50" conditionals="40" coveredconditionals="22" methods="19" coveredmethods="16"/>
        <line num="1" count="27" type="stmt"/>
        <line num="3" count="27" type="stmt"/>
        <line num="4" count="27" type="stmt"/>
        <line num="5" count="27" type="stmt"/>
        <line num="12" count="27" type="stmt"/>
        <line num="19" count="524" type="cond" truecount="1" falsecount="1"/>
        <line num="20" count="524" type="stmt"/>
        <line num="21" count="524" type="stmt"/>
        <line num="24" count="27" type="stmt"/>
        <line num="28" count="2" type="stmt"/>
        <line num="30" count="1" type="stmt"/>
        <line num="31" count="1" type="cond" truecount="1" falsecount="1"/>
        <line num="34" count="1" type="stmt"/>
        <line num="46" count="1" type="cond" truecount="1" falsecount="1"/>
        <line num="47" count="0" type="stmt"/>
        <line num="49" count="1" type="stmt"/>
        <line num="50" count="2" type="stmt"/>
        <line num="51" count="1" type="stmt"/>
        <line num="53" count="1" type="stmt"/>
        <line num="56" count="0" type="cond" truecount="0" falsecount="2"/>
        <line num="57" count="0" type="stmt"/>
        <line num="59" count="0" type="stmt"/>
        <line num="63" count="27" type="stmt"/>
        <line num="67" count="2" type="stmt"/>
        <line num="69" count="1" type="stmt"/>
        <line num="80" count="1" type="cond" truecount="1" falsecount="1"/>
        <line num="81" count="0" type="stmt"/>
        <line num="83" count="1" type="stmt"/>
        <line num="86" count="0" type="cond" truecount="0" falsecount="2"/>
        <line num="87" count="0" type="stmt"/>
        <line num="89" count="0" type="stmt"/>
        <line num="93" count="27" type="stmt"/>
        <line num="97" count="3" type="stmt"/>
        <line num="99" count="2" type="cond" truecount="1" falsecount="1"/>
        <line num="102" count="2" type="stmt"/>
        <line num="103" count="2" type="cond" truecount="1" falsecount="1"/>
        <line num="105" count="2" type="cond" truecount="1" falsecount="1"/>
        <line num="106" count="2" type="stmt"/>
        <line num="107" count="4" type="stmt"/>
        <line num="108" count="4" type="cond" truecount="2" falsecount="0"/>
        <line num="109" count="5" type="cond" truecount="2" falsecount="0"/>
        <line num="112" count="1" type="stmt"/>
        <line num="121" count="1" type="stmt"/>
        <line num="128" count="1" type="cond" truecount="1" falsecount="1"/>
        <line num="129" count="0" type="stmt"/>
        <line num="131" count="1" type="stmt"/>
        <line num="136" count="0" type="cond" truecount="0" falsecount="2"/>
        <line num="137" count="0" type="stmt"/>
        <line num="139" count="0" type="stmt"/>
        <line num="143" count="27" type="stmt"/>
        <line num="147" count="2" type="stmt"/>
        <line num="148" count="1" type="cond" truecount="2" falsecount="0"/>
        <line num="150" count="2" type="stmt"/>
        <line num="151" count="2" type="cond" truecount="1" falsecount="1"/>
        <line num="153" count="2" type="stmt"/>
        <line num="154" count="2" type="cond" truecount="1" falsecount="1"/>
        <line num="157" count="2" type="stmt"/>
        <line num="172" count="27" type="stmt"/>
        <line num="178" count="7" type="cond" truecount="2" falsecount="0"/>
        <line num="182" count="3" type="stmt"/>
        <line num="184" count="4" type="stmt"/>
        <line num="186" count="27" type="stmt"/>
      </file>
      <file name="calendar.ts" path="/Users/kiranraju/Documents/NodeSDK/nylas-nodejs/src/models/calendar.ts">
        <metrics statements="24" coveredstatements="23" conditionals="8" coveredconditionals="5" methods="5" coveredmethods="5"/>
        <line num="1" count="27" type="stmt"/>
        <line num="3" count="27" type="stmt"/>
        <line num="18" count="27" type="stmt"/>
        <line num="20" count="8" type="stmt"/>
        <line num="21" count="8" type="stmt"/>
        <line num="22" count="8" type="stmt"/>
        <line num="23" count="8" type="stmt"/>
        <line num="28" count="27" type="stmt"/>
        <line num="29" count="27" type="stmt"/>
        <line num="64" count="8" type="cond" truecount="1" falsecount="1"/>
        <line num="65" count="8" type="stmt"/>
        <line num="68" count="27" type="cond" truecount="1" falsecount="1"/>
        <line num="69" count="2" type="stmt"/>
        <line num="72" count="27" type="stmt"/>
        <line num="73" count="2" type="stmt"/>
        <line num="74" count="2" type="stmt"/>
        <line num="83" count="27" type="stmt"/>
        <line num="84" count="2" type="cond" truecount="2" falsecount="0"/>
        <line num="85" count="1" type="stmt"/>
        <line num="86" count="1" type="cond" truecount="1" falsecount="1"/>
        <line num="87" count="0" type="stmt"/>
        <line num="89" count="1" type="stmt"/>
        <line num="91" count="1" type="stmt"/>
        <line num="93" count="27" type="stmt"/>
      </file>
      <file name="component-restful-model-collection.ts" path="/Users/kiranraju/Documents/NodeSDK/nylas-nodejs/src/models/component-restful-model-collection.ts">
        <metrics statements="9" coveredstatements="9" conditionals="2" coveredconditionals="1" methods="3" coveredmethods="3"/>
        <line num="1" count="27" type="stmt"/>
        <line num="3" count="27" type="stmt"/>
        <line num="5" count="27" type="stmt"/>
        <line num="12" count="524" type="cond" truecount="1" falsecount="1"/>
        <line num="13" count="524" type="stmt"/>
        <line num="14" count="524" type="stmt"/>
        <line num="17" count="27" type="stmt"/>
        <line num="18" count="3" type="stmt"/>
        <line num="20" count="27" type="stmt"/>
      </file>
      <file name="component.ts" path="/Users/kiranraju/Documents/NodeSDK/nylas-nodejs/src/models/component.ts">
        <metrics statements="19" coveredstatements="19" conditionals="6" coveredconditionals="4" methods="5" coveredmethods="5"/>
        <line num="1" count="27" type="stmt"/>
        <line num="2" count="27" type="stmt"/>
        <line num="20" count="27" type="stmt"/>
        <line num="34" count="27" type="stmt"/>
        <line num="35" count="27" type="stmt"/>
        <line num="83" count="9" type="cond" truecount="1" falsecount="1"/>
        <line num="84" count="9" type="stmt"/>
        <line num="87" count="27" type="stmt"/>
        <line num="88" count="3" type="stmt"/>
        <line num="91" count="27" type="cond" truecount="1" falsecount="1"/>
        <line num="92" count="3" type="stmt"/>
        <line num="95" count="27" type="stmt"/>
        <line num="96" count="3" type="stmt"/>
        <line num="97" count="3" type="cond" truecount="2" falsecount="0"/>
        <line num="99" count="2" type="stmt"/>
        <line num="100" count="2" type="stmt"/>
        <line num="101" count="2" type="stmt"/>
        <line num="103" count="3" type="stmt"/>
        <line num="105" count="27" type="stmt"/>
      </file>
      <file name="connect.ts" path="/Users/kiranraju/Documents/NodeSDK/nylas-nodejs/src/models/connect.ts">
        <metrics statements="76" coveredstatements="64" conditionals="22" coveredconditionals="15" methods="14" coveredmethods="12"/>
        <line num="2" count="23" type="stmt"/>
        <line num="3" count="23" type="stmt"/>
        <line num="4" count="23" type="stmt"/>
        <line num="6" count="23" type="cond" truecount="2" falsecount="0"/>
        <line num="7" count="23" type="stmt"/>
        <line num="8" count="23" type="stmt"/>
        <line num="9" count="23" type="stmt"/>
        <line num="10" count="23" type="stmt"/>
        <line num="11" count="23" type="stmt"/>
        <line num="12" count="23" type="stmt"/>
        <line num="13" count="23" type="stmt"/>
        <line num="14" count="23" type="stmt"/>
        <line num="15" count="23" type="stmt"/>
        <line num="16" count="23" type="stmt"/>
        <line num="17" count="23" type="stmt"/>
        <line num="18" count="23" type="stmt"/>
        <line num="27" count="23" type="stmt"/>
        <line num="29" count="0" type="stmt"/>
        <line num="30" count="0" type="stmt"/>
        <line num="31" count="0" type="stmt"/>
        <line num="33" count="0" type="stmt"/>
        <line num="35" count="23" type="stmt"/>
        <line num="60" count="0" type="cond" truecount="0" falsecount="2"/>
        <line num="61" count="0" type="stmt"/>
        <line num="62" count="0" type="stmt"/>
        <line num="64" count="23" type="stmt"/>
        <line num="66" count="23" type="cond" truecount="2" falsecount="0"/>
        <line num="67" count="23" type="stmt"/>
        <line num="68" count="23" type="stmt"/>
        <line num="69" count="23" type="stmt"/>
        <line num="70" count="23" type="stmt"/>
        <line num="71" count="23" type="stmt"/>
        <line num="72" count="23" type="stmt"/>
        <line num="73" count="23" type="stmt"/>
        <line num="74" count="23" type="stmt"/>
        <line num="75" count="23" type="stmt"/>
        <line num="88" count="23" type="stmt"/>
        <line num="90" count="1" type="stmt"/>
        <line num="91" count="1" type="stmt"/>
        <line num="92" count="1" type="stmt"/>
        <line num="93" count="1" type="stmt"/>
        <line num="94" count="1" type="stmt"/>
        <line num="96" count="23" type="stmt"/>
        <line num="122" count="1" type="cond" truecount="2" falsecount="0"/>
        <line num="123" count="1" type="stmt"/>
        <line num="126" count="23" type="stmt"/>
        <line num="127" count="1" type="stmt"/>
        <line num="128" count="1" type="stmt"/>
        <line num="129" count="1" type="stmt"/>
        <line num="132" count="23" type="stmt"/>
        <line num="133" count="0" type="cond" truecount="0" falsecount="2"/>
        <line num="134" count="0" type="stmt"/>
        <line num="136" count="0" type="stmt"/>
        <line num="138" count="23" type="stmt"/>
        <line num="140" count="23" type="stmt"/>
        <line num="150" count="264" type="stmt"/>
        <line num="151" count="264" type="stmt"/>
        <line num="152" count="264" type="stmt"/>
        <line num="155" count="23" type="stmt"/>
        <line num="159" count="2" type="cond" truecount="2" falsecount="0"/>
        <line num="160" count="1" type="stmt"/>
        <line num="166" count="1" type="cond" truecount="1" falsecount="1"/>
        <line num="167" count="1" type="stmt"/>
        <line num="169" count="1" type="cond" truecount="3" falsecount="1"/>
        <line num="170" count="1" type="stmt"/>
        <line num="174" count="0" type="stmt"/>
        <line num="177" count="1" type="stmt"/>
        <line num="184" count="1" type="stmt"/>
        <line num="188" count="23" type="stmt"/>
        <line num="190" count="2" type="cond" truecount="2" falsecount="0"/>
        <line num="191" count="1" type="stmt"/>
        <line num="195" count="1" type="cond" truecount="1" falsecount="1"/>
        <line num="196" count="0" type="stmt"/>
        <line num="200" count="1" type="stmt"/>
        <line num="211" count="1" type="stmt"/>
        <line num="214" count="23" type="stmt"/>
      </file>
      <file name="contact-restful-model-collection.ts" path="/Users/kiranraju/Documents/NodeSDK/nylas-nodejs/src/models/contact-restful-model-collection.ts">
        <metrics statements="17" coveredstatements="14" conditionals="6" coveredconditionals="3" methods="6" coveredmethods="5"/>
        <line num="1" count="27" type="stmt"/>
        <line num="3" count="27" type="stmt"/>
        <line num="5" count="27" type="stmt"/>
        <line num="12" count="524" type="cond" truecount="1" falsecount="1"/>
        <line num="13" count="524" type="stmt"/>
        <line num="14" count="524" type="stmt"/>
        <line num="17" count="27" type="stmt"/>
        <line num="20" count="3" type="stmt"/>
        <line num="26" count="3" type="stmt"/>
        <line num="27" count="3" type="stmt"/>
        <line num="29" count="3" type="cond" truecount="2" falsecount="0"/>
        <line num="30" count="1" type="stmt"/>
        <line num="32" count="3" type="stmt"/>
        <line num="35" count="0" type="cond" truecount="0" falsecount="2"/>
        <line num="36" count="0" type="stmt"/>
        <line num="38" count="0" type="stmt"/>
        <line num="41" count="27" type="stmt"/>
      </file>
      <file name="contact.ts" path="/Users/kiranraju/Documents/NodeSDK/nylas-nodejs/src/models/contact.ts">
        <metrics statements="72" coveredstatements="71" conditionals="20" coveredconditionals="17" methods="17" coveredmethods="17"/>
        <line num="1" count="27" type="stmt"/>
        <line num="2" count="27" type="stmt"/>
        <line num="3" count="27" type="stmt"/>
        <line num="11" count="27" type="stmt"/>
        <line num="12" count="3" type="stmt"/>
        <line num="13" count="3" type="stmt"/>
        <line num="14" count="27" type="stmt"/>
        <line num="24" count="3" type="cond" truecount="2" falsecount="0"/>
        <line num="25" count="3" type="stmt"/>
        <line num="27" count="27" type="stmt"/>
        <line num="34" count="27" type="stmt"/>
        <line num="35" count="2" type="stmt"/>
        <line num="36" count="2" type="stmt"/>
        <line num="37" count="27" type="stmt"/>
        <line num="48" count="2" type="cond" truecount="2" falsecount="0"/>
        <line num="49" count="2" type="stmt"/>
        <line num="51" count="27" type="stmt"/>
        <line num="64" count="27" type="stmt"/>
        <line num="66" count="2" type="stmt"/>
        <line num="67" count="2" type="stmt"/>
        <line num="68" count="2" type="stmt"/>
        <line num="69" count="2" type="stmt"/>
        <line num="70" count="2" type="stmt"/>
        <line num="71" count="2" type="stmt"/>
        <line num="72" count="2" type="stmt"/>
        <line num="73" count="2" type="stmt"/>
        <line num="74" count="27" type="stmt"/>
        <line num="104" count="2" type="cond" truecount="2" falsecount="0"/>
        <line num="105" count="2" type="stmt"/>
        <line num="108" count="27" type="stmt"/>
        <line num="109" count="3" type="stmt"/>
        <line num="113" count="3" type="cond" truecount="1" falsecount="1"/>
        <line num="114" count="0" type="stmt"/>
        <line num="116" count="3" type="stmt"/>
        <line num="117" count="3" type="stmt"/>
        <line num="118" count="3" type="stmt"/>
        <line num="119" count="3" type="stmt"/>
        <line num="120" count="3" type="stmt"/>
        <line num="122" count="3" type="stmt"/>
        <line num="124" count="27" type="stmt"/>
        <line num="131" count="27" type="stmt"/>
        <line num="132" count="3" type="stmt"/>
        <line num="133" count="3" type="stmt"/>
        <line num="134" count="27" type="stmt"/>
        <line num="144" count="3" type="cond" truecount="2" falsecount="0"/>
        <line num="145" count="3" type="stmt"/>
        <line num="147" count="27" type="stmt"/>
        <line num="154" count="27" type="stmt"/>
        <line num="155" count="3" type="stmt"/>
        <line num="156" count="3" type="stmt"/>
        <line num="157" count="27" type="stmt"/>
        <line num="167" count="3" type="cond" truecount="2" falsecount="0"/>
        <line num="168" count="3" type="stmt"/>
        <line num="170" count="27" type="stmt"/>
        <line num="180" count="27" type="stmt"/>
        <line num="181" count="5" type="stmt"/>
        <line num="182" count="5" type="stmt"/>
        <line num="186" count="27" type="stmt"/>
        <line num="209" count="5" type="cond" truecount="2" falsecount="0"/>
        <line num="210" count="5" type="stmt"/>
        <line num="212" count="27" type="stmt"/>
        <line num="235" count="27" type="stmt"/>
        <line num="255" count="27" type="stmt"/>
        <line num="256" count="27" type="stmt"/>
        <line num="341" count="11" type="cond" truecount="1" falsecount="1"/>
        <line num="342" count="11" type="stmt"/>
        <line num="345" count="27" type="stmt"/>
        <line num="346" count="2" type="cond" truecount="1" falsecount="1"/>
        <line num="349" count="1" type="stmt"/>
        <line num="352" count="27" type="cond" truecount="2" falsecount="0"/>
        <line num="353" count="6" type="stmt"/>
        <line num="355" count="27" type="stmt"/>
      </file>
      <file name="delta-collection.ts" path="/Users/kiranraju/Documents/NodeSDK/nylas-nodejs/src/models/delta-collection.ts">
        <metrics statements="32" coveredstatements="27" conditionals="24" coveredconditionals="16" methods="11" coveredmethods="9"/>
        <line num="2" count="27" type="stmt"/>
        <line num="4" count="27" type="stmt"/>
        <line num="10" count="27" type="stmt"/>
        <line num="12" count="533" type="stmt"/>
        <line num="15" count="533" type="stmt"/>
        <line num="18" count="27" type="stmt"/>
        <line num="21" count="2" type="stmt"/>
        <line num="26" count="2" type="stmt"/>
        <line num="29" count="1" type="cond" truecount="1" falsecount="1"/>
        <line num="30" count="1" type="stmt"/>
        <line num="32" count="1" type="stmt"/>
        <line num="35" count="1" type="cond" truecount="1" falsecount="1"/>
        <line num="36" count="1" type="stmt"/>
        <line num="38" count="1" type="stmt"/>
        <line num="42" count="27" type="stmt"/>
        <line num="43" count="1" type="stmt"/>
        <line num="44" count="1" type="stmt"/>
        <line num="54" count="1" type="stmt"/>
        <line num="57" count="0" type="stmt"/>
        <line num="61" count="27" type="stmt"/>
        <line num="66" count="0" type="stmt"/>
        <line num="67" count="0" type="stmt"/>
        <line num="73" count="0" type="stmt"/>
        <line num="74" count="0" type="stmt"/>
        <line num="77" count="27" type="stmt"/>
        <line num="79" count="9" type="cond" truecount="2" falsecount="0"/>
        <line num="81" count="5" type="stmt"/>
        <line num="82" count="10" type="stmt"/>
        <line num="83" count="5" type="stmt"/>
        <line num="86" count="27" type="stmt"/>
        <line num="87" count="1" type="stmt"/>
        <line num="95" count="27" type="stmt"/>
      </file>
      <file name="delta-stream.ts" path="/Users/kiranraju/Documents/NodeSDK/nylas-nodejs/src/models/delta-stream.ts">
        <metrics statements="80" coveredstatements="61" conditionals="28" coveredconditionals="18" methods="13" coveredmethods="8"/>
        <line num="10" count="27" type="stmt"/>
        <line num="11" count="27" type="stmt"/>
        <line num="12" count="27" type="stmt"/>
        <line num="13" count="27" type="stmt"/>
        <line num="14" count="27" type="stmt"/>
        <line num="15" count="27" type="stmt"/>
        <line num="16" count="27" type="stmt"/>
        <line num="17" count="27" type="stmt"/>
        <line num="19" count="27" type="stmt"/>
        <line num="22" count="27" type="stmt"/>
        <line num="32" count="5" type="stmt"/>
        <line num="48" count="5" type="cond" truecount="1" falsecount="1"/>
        <line num="50" count="5" type="cond" truecount="2" falsecount="0"/>
        <line num="51" count="5" type="stmt"/>
        <line num="52" count="5" type="stmt"/>
        <line num="53" count="5" type="stmt"/>
        <line num="54" count="5" type="stmt"/>
        <line num="55" count="5" type="stmt"/>
        <line num="56" count="5" type="cond" truecount="1" falsecount="1"/>
        <line num="57" count="0" type="stmt"/>
        <line num="59" count="5" type="stmt"/>
        <line num="60" count="5" type="stmt"/>
        <line num="63" count="0" type="stmt"/>
        <line num="72" count="27" type="stmt"/>
        <line num="73" count="13" type="stmt"/>
        <line num="74" count="13" type="stmt"/>
        <line num="75" count="13" type="stmt"/>
        <line num="76" count="13" type="cond" truecount="2" falsecount="0"/>
        <line num="77" count="6" type="stmt"/>
        <line num="79" count="13" type="stmt"/>
        <line num="82" count="27" type="stmt"/>
        <line num="83" count="7" type="stmt"/>
        <line num="84" count="7" type="cond" truecount="4" falsecount="0"/>
        <line num="86" count="7" type="stmt"/>
        <line num="90" count="7" type="cond" truecount="2" falsecount="0"/>
        <line num="91" count="2" type="stmt"/>
        <line num="93" count="7" type="cond" truecount="2" falsecount="0"/>
        <line num="94" count="2" type="stmt"/>
        <line num="97" count="7" type="stmt"/>
        <line num="103" count="7" type="stmt"/>
        <line num="104" count="7" type="stmt"/>
        <line num="108" count="7" type="stmt"/>
        <line num="109" count="7" type="cond" truecount="1" falsecount="1"/>
        <line num="110" count="0" type="stmt"/>
        <line num="111" count="0" type="stmt"/>
        <line num="112" count="0" type="stmt"/>
        <line num="113" count="0" type="stmt"/>
        <line num="118" count="0" type="stmt"/>
        <line num="120" count="0" type="stmt"/>
        <line num="123" count="7" type="stmt"/>
        <line num="124" count="7" type="stmt"/>
        <line num="125" count="7" type="stmt"/>
        <line num="132" count="3" type="cond" truecount="1" falsecount="1"/>
        <line num="133" count="0" type="stmt"/>
        <line num="135" count="3" type="cond" truecount="1" falsecount="1"/>
        <line num="136" count="3" type="stmt"/>
        <line num="138" count="3" type="stmt"/>
        <line num="142" count="0" type="stmt"/>
        <line num="146" count="27" type="stmt"/>
        <line num="151" count="13" type="stmt"/>
        <line num="152" count="13" type="stmt"/>
        <line num="153" count="13" type="stmt"/>
        <line num="159" count="27" type="stmt"/>
        <line num="160" count="0" type="stmt"/>
        <line num="161" count="0" type="stmt"/>
        <line num="164" count="27" type="stmt"/>
        <line num="165" count="2" type="stmt"/>
        <line num="171" count="2" type="stmt"/>
        <line num="172" count="2" type="stmt"/>
        <line num="174" count="27" type="stmt"/>
        <line num="176" count="27" type="stmt"/>
        <line num="181" count="0" type="cond" truecount="0" falsecount="2"/>
        <line num="183" count="0" type="cond" truecount="0" falsecount="2"/>
        <line num="184" count="0" type="stmt"/>
        <line num="185" count="0" type="stmt"/>
        <line num="186" count="0" type="stmt"/>
        <line num="187" count="0" type="stmt"/>
        <line num="190" count="27" type="stmt"/>
        <line num="194" count="0" type="stmt"/>
        <line num="196" count="27" type="stmt"/>
      </file>
      <file name="delta.ts" path="/Users/kiranraju/Documents/NodeSDK/nylas-nodejs/src/models/delta.ts">
        <metrics statements="28" coveredstatements="27" conditionals="10" coveredconditionals="6" methods="3" coveredmethods="3"/>
        <line num="2" count="27" type="stmt"/>
        <line num="3" count="27" type="stmt"/>
        <line num="4" count="27" type="stmt"/>
        <line num="5" count="27" type="stmt"/>
        <line num="6" count="27" type="stmt"/>
        <line num="7" count="27" type="stmt"/>
        <line num="8" count="27" type="stmt"/>
        <line num="9" count="27" type="stmt"/>
        <line num="10" count="27" type="stmt"/>
        <line num="12" count="27" type="stmt"/>
        <line num="38" count="27" type="stmt"/>
        <line num="39" count="9" type="stmt"/>
        <line num="40" count="9" type="stmt"/>
        <line num="41" count="9" type="stmt"/>
        <line num="42" count="9" type="stmt"/>
        <line num="45" count="27" type="stmt"/>
        <line num="46" count="27" type="stmt"/>
        <line num="66" count="9" type="cond" truecount="1" falsecount="1"/>
        <line num="67" count="9" type="stmt"/>
        <line num="68" count="9" type="stmt"/>
        <line num="69" count="9" type="cond" truecount="2" falsecount="2"/>
        <line num="70" count="0" type="stmt"/>
        <line num="77" count="27" type="stmt"/>
        <line num="78" count="9" type="stmt"/>
        <line num="79" count="9" type="cond" truecount="3" falsecount="1"/>
        <line num="80" count="9" type="stmt"/>
        <line num="84" count="9" type="stmt"/>
        <line num="86" count="27" type="stmt"/>
      </file>
      <file name="deltas.ts" path="/Users/kiranraju/Documents/NodeSDK/nylas-nodejs/src/models/deltas.ts">
        <metrics statements="12" coveredstatements="12" conditionals="2" coveredconditionals="2" methods="2" coveredmethods="2"/>
        <line num="1" count="27" type="stmt"/>
        <line num="3" count="27" type="stmt"/>
        <line num="4" count="27" type="stmt"/>
        <line num="12" count="27" type="stmt"/>
        <line num="13" count="2" type="stmt"/>
        <line num="14" count="2" type="stmt"/>
        <line num="15" count="2" type="stmt"/>
        <line num="17" count="27" type="stmt"/>
        <line num="33" count="2" type="cond" truecount="2" falsecount="0"/>
        <line num="34" count="2" type="stmt"/>
        <line num="35" count="2" type="stmt"/>
        <line num="37" count="27" type="stmt"/>
      </file>
      <file name="draft.ts" path="/Users/kiranraju/Documents/NodeSDK/nylas-nodejs/src/models/draft.ts">
        <metrics statements="67" coveredstatements="58" conditionals="42" coveredconditionals="32" methods="11" coveredmethods="10"/>
        <line num="1" count="27" type="stmt"/>
        <line num="2" count="27" type="stmt"/>
        <line num="18" count="27" type="stmt"/>
        <line num="23" count="27" type="stmt"/>
        <line num="24" count="27" type="stmt"/>
        <line num="44" count="47" type="cond" truecount="1" falsecount="1"/>
        <line num="45" count="47" type="stmt"/>
        <line num="48" count="27" type="stmt"/>
        <line num="49" count="23" type="stmt"/>
        <line num="50" count="23" type="cond" truecount="2" falsecount="0"/>
        <line num="51" count="4" type="stmt"/>
        <line num="53" count="23" type="stmt"/>
        <line num="56" count="27" type="stmt"/>
        <line num="57" count="23" type="cond" truecount="1" falsecount="1"/>
        <line num="58" count="0" type="stmt"/>
        <line num="60" count="23" type="stmt"/>
        <line num="61" count="23" type="stmt"/>
        <line num="63" count="23" type="stmt"/>
        <line num="66" count="27" type="cond" truecount="2" falsecount="0"/>
        <line num="67" count="11" type="cond" truecount="1" falsecount="1"/>
        <line num="68" count="0" type="stmt"/>
        <line num="69" count="0" type="cond" truecount="0" falsecount="2"/>
        <line num="70" count="0" type="stmt"/>
        <line num="72" count="0" type="stmt"/>
        <line num="74" count="11" type="stmt"/>
        <line num="77" count="27" type="stmt"/>
        <line num="78" count="23" type="cond" truecount="1" falsecount="1"/>
        <line num="79" count="0" type="stmt"/>
        <line num="81" count="23" type="stmt"/>
        <line num="84" count="27" type="stmt"/>
        <line num="85" count="5" type="cond" truecount="1" falsecount="1"/>
        <line num="87" count="5" type="stmt"/>
        <line num="88" count="5" type="stmt"/>
        <line num="91" count="5" type="stmt"/>
        <line num="94" count="27" type="stmt"/>
        <line num="95" count="0" type="cond" truecount="0" falsecount="2"/>
        <line num="96" count="0" type="stmt"/>
        <line num="98" count="0" type="stmt"/>
        <line num="101" count="27" type="stmt"/>
        <line num="107" count="13" type="cond" truecount="2" falsecount="0"/>
        <line num="108" count="2" type="stmt"/>
        <line num="109" count="11" type="cond" truecount="2" falsecount="0"/>
        <line num="110" count="3" type="stmt"/>
        <line num="113" count="13" type="cond" truecount="4" falsecount="0"/>
        <line num="114" count="4" type="stmt"/>
        <line num="115" count="9" type="cond" truecount="4" falsecount="0"/>
        <line num="116" count="2" type="stmt"/>
        <line num="119" count="13" type="stmt"/>
        <line num="120" count="13" type="stmt"/>
        <line num="121" count="13" type="stmt"/>
        <line num="123" count="13" type="cond" truecount="2" falsecount="0"/>
        <line num="124" count="12" type="stmt"/>
        <line num="125" count="12" type="stmt"/>
        <line num="126" count="12" type="cond" truecount="2" falsecount="0"/>
        <line num="127" count="2" type="stmt"/>
        <line num="132" count="10" type="stmt"/>
        <line num="134" count="12" type="cond" truecount="2" falsecount="0"/>
        <line num="135" count="6" type="stmt"/>
        <line num="139" count="13" type="stmt"/>
        <line num="148" count="11" type="stmt"/>
        <line num="150" count="11" type="cond" truecount="2" falsecount="0"/>
        <line num="151" count="4" type="stmt"/>
        <line num="153" count="11" type="stmt"/>
        <line num="156" count="2" type="cond" truecount="2" falsecount="0"/>
        <line num="157" count="1" type="stmt"/>
        <line num="159" count="2" type="stmt"/>
        <line num="162" count="27" type="stmt"/>
      </file>
      <file name="email-participant.ts" path="/Users/kiranraju/Documents/NodeSDK/nylas-nodejs/src/models/email-participant.ts">
        <metrics statements="13" coveredstatements="12" conditionals="4" coveredconditionals="3" methods="3" coveredmethods="3"/>
        <line num="1" count="27" type="stmt"/>
        <line num="2" count="27" type="stmt"/>
        <line num="9" count="27" type="stmt"/>
        <line num="11" count="87" type="stmt"/>
        <line num="13" count="27" type="stmt"/>
        <line num="23" count="87" type="cond" truecount="2" falsecount="0"/>
        <line num="24" count="87" type="stmt"/>
        <line num="27" count="27" type="stmt"/>
        <line num="28" count="6" type="stmt"/>
        <line num="29" count="6" type="cond" truecount="1" falsecount="1"/>
        <line num="30" count="0" type="stmt"/>
        <line num="32" count="6" type="stmt"/>
        <line num="34" count="27" type="stmt"/>
      </file>
      <file name="event-conferencing.ts" path="/Users/kiranraju/Documents/NodeSDK/nylas-nodejs/src/models/event-conferencing.ts">
        <metrics statements="13" coveredstatements="13" conditionals="4" coveredconditionals="4" methods="4" coveredmethods="4"/>
        <line num="1" count="27" type="stmt"/>
        <line num="2" count="27" type="stmt"/>
        <line num="12" count="27" type="stmt"/>
        <line num="19" count="27" type="stmt"/>
        <line num="39" count="4" type="cond" truecount="2" falsecount="0"/>
        <line num="40" count="4" type="stmt"/>
        <line num="42" count="27" type="stmt"/>
        <line num="52" count="27" type="stmt"/>
        <line num="54" count="5" type="stmt"/>
        <line num="59" count="27" type="stmt"/>
        <line num="73" count="5" type="cond" truecount="2" falsecount="0"/>
        <line num="74" count="5" type="stmt"/>
        <line num="76" count="27" type="stmt"/>
      </file>
      <file name="event-notification.ts" path="/Users/kiranraju/Documents/NodeSDK/nylas-nodejs/src/models/event-notification.ts">
        <metrics statements="13" coveredstatements="13" conditionals="4" coveredconditionals="4" methods="3" coveredmethods="3"/>
        <line num="1" count="27" type="stmt"/>
        <line num="2" count="27" type="stmt"/>
        <line num="4" count="27" type="cond" truecount="2" falsecount="0"/>
        <line num="5" count="27" type="stmt"/>
        <line num="6" count="27" type="stmt"/>
        <line num="7" count="27" type="stmt"/>
        <line num="20" count="27" type="stmt"/>
        <line num="22" count="6" type="stmt"/>
        <line num="23" count="6" type="stmt"/>
        <line num="29" count="27" type="stmt"/>
        <line num="55" count="6" type="cond" truecount="2" falsecount="0"/>
        <line num="56" count="6" type="stmt"/>
        <line num="58" count="27" type="stmt"/>
      </file>
      <file name="event-participant.ts" path="/Users/kiranraju/Documents/NodeSDK/nylas-nodejs/src/models/event-participant.ts">
        <metrics statements="13" coveredstatements="13" conditionals="4" coveredconditionals="4" methods="3" coveredmethods="3"/>
        <line num="1" count="27" type="stmt"/>
        <line num="2" count="27" type="stmt"/>
        <line num="12" count="27" type="stmt"/>
        <line num="14" count="18" type="stmt"/>
        <line num="19" count="27" type="stmt"/>
        <line num="39" count="18" type="cond" truecount="2" falsecount="0"/>
        <line num="40" count="18" type="stmt"/>
        <line num="43" count="27" type="stmt"/>
        <line num="44" count="8" type="stmt"/>
        <line num="45" count="8" type="cond" truecount="2" falsecount="0"/>
        <line num="46" count="6" type="stmt"/>
        <line num="48" count="8" type="stmt"/>
        <line num="50" count="27" type="stmt"/>
      </file>
      <file name="event-reminder-method.ts" path="/Users/kiranraju/Documents/NodeSDK/nylas-nodejs/src/models/event-reminder-method.ts">
        <metrics statements="12" coveredstatements="10" conditionals="4" coveredconditionals="2" methods="3" coveredmethods="2"/>
        <line num="1" count="27" type="stmt"/>
        <line num="2" count="27" type="stmt"/>
        <line num="4" count="27" type="cond" truecount="2" falsecount="0"/>
        <line num="5" count="27" type="stmt"/>
        <line num="6" count="27" type="stmt"/>
        <line num="7" count="27" type="stmt"/>
        <line num="8" count="27" type="stmt"/>
        <line num="16" count="27" type="stmt"/>
        <line num="19" count="27" type="stmt"/>
        <line num="31" count="0" type="cond" truecount="0" falsecount="2"/>
        <line num="32" count="0" type="stmt"/>
        <line num="34" count="27" type="stmt"/>
      </file>
      <file name="event.ts" path="/Users/kiranraju/Documents/NodeSDK/nylas-nodejs/src/models/event.ts">
        <metrics statements="105" coveredstatements="95" conditionals="107" coveredconditionals="88" methods="17" coveredmethods="16"/>
        <line num="1" count="27" type="stmt"/>
        <line num="2" count="27" type="stmt"/>
        <line num="3" count="27" type="stmt"/>
        <line num="6" count="27" type="stmt"/>
        <line num="9" count="27" type="stmt"/>
        <line num="11" count="27" type="stmt"/>
        <line num="14" count="27" type="stmt"/>
        <line num="20" count="27" type="cond" truecount="2" falsecount="0"/>
        <line num="21" count="27" type="stmt"/>
        <line num="22" count="27" type="stmt"/>
        <line num="23" count="27" type="stmt"/>
        <line num="24" count="27" type="stmt"/>
        <line num="25" count="27" type="stmt"/>
        <line num="26" count="27" type="stmt"/>
        <line num="70" count="27" type="stmt"/>
        <line num="71" count="49" type="stmt"/>
        <line num="72" count="49" type="stmt"/>
        <line num="103" count="27" type="stmt"/>
        <line num="104" count="27" type="stmt"/>
        <line num="226" count="49" type="cond" truecount="1" falsecount="1"/>
        <line num="227" count="49" type="stmt"/>
        <line num="230" count="27" type="stmt"/>
        <line num="231" count="4" type="stmt"/>
        <line num="240" count="5" type="cond" truecount="2" falsecount="0"/>
        <line num="241" count="1" type="stmt"/>
        <line num="243" count="5" type="cond" truecount="2" falsecount="0"/>
        <line num="244" count="2" type="cond" truecount="1" falsecount="1"/>
        <line num="245" count="0" type="stmt"/>
        <line num="246" count="0" type="stmt"/>
        <line num="248" count="2" type="stmt"/>
        <line num="249" count="2" type="stmt"/>
        <line num="250" count="2" type="stmt"/>
        <line num="251" count="2" type="stmt"/>
        <line num="254" count="5" type="cond" truecount="2" falsecount="0"/>
        <line num="255" count="3" type="cond" truecount="1" falsecount="1"/>
        <line num="256" count="0" type="stmt"/>
        <line num="257" count="0" type="stmt"/>
        <line num="259" count="3" type="stmt"/>
        <line num="260" count="3" type="stmt"/>
        <line num="261" count="3" type="stmt"/>
        <line num="262" count="3" type="stmt"/>
        <line num="267" count="27" type="stmt"/>
        <line num="268" count="4" type="stmt"/>
        <line num="277" count="5" type="cond" truecount="1" falsecount="1"/>
        <line num="278" count="0" type="stmt"/>
        <line num="280" count="5" type="cond" truecount="2" falsecount="0"/>
        <line num="281" count="2" type="cond" truecount="2" falsecount="0"/>
        <line num="282" count="1" type="stmt"/>
        <line num="283" count="1" type="stmt"/>
        <line num="285" count="1" type="stmt"/>
        <line num="286" count="1" type="stmt"/>
        <line num="287" count="1" type="stmt"/>
        <line num="288" count="1" type="stmt"/>
        <line num="291" count="5" type="cond" truecount="2" falsecount="0"/>
        <line num="292" count="3" type="cond" truecount="2" falsecount="0"/>
        <line num="293" count="1" type="stmt"/>
        <line num="294" count="1" type="stmt"/>
        <line num="296" count="2" type="stmt"/>
        <line num="297" count="2" type="stmt"/>
        <line num="298" count="2" type="stmt"/>
        <line num="299" count="2" type="stmt"/>
        <line num="304" count="27" type="stmt"/>
        <line num="305" count="8" type="cond" truecount="1" falsecount="1"/>
        <line num="307" count="8" type="stmt"/>
        <line num="308" count="8" type="cond" truecount="2" falsecount="0"/>
        <line num="309" count="2" type="stmt"/>
        <line num="311" count="8" type="stmt"/>
        <line num="314" count="61" type="cond" truecount="2" falsecount="0"/>
        <line num="315" count="32" type="stmt"/>
        <line num="316" count="29" type="stmt"/>
        <line num="319" count="27" type="stmt"/>
        <line num="320" count="31" type="stmt"/>
        <line num="321" count="31" type="cond" truecount="2" falsecount="0"/>
        <line num="322" count="29" type="stmt"/>
        <line num="325" count="31" type="cond" truecount="4" falsecount="0"/>
        <line num="326" count="2" type="stmt"/>
        <line num="327" count="1" type="stmt"/>
        <line num="331" count="31" type="stmt"/>
        <line num="334" count="27" type="stmt"/>
        <line num="339" count="1" type="stmt"/>
        <line num="346" count="1" type="stmt"/>
        <line num="347" count="1" type="cond" truecount="1" falsecount="1"/>
        <line num="348" count="0" type="stmt"/>
        <line num="350" count="1" type="stmt"/>
        <line num="353" count="0" type="cond" truecount="0" falsecount="2"/>
        <line num="354" count="0" type="stmt"/>
        <line num="356" count="0" type="stmt"/>
        <line num="360" count="27" type="stmt"/>
        <line num="361" count="4" type="cond" truecount="4" falsecount="0"/>
        <line num="362" count="2" type="stmt"/>
        <line num="367" count="2" type="stmt"/>
        <line num="368" count="2" type="cond" truecount="2" falsecount="0"/>
        <line num="369" count="1" type="stmt"/>
        <line num="376" count="2" type="stmt"/>
        <line num="386" count="2" type="cond" truecount="1" falsecount="1"/>
        <line num="387" count="0" type="stmt"/>
        <line num="392" count="2" type="stmt"/>
        <line num="396" count="27" type="stmt"/>
        <line num="397" count="32" type="cond" truecount="2" falsecount="0"/>
        <line num="402" count="1" type="stmt"/>
        <line num="406" count="31" type="cond" truecount="2" falsecount="0"/>
        <line num="412" count="1" type="stmt"/>
        <line num="417" count="30" type="cond" truecount="2" falsecount="0"/>
        <line num="424" count="1" type="stmt"/>
        <line num="429" count="27" type="stmt"/>
      </file>
      <file name="file.ts" path="/Users/kiranraju/Documents/NodeSDK/nylas-nodejs/src/models/file.ts">
        <metrics statements="38" coveredstatements="36" conditionals="22" coveredconditionals="19" methods="8" coveredmethods="8"/>
        <line num="1" count="27" type="stmt"/>
        <line num="2" count="27" type="stmt"/>
        <line num="15" count="27" type="stmt"/>
        <line num="23" count="27" type="stmt"/>
        <line num="24" count="27" type="stmt"/>
        <line num="55" count="28" type="cond" truecount="1" falsecount="1"/>
        <line num="56" count="28" type="stmt"/>
        <line num="59" count="27" type="stmt"/>
        <line num="62" count="9" type="cond" truecount="2" falsecount="0"/>
        <line num="63" count="1" type="stmt"/>
        <line num="65" count="8" type="cond" truecount="2" falsecount="0"/>
        <line num="66" count="1" type="stmt"/>
        <line num="68" count="7" type="cond" truecount="2" falsecount="0"/>
        <line num="69" count="1" type="stmt"/>
        <line num="72" count="6" type="stmt"/>
        <line num="77" count="6" type="cond" truecount="2" falsecount="0"/>
        <line num="78" count="1" type="stmt"/>
        <line num="81" count="6" type="stmt"/>
        <line num="97" count="4" type="cond" truecount="1" falsecount="1"/>
        <line num="98" count="4" type="stmt"/>
        <line num="99" count="4" type="cond" truecount="2" falsecount="0"/>
        <line num="100" count="1" type="stmt"/>
        <line num="102" count="4" type="stmt"/>
        <line num="104" count="0" type="stmt"/>
        <line num="108" count="2" type="cond" truecount="2" falsecount="0"/>
        <line num="109" count="1" type="stmt"/>
        <line num="111" count="2" type="stmt"/>
        <line num="115" count="27" type="stmt"/>
        <line num="121" count="5" type="cond" truecount="1" falsecount="1"/>
        <line num="122" count="0" type="stmt"/>
        <line num="125" count="5" type="stmt"/>
        <line num="131" count="3" type="cond" truecount="2" falsecount="0"/>
        <line num="132" count="1" type="stmt"/>
        <line num="134" count="3" type="stmt"/>
        <line num="137" count="2" type="cond" truecount="2" falsecount="0"/>
        <line num="138" count="1" type="stmt"/>
        <line num="140" count="2" type="stmt"/>
        <line num="143" count="27" type="stmt"/>
      </file>
      <file name="folder.ts" path="/Users/kiranraju/Documents/NodeSDK/nylas-nodejs/src/models/folder.ts">
        <metrics statements="16" coveredstatements="16" conditionals="6" coveredconditionals="3" methods="6" coveredmethods="6"/>
        <line num="1" count="27" type="stmt"/>
        <line num="2" count="27" type="stmt"/>
        <line num="10" count="27" type="stmt"/>
        <line num="14" count="27" type="stmt"/>
        <line num="15" count="27" type="stmt"/>
        <line num="33" count="13" type="cond" truecount="1" falsecount="1"/>
        <line num="34" count="13" type="stmt"/>
        <line num="37" count="27" type="cond" truecount="1" falsecount="1"/>
        <line num="38" count="4" type="stmt"/>
        <line num="40" count="27" type="stmt"/>
        <line num="42" count="27" type="stmt"/>
        <line num="43" count="27" type="stmt"/>
        <line num="45" count="7" type="cond" truecount="1" falsecount="1"/>
        <line num="48" count="27" type="stmt"/>
        <line num="49" count="2" type="stmt"/>
        <line num="51" count="27" type="stmt"/>
      </file>
      <file name="free-busy.ts" path="/Users/kiranraju/Documents/NodeSDK/nylas-nodejs/src/models/free-busy.ts">
        <metrics statements="34" coveredstatements="34" conditionals="8" coveredconditionals="8" methods="8" coveredmethods="8"/>
        <line num="1" count="27" type="stmt"/>
        <line num="2" count="27" type="stmt"/>
        <line num="16" count="27" type="stmt"/>
        <line num="18" count="3" type="stmt"/>
        <line num="19" count="3" type="stmt"/>
        <line num="20" count="27" type="stmt"/>
        <line num="32" count="3" type="cond" truecount="2" falsecount="0"/>
        <line num="33" count="3" type="stmt"/>
        <line num="35" count="27" type="stmt"/>
        <line num="43" count="27" type="stmt"/>
        <line num="45" count="2" type="stmt"/>
        <line num="46" count="2" type="stmt"/>
        <line num="47" count="2" type="stmt"/>
        <line num="48" count="27" type="stmt"/>
        <line num="64" count="2" type="cond" truecount="2" falsecount="0"/>
        <line num="65" count="2" type="stmt"/>
        <line num="67" count="27" type="stmt"/>
        <line num="77" count="27" type="stmt"/>
        <line num="78" count="2" type="stmt"/>
        <line num="79" count="2" type="stmt"/>
        <line num="80" count="2" type="stmt"/>
        <line num="81" count="2" type="stmt"/>
        <line num="84" count="27" type="stmt"/>
        <line num="109" count="2" type="cond" truecount="2" falsecount="0"/>
        <line num="110" count="2" type="stmt"/>
        <line num="112" count="27" type="stmt"/>
        <line num="119" count="27" type="stmt"/>
        <line num="120" count="2" type="stmt"/>
        <line num="121" count="2" type="stmt"/>
        <line num="122" count="2" type="stmt"/>
        <line num="123" count="27" type="stmt"/>
        <line num="138" count="2" type="cond" truecount="2" falsecount="0"/>
        <line num="139" count="2" type="stmt"/>
        <line num="141" count="27" type="stmt"/>
      </file>
      <file name="job-status-restful-model-collection.ts" path="/Users/kiranraju/Documents/NodeSDK/nylas-nodejs/src/models/job-status-restful-model-collection.ts">
        <metrics statements="12" coveredstatements="12" conditionals="6" coveredconditionals="5" methods="3" coveredmethods="3"/>
        <line num="1" count="27" type="stmt"/>
        <line num="2" count="27" type="stmt"/>
        <line num="4" count="27" type="stmt"/>
        <line num="6" count="27" type="stmt"/>
        <line num="13" count="524" type="cond" truecount="1" falsecount="1"/>
        <line num="14" count="524" type="stmt"/>
        <line num="15" count="524" type="stmt"/>
        <line num="18" count="27" type="stmt"/>
        <line num="19" count="10" type="cond" truecount="4" falsecount="0"/>
        <line num="20" count="1" type="stmt"/>
        <line num="23" count="9" type="stmt"/>
        <line num="25" count="27" type="stmt"/>
      </file>
      <file name="job-status.ts" path="/Users/kiranraju/Documents/NodeSDK/nylas-nodejs/src/models/job-status.ts">
        <metrics statements="10" coveredstatements="10" conditionals="2" coveredconditionals="1" methods="3" coveredmethods="3"/>
        <line num="1" count="27" type="stmt"/>
        <line num="2" count="27" type="stmt"/>
        <line num="15" count="27" type="stmt"/>
        <line num="23" count="27" type="stmt"/>
        <line num="24" count="27" type="stmt"/>
        <line num="56" count="13" type="cond" truecount="1" falsecount="1"/>
        <line num="57" count="13" type="stmt"/>
        <line num="61" count="27" type="stmt"/>
        <line num="62" count="2" type="stmt"/>
        <line num="64" count="27" type="stmt"/>
      </file>
      <file name="management-account.ts" path="/Users/kiranraju/Documents/NodeSDK/nylas-nodejs/src/models/management-account.ts">
        <metrics statements="58" coveredstatements="54" conditionals="8" coveredconditionals="6" methods="24" coveredmethods="20"/>
        <line num="1" count="23" type="stmt"/>
        <line num="2" count="23" type="stmt"/>
        <line num="4" count="23" type="stmt"/>
        <line num="12" count="23" type="stmt"/>
        <line num="14" count="1" type="stmt"/>
        <line num="15" count="1" type="stmt"/>
        <line num="16" count="23" type="stmt"/>
        <line num="28" count="1" type="cond" truecount="2" falsecount="0"/>
        <line num="29" count="1" type="stmt"/>
        <line num="31" count="23" type="stmt"/>
        <line num="40" count="23" type="stmt"/>
        <line num="42" count="1" type="stmt"/>
        <line num="43" count="1" type="stmt"/>
        <line num="44" count="1" type="stmt"/>
        <line num="45" count="1" type="stmt"/>
        <line num="46" count="23" type="stmt"/>
        <line num="64" count="1" type="cond" truecount="2" falsecount="0"/>
        <line num="65" count="1" type="stmt"/>
        <line num="67" count="23" type="stmt"/>
        <line num="84" count="23" type="stmt"/>
        <line num="86" count="9" type="stmt"/>
        <line num="87" count="9" type="stmt"/>
        <line num="88" count="9" type="stmt"/>
        <line num="89" count="9" type="stmt"/>
        <line num="90" count="9" type="stmt"/>
        <line num="91" count="9" type="stmt"/>
        <line num="92" count="9" type="stmt"/>
        <line num="94" count="23" type="stmt"/>
        <line num="95" count="23" type="stmt"/>
[...]
        <line num="24" count="2" type="stmt"/>
        <line num="31" count="2" type="stmt"/>
        <line num="32" count="2" type="stmt"/>
        <line num="35" count="27" type="stmt"/>
      </file>
      <file name="restful-model.ts" path="/Users/kiranraju/Documents/NodeSDK/nylas-nodejs/src/models/restful-model.ts">
        <metrics statements="56" coveredstatements="52" conditionals="52" coveredconditionals="43" methods="16" coveredmethods="15"/>
        <line num="1" count="28" type="stmt"/>
        <line num="3" count="28" type="stmt"/>
        <line num="19" count="28" type="stmt"/>
        <line num="20" count="28" type="stmt"/>
        <line num="21" count="28" type="stmt"/>
        <line num="28" count="28" type="stmt"/>
        <line num="45" count="827" type="cond" truecount="2" falsecount="0"/>
        <line num="46" count="827" type="stmt"/>
        <line num="47" count="827" type="cond" truecount="2" falsecount="0"/>
        <line num="48" count="1" type="stmt"/>
        <line num="51" count="826" type="cond" truecount="6" falsecount="0"/>
        <line num="52" count="826" type="cond" truecount="6" falsecount="0"/>
        <line num="53" count="826" type="cond" truecount="6" falsecount="0"/>
        <line num="56" count="28" type="stmt"/>
        <line num="57" count="14" type="cond" truecount="1" falsecount="1"/>
        <line num="60" count="14" type="stmt"/>
        <line num="63" count="28" type="stmt"/>
        <line num="64" count="4" type="stmt"/>
        <line num="70" count="199" type="cond" truecount="2" falsecount="0"/>
        <line num="71" count="194" type="stmt"/>
        <line num="75" count="28" type="stmt"/>
        <line num="76" count="62" type="stmt"/>
        <line num="79" count="28" type="stmt"/>
        <line num="80" count="64" type="stmt"/>
        <line num="81" count="64" type="stmt"/>
        <line num="85" count="28" type="stmt"/>
        <line num="88" count="11" type="stmt"/>
        <line num="91" count="28" type="stmt"/>
        <line num="92" count="13" type="stmt"/>
        <line num="96" count="28" type="stmt"/>
        <line num="97" count="13" type="stmt"/>
        <line num="106" count="68" type="stmt"/>
        <line num="107" count="68" type="cond" truecount="1" falsecount="1"/>
        <line num="110" count="68" type="cond" truecount="2" falsecount="0"/>
        <line num="111" count="5" type="stmt"/>
        <line num="112" count="5" type="stmt"/>
        <line num="114" count="68" type="stmt"/>
        <line num="125" count="62" type="stmt"/>
        <line num="126" count="62" type="cond" truecount="2" falsecount="0"/>
        <line num="127" count="2" type="stmt"/>
        <line num="129" count="62" type="stmt"/>
        <line num="132" count="6" type="cond" truecount="2" falsecount="0"/>
        <line num="133" count="3" type="stmt"/>
        <line num="135" count="6" type="stmt"/>
        <line num="139" count="28" type="stmt"/>
        <line num="140" count="1" type="cond" truecount="1" falsecount="1"/>
        <line num="142" count="1" type="cond" truecount="1" falsecount="1"/>
        <line num="144" count="1" type="stmt"/>
        <line num="145" count="1" type="stmt"/>
        <line num="153" count="1" type="cond" truecount="1" falsecount="1"/>
        <line num="154" count="0" type="stmt"/>
        <line num="156" count="1" type="stmt"/>
        <line num="159" count="0" type="cond" truecount="0" falsecount="2"/>
        <line num="160" count="0" type="stmt"/>
        <line num="162" count="0" type="stmt"/>
        <line num="165" count="28" type="stmt"/>
      </file>
      <file name="scheduler-booking-request.ts" path="/Users/kiranraju/Documents/NodeSDK/nylas-nodejs/src/models/scheduler-booking-request.ts">
        <metrics statements="20" coveredstatements="19" conditionals="8" coveredconditionals="6" methods="5" coveredmethods="5"/>
        <line num="1" count="27" type="stmt"/>
        <line num="2" count="27" type="stmt"/>
        <line num="3" count="27" type="stmt"/>
        <line num="23" count="27" type="stmt"/>
        <line num="40" count="27" type="stmt"/>
        <line num="101" count="2" type="cond" truecount="2" falsecount="0"/>
        <line num="102" count="2" type="stmt"/>
        <line num="104" count="27" type="stmt"/>
        <line num="118" count="27" type="stmt"/>
        <line num="129" count="27" type="stmt"/>
        <line num="165" count="1" type="cond" truecount="2" falsecount="0"/>
        <line num="166" count="1" type="stmt"/>
        <line num="173" count="27" type="stmt"/>
        <line num="174" count="1" type="stmt"/>
        <line num="175" count="1" type="cond" truecount="1" falsecount="1"/>
        <line num="176" count="1" type="stmt"/>
        <line num="178" count="1" type="cond" truecount="1" falsecount="1"/>
        <line num="179" count="0" type="stmt"/>
        <line num="181" count="1" type="stmt"/>
        <line num="183" count="27" type="stmt"/>
      </file>
      <file name="scheduler-restful-model-collection.ts" path="/Users/kiranraju/Documents/NodeSDK/nylas-nodejs/src/models/scheduler-restful-model-collection.ts">
        <metrics statements="31" coveredstatements="31" conditionals="2" coveredconditionals="1" methods="15" coveredmethods="15"/>
        <line num="1" count="27" type="stmt"/>
        <line num="3" count="27" type="stmt"/>
        <line num="4" count="27" type="stmt"/>
        <line num="5" count="27" type="stmt"/>
        <line num="20" count="27" type="stmt"/>
        <line num="28" count="524" type="cond" truecount="1" falsecount="1"/>
        <line num="29" count="524" type="stmt"/>
        <line num="30" count="524" type="stmt"/>
        <line num="31" count="524" type="stmt"/>
        <line num="34" count="27" type="stmt"/>
        <line num="35" count="1" type="stmt"/>
        <line num="45" count="27" type="stmt"/>
        <line num="46" count="1" type="stmt"/>
        <line num="56" count="27" type="stmt"/>
        <line num="57" count="1" type="stmt"/>
        <line num="67" count="1" type="stmt"/>
        <line num="71" count="27" type="stmt"/>
        <line num="72" count="1" type="stmt"/>
        <line num="82" count="1" type="stmt"/>
        <line num="84" count="1" type="stmt"/>
        <line num="87" count="1" type="stmt"/>
        <line num="91" count="27" type="stmt"/>
        <line num="95" count="1" type="stmt"/>
        <line num="106" count="1" type="stmt"/>
        <line num="112" count="27" type="stmt"/>
        <line num="117" count="1" type="stmt"/>
        <line num="130" count="1" type="stmt"/>
        <line num="134" count="27" type="stmt"/>
        <line num="138" count="1" type="stmt"/>
        <line num="149" count="1" type="stmt"/>
        <line num="154" count="27" type="stmt"/>
      </file>
      <file name="scheduler-time-slot.ts" path="/Users/kiranraju/Documents/NodeSDK/nylas-nodejs/src/models/scheduler-time-slot.ts">
        <metrics statements="7" coveredstatements="7" conditionals="2" coveredconditionals="2" methods="2" coveredmethods="2"/>
        <line num="1" count="27" type="stmt"/>
        <line num="2" count="27" type="stmt"/>
        <line num="13" count="27" type="stmt"/>
        <line num="21" count="27" type="stmt"/>
        <line num="46" count="2" type="cond" truecount="2" falsecount="0"/>
        <line num="47" count="2" type="stmt"/>
        <line num="49" count="27" type="stmt"/>
      </file>
      <file name="scheduler.ts" path="/Users/kiranraju/Documents/NodeSDK/nylas-nodejs/src/models/scheduler.ts">
        <metrics statements="74" coveredstatements="66" conditionals="37" coveredconditionals="26" methods="24" coveredmethods="20"/>
        <line num="1" count="27" type="stmt"/>
        <line num="2" count="27" type="stmt"/>
        <line num="4" count="27" type="stmt"/>
        <line num="5" count="27" type="stmt"/>
        <line num="21" count="27" type="stmt"/>
        <line num="23" count="1" type="stmt"/>
        <line num="24" count="1" type="stmt"/>
        <line num="25" count="1" type="stmt"/>
        <line num="26" count="1" type="stmt"/>
        <line num="27" count="27" type="stmt"/>
        <line num="45" count="1" type="cond" truecount="2" falsecount="0"/>
        <line num="46" count="1" type="stmt"/>
        <line num="49" count="27" type="stmt"/>
        <line num="50" count="1" type="stmt"/>
        <line num="53" count="27" type="stmt"/>
        <line num="55" count="1" type="cond" truecount="1" falsecount="1"/>
        <line num="56" count="1" type="stmt"/>
        <line num="58" count="1" type="stmt"/>
        <line num="60" count="27" type="stmt"/>
        <line num="77" count="27" type="stmt"/>
        <line num="91" count="27" type="stmt"/>
        <line num="141" count="0" type="cond" truecount="0" falsecount="2"/>
        <line num="142" count="0" type="stmt"/>
        <line num="144" count="27" type="stmt"/>
        <line num="157" count="27" type="stmt"/>
        <line num="167" count="27" type="stmt"/>
        <line num="197" count="0" type="cond" truecount="0" falsecount="2"/>
        <line num="198" count="0" type="stmt"/>
        <line num="200" count="27" type="stmt"/>
        <line num="209" count="27" type="stmt"/>
        <line num="215" count="27" type="stmt"/>
        <line num="232" count="0" type="cond" truecount="0" falsecount="2"/>
        <line num="233" count="0" type="stmt"/>
        <line num="235" count="27" type="stmt"/>
        <line num="255" count="27" type="stmt"/>
        <line num="272" count="27" type="stmt"/>
        <line num="338" count="1" type="cond" truecount="2" falsecount="0"/>
        <line num="339" count="1" type="stmt"/>
        <line num="341" count="27" type="stmt"/>
        <line num="351" count="27" type="stmt"/>
        <line num="358" count="27" type="stmt"/>
        <line num="382" count="0" type="cond" truecount="0" falsecount="2"/>
        <line num="383" count="0" type="stmt"/>
        <line num="385" count="27" type="stmt"/>
        <line num="412" count="27" type="stmt"/>
        <line num="437" count="27" type="stmt"/>
        <line num="478" count="3" type="cond" truecount="2" falsecount="0"/>
        <line num="479" count="3" type="stmt"/>
        <line num="481" count="27" type="stmt"/>
        <line num="495" count="27" type="stmt"/>
        <line num="506" count="27" type="stmt"/>
        <line num="507" count="27" type="stmt"/>
        <line num="551" count="12" type="cond" truecount="1" falsecount="1"/>
        <line num="552" count="12" type="stmt"/>
        <line num="553" count="12" type="stmt"/>
        <line num="556" count="27" type="cond" truecount="1" falsecount="1"/>
        <line num="557" count="7" type="stmt"/>
        <line num="558" count="4" type="stmt"/>
        <line num="561" count="27" type="stmt"/>
        <line num="562" count="2" type="cond" truecount="2" falsecount="0"/>
        <line num="563" count="1" type="stmt"/>
        <line num="566" count="1" type="stmt"/>
        <line num="576" count="1" type="stmt"/>
        <line num="577" count="1" type="stmt"/>
        <line num="582" count="1" type="stmt"/>
        <line num="586" count="27" type="stmt"/>
        <line num="590" count="2" type="cond" truecount="2" falsecount="0"/>
        <line num="591" count="1" type="stmt"/>
        <line num="593" count="1" type="stmt"/>
        <line num="607" count="27" type="stmt"/>
        <line num="608" count="7" type="cond" truecount="8" falsecount="0"/>
        <line num="609" count="7" type="cond" truecount="2" falsecount="0"/>
        <line num="613" count="3" type="stmt"/>
        <line num="618" count="27" type="stmt"/>
      </file>
      <file name="thread.ts" path="/Users/kiranraju/Documents/NodeSDK/nylas-nodejs/src/models/thread.ts">
        <metrics statements="32" coveredstatements="32" conditionals="10" coveredconditionals="7" methods="5" coveredmethods="5"/>
        <line num="1" count="27" type="stmt"/>
        <line num="2" count="27" type="stmt"/>
        <line num="3" count="27" type="stmt"/>
        <line num="4" count="27" type="stmt"/>
        <line num="7" count="27" type="stmt"/>
        <line num="30" count="27" type="stmt"/>
        <line num="31" count="16" type="stmt"/>
        <line num="32" count="16" type="stmt"/>
        <line num="33" count="16" type="stmt"/>
        <line num="34" count="16" type="stmt"/>
        <line num="35" count="16" type="stmt"/>
        <line num="36" count="16" type="stmt"/>
        <line num="37" count="16" type="stmt"/>
        <line num="38" count="16" type="stmt"/>
        <line num="39" count="16" type="stmt"/>
        <line num="40" count="16" type="stmt"/>
        <line num="48" count="27" type="stmt"/>
        <line num="49" count="27" type="stmt"/>
        <line num="119" count="16" type="cond" truecount="1" falsecount="1"/>
        <line num="120" count="16" type="stmt"/>
        <line num="123" count="27" type="stmt"/>
        <line num="124" count="2" type="stmt"/>
        <line num="125" count="2" type="cond" truecount="2" falsecount="0"/>
        <line num="126" count="1" type="stmt"/>
        <line num="127" count="1" type="cond" truecount="3" falsecount="1"/>
        <line num="128" count="1" type="stmt"/>
        <line num="131" count="2" type="stmt"/>
        <line num="132" count="2" type="stmt"/>
        <line num="133" count="2" type="stmt"/>
        <line num="136" count="27" type="cond" truecount="1" falsecount="1"/>
        <line num="137" count="2" type="stmt"/>
        <line num="139" count="27" type="stmt"/>
      </file>
      <file name="webhook-notification.ts" path="/Users/kiranraju/Documents/NodeSDK/nylas-nodejs/src/models/webhook-notification.ts">
        <metrics statements="55" coveredstatements="55" conditionals="14" coveredconditionals="14" methods="14" coveredmethods="14"/>
        <line num="1" count="1" type="stmt"/>
        <line num="2" count="1" type="stmt"/>
        <line num="12" count="1" type="stmt"/>
        <line num="13" count="4" type="stmt"/>
        <line num="14" count="4" type="stmt"/>
        <line num="15" count="4" type="stmt"/>
        <line num="16" count="4" type="stmt"/>
        <line num="18" count="1" type="stmt"/>
        <line num="39" count="4" type="cond" truecount="2" falsecount="0"/>
        <line num="40" count="4" type="stmt"/>
        <line num="42" count="1" type="stmt"/>
        <line num="49" count="1" type="stmt"/>
        <line num="50" count="2" type="stmt"/>
        <line num="51" count="2" type="stmt"/>
        <line num="52" count="1" type="stmt"/>
        <line num="62" count="2" type="cond" truecount="2" falsecount="0"/>
        <line num="63" count="2" type="stmt"/>
        <line num="65" count="1" type="stmt"/>
        <line num="80" count="1" type="stmt"/>
        <line num="82" count="2" type="stmt"/>
        <line num="83" count="2" type="stmt"/>
        <line num="84" count="2" type="stmt"/>
        <line num="100" count="1" type="stmt"/>
        <line num="142" count="2" type="cond" truecount="2" falsecount="0"/>
        <line num="143" count="2" type="stmt"/>
        <line num="145" count="1" type="stmt"/>
        <line num="154" count="1" type="stmt"/>
        <line num="163" count="1" type="stmt"/>
        <line num="182" count="1" type="cond" truecount="2" falsecount="0"/>
        <line num="183" count="1" type="stmt"/>
        <line num="185" count="1" type="stmt"/>
        <line num="196" count="1" type="stmt"/>
        <line num="198" count="2" type="stmt"/>
        <line num="199" count="2" type="stmt"/>
        <line num="200" count="2" type="stmt"/>
        <line num="201" count="2" type="stmt"/>
        <line num="208" count="1" type="stmt"/>
        <line num="235" count="2" type="cond" truecount="2" falsecount="0"/>
        <line num="236" count="2" type="stmt"/>
        <line num="238" count="1" type="stmt"/>
        <line num="247" count="1" type="stmt"/>
        <line num="248" count="1" type="stmt"/>
        <line num="249" count="1" type="stmt"/>
        <line num="250" count="1" type="stmt"/>
        <line num="251" count="1" type="stmt"/>
        <line num="252" count="1" type="stmt"/>
        <line num="270" count="1" type="cond" truecount="2" falsecount="0"/>
        <line num="271" count="1" type="stmt"/>
        <line num="273" count="1" type="stmt"/>
        <line num="279" count="1" type="stmt"/>
        <line num="281" count="1" type="stmt"/>
        <line num="282" count="1" type="stmt"/>
        <line num="290" count="1" type="cond" truecount="2" falsecount="0"/>
        <line num="291" count="1" type="stmt"/>
        <line num="293" count="1" type="stmt"/>
      </file>
      <file name="webhook.ts" path="/Users/kiranraju/Documents/NodeSDK/nylas-nodejs/src/models/webhook.ts">
        <metrics statements="45" coveredstatements="45" conditionals="10" coveredconditionals="7" methods="6" coveredmethods="6"/>
        <line num="1" count="24" type="stmt"/>
        <line num="2" count="24" type="stmt"/>
        <line num="6" count="24" type="cond" truecount="2" falsecount="0"/>
        <line num="7" count="24" type="stmt"/>
        <line num="8" count="24" type="stmt"/>
        <line num="9" count="24" type="stmt"/>
        <line num="10" count="24" type="stmt"/>
        <line num="11" count="24" type="stmt"/>
        <line num="12" count="24" type="stmt"/>
        <line num="13" count="24" type="stmt"/>
        <line num="14" count="24" type="stmt"/>
        <line num="15" count="24" type="stmt"/>
        <line num="16" count="24" type="stmt"/>
        <line num="17" count="24" type="stmt"/>
        <line num="18" count="24" type="stmt"/>
        <line num="19" count="24" type="stmt"/>
        <line num="20" count="24" type="stmt"/>
        <line num="21" count="24" type="stmt"/>
        <line num="22" count="24" type="stmt"/>
        <line num="23" count="24" type="stmt"/>
        <line num="24" count="24" type="stmt"/>
        <line num="25" count="24" type="stmt"/>
        <line num="26" count="24" type="stmt"/>
        <line num="27" count="24" type="stmt"/>
        <line num="39" count="24" type="stmt"/>
        <line num="41" count="6" type="stmt"/>
        <line num="42" count="6" type="stmt"/>
        <line num="43" count="6" type="stmt"/>
        <line num="47" count="24" type="stmt"/>
        <line num="48" count="24" type="stmt"/>
        <line num="81" count="6" type="cond" truecount="1" falsecount="1"/>
        <line num="82" count="6" type="stmt"/>
        <line num="85" count="24" type="stmt"/>
        <line num="86" count="2" type="stmt"/>
        <line num="88" count="24" type="stmt"/>
        <line num="89" count="2" type="stmt"/>
        <line num="91" count="2" type="cond" truecount="2" falsecount="0"/>
        <line num="92" count="1" type="stmt"/>
        <line num="94" count="1" type="stmt"/>
        <line num="95" count="1" type="cond" truecount="1" falsecount="1"/>
        <line num="96" count="1" type="stmt"/>
        <line num="98" count="2" type="stmt"/>
        <line num="100" count="24" type="cond" truecount="1" falsecount="1"/>
        <line num="101" count="2" type="stmt"/>
        <line num="103" count="24" type="stmt"/>
      </file>
      <file name="when.ts" path="/Users/kiranraju/Documents/NodeSDK/nylas-nodejs/src/models/when.ts">
        <metrics statements="9" coveredstatements="9" conditionals="8" coveredconditionals="6" methods="3" coveredmethods="3"/>
        <line num="1" count="27" type="stmt"/>
        <line num="2" count="27" type="stmt"/>
        <line num="14" count="27" type="stmt"/>
        <line num="22" count="27" type="stmt"/>
        <line num="52" count="82" type="cond" truecount="2" falsecount="0"/>
        <line num="53" count="82" type="stmt"/>
        <line num="57" count="27" type="stmt"/>
        <line num="58" count="3" type="stmt"/>
        <line num="65" count="27" type="stmt"/>
      </file>
    </package>
  </project>
</coverage>
