{"/Users/kiranraju/Documents/NodeSDK/nylas-nodejs/src/config.ts": {"path":"/Users/kiranraju/Documents/NodeSDK/nylas-nodejs/src/config.ts","statementMap":{"0":{"start":{"line":1,"column":11},"end":{"line":1,"column":43}},"1":{"start":{"line":3,"column":2},"end":{"line":3,"column":27}},"2":{"start":{"line":2,"column":0},"end":{"line":2,"column":16}},"3":{"start":{"line":6,"column":11},"end":{"line":6,"column":29}},"4":{"start":{"line":8,"column":2},"end":{"line":8,"column":33}},"5":{"start":{"line":7,"column":0},"end":{"line":7,"column":16}}},"fnMap":{"0":{"name":"setApiServer","decl":{"start":{"line":2,"column":16},"end":{"line":2,"column":28}},"loc":{"start":{"line":2,"column":56},"end":{"line":4,"column":1}}},"1":{"name":"setClientSecret","decl":{"start":{"line":7,"column":16},"end":{"line":7,"column":31}},"loc":{"start":{"line":7,"column":55},"end":{"line":9,"column":1}}}},"branchMap":{},"s":{"0":27,"1":297,"2":27,"3":27,"4":290,"5":27},"f":{"0":297,"1":290},"b":{}}
,"/Users/kiranraju/Documents/NodeSDK/nylas-nodejs/src/nylas-connection.ts": {"path":"/Users/kiranraju/Documents/NodeSDK/nylas-nodejs/src/nylas-connection.ts","statementMap":{"0":{"start":{"line":2,"column":0},"end":{"line":2,"column":26}},"1":{"start":{"line":3,"column":0},"end":{"line":3,"column":44}},"2":{"start":{"line":4,"column":0},"end":{"line":4,"column":35}},"3":{"start":{"line":5,"column":0},"end":{"line":5,"column":71}},"4":{"start":{"line":6,"column":0},"end":{"line":6,"column":88}},"5":{"start":{"line":7,"column":0},"end":{"line":7,"column":86}},"6":{"start":{"line":8,"column":0},"end":{"line":8,"column":67}},"7":{"start":{"line":9,"column":0},"end":{"line":9,"column":39}},"8":{"start":{"line":10,"column":0},"end":{"line":10,"column":37}},"9":{"start":{"line":11,"column":0},"end":{"line":11,"column":35}},"10":{"start":{"line":12,"column":0},"end":{"line":12,"column":33}},"11":{"start":{"line":13,"column":0},"end":{"line":13,"column":35}},"12":{"start":{"line":14,"column":0},"end":{"line":14,"column":41}},"13":{"start":{"line":15,"column":0},"end":{"line":15,"column":48}},"14":{"start":{"line":16,"column":0},"end":{"line":16,"column":52}},"15":{"start":{"line":17,"column":0},"end":{"line":17,"column":37}},"16":{"start":{"line":18,"column":0},"end":{"line":18,"column":53}},"17":{"start":{"line":19,"column":0},"end":{"line":19,"column":90}},"18":{"start":{"line":20,"column":0},"end":{"line":20,"column":90}},"19":{"start":{"line":21,"column":0},"end":{"line":21,"column":86}},"20":{"start":{"line":22,"column":0},"end":{"line":22,"column":56}},"21":{"start":{"line":23,"column":0},"end":{"line":23,"column":37}},"22":{"start":{"line":24,"column":0},"end":{"line":24,"column":91}},"23":{"start":{"line":26,"column":21},"end":{"line":26,"column":47}},"24":{"start":{"line":27,"column":20},"end":{"line":27,"column":40}},"25":{"start":{"line":28,"column":30},"end":{"line":28,"column":35}},"26":{"start":{"line":30,"column":0},"end":{"line":30,"column":null}},"27":{"start":{"line":31,"column":2},"end":{"line":31,"column":null}},"28":{"start":{"line":32,"column":2},"end":{"line":32,"column":null}},"29":{"start":{"line":54,"column":0},"end":{"line":54,"column":null}},"30":{"start":{"line":111,"column":6},"end":{"line":111,"column":14}},"31":{"start":{"line":58,"column":2},"end":{"line":61,"column":4}},"32":{"start":{"line":62,"column":2},"end":{"line":64,"column":4}},"33":{"start":{"line":65,"column":2},"end":{"line":67,"column":4}},"34":{"start":{"line":68,"column":2},"end":{"line":71,"column":4}},"35":{"start":{"line":72,"column":2},"end":{"line":72,"column":79}},"36":{"start":{"line":73,"column":2},"end":{"line":75,"column":4}},"37":{"start":{"line":76,"column":2},"end":{"line":78,"column":4}},"38":{"start":{"line":79,"column":2},"end":{"line":82,"column":4}},"39":{"start":{"line":83,"column":2},"end":{"line":86,"column":4}},"40":{"start":{"line":87,"column":2},"end":{"line":87,"column":37}},"41":{"start":{"line":88,"column":2},"end":{"line":91,"column":4}},"42":{"start":{"line":92,"column":2},"end":{"line":95,"column":4}},"43":{"start":{"line":96,"column":2},"end":{"line":99,"column":4}},"44":{"start":{"line":100,"column":2},"end":{"line":102,"column":4}},"45":{"start":{"line":103,"column":2},"end":{"line":105,"column":4}},"46":{"start":{"line":106,"column":2},"end":{"line":106,"column":36}},"47":{"start":{"line":107,"column":2},"end":{"line":107,"column":36}},"48":{"start":{"line":113,"column":4},"end":{"line":113,"column":35}},"49":{"start":{"line":114,"column":4},"end":{"line":114,"column":29}},"50":{"start":{"line":117,"column":2},"end":{"line":189,"column":null}},"51":{"start":{"line":118,"column":20},"end":{"line":118,"column":72}},"52":{"start":{"line":119,"column":16},"end":{"line":119,"column":52}},"53":{"start":{"line":121,"column":4},"end":{"line":146,"column":null}},"54":{"start":{"line":122,"column":6},"end":{"line":145,"column":null}},"55":{"start":{"line":122,"column":33},"end":{"line":122,"column":39}},"56":{"start":{"line":122,"column":33},"end":{"line":122,"column":59}},"57":{"start":{"line":122,"column":17},"end":{"line":122,"column":18}},"58":{"start":{"line":122,"column":18},"end":{"line":122,"column":21}},"59":{"start":{"line":122,"column":23},"end":{"line":122,"column":28}},"60":{"start":{"line":125,"column":8},"end":{"line":144,"column":null}},"61":{"start":{"line":126,"column":10},"end":{"line":128,"column":null}},"62":{"start":{"line":127,"column":12},"end":{"line":127,"column":53}},"63":{"start":{"line":129,"column":15},"end":{"line":144,"column":null}},"64":{"start":{"line":132,"column":10},"end":{"line":137,"column":null}},"65":{"start":{"line":133,"column":12},"end":{"line":136,"column":14}},"66":{"start":{"line":138,"column":15},"end":{"line":144,"column":null}},"67":{"start":{"line":139,"column":10},"end":{"line":141,"column":null}},"68":{"start":{"line":139,"column":29},"end":{"line":139,"column":34}},"69":{"start":{"line":139,"column":25},"end":{"line":139,"column":29}},"70":{"start":{"line":140,"column":12},"end":{"line":140,"column":47}},"71":{"start":{"line":143,"column":10},"end":{"line":143,"column":53}},"72":{"start":{"line":147,"column":4},"end":{"line":147,"column":22}},"73":{"start":{"line":149,"column":17},"end":{"line":149,"column":66}},"74":{"start":{"line":151,"column":6},"end":{"line":153,"column":26}},"75":{"start":{"line":155,"column":4},"end":{"line":162,"column":null}},"76":{"start":{"line":156,"column":6},"end":{"line":161,"column":null}},"77":{"start":{"line":157,"column":8},"end":{"line":157,"column":52}},"78":{"start":{"line":159,"column":8},"end":{"line":160,"column":72}},"79":{"start":{"line":164,"column":4},"end":{"line":166,"column":null}},"80":{"start":{"line":165,"column":6},"end":{"line":165,"column":63}},"81":{"start":{"line":167,"column":4},"end":{"line":167,"column":57}},"82":{"start":{"line":168,"column":4},"end":{"line":168,"column":61}},"83":{"start":{"line":169,"column":4},"end":{"line":171,"column":null}},"84":{"start":{"line":170,"column":6},"end":{"line":170,"column":51}},"85":{"start":{"line":172,"column":4},"end":{"line":172,"column":30}},"86":{"start":{"line":174,"column":4},"end":{"line":186,"column":null}},"87":{"start":{"line":175,"column":17},"end":{"line":175,"column":31}},"88":{"start":{"line":176,"column":6},"end":{"line":182,"column":null}},"89":{"start":{"line":176,"column":31},"end":{"line":176,"column":37}},"90":{"start":{"line":176,"column":31},"end":{"line":176,"column":63}},"91":{"start":{"line":176,"column":17},"end":{"line":176,"column":18}},"92":{"start":{"line":176,"column":18},"end":{"line":176,"column":21}},"93":{"start":{"line":176,"column":23},"end":{"line":176,"column":26}},"94":{"start":{"line":177,"column":8},"end":{"line":181,"column":null}},"95":{"start":{"line":178,"column":10},"end":{"line":178,"column":49}},"96":{"start":{"line":180,"column":10},"end":{"line":180,"column":36}},"97":{"start":{"line":183,"column":6},"end":{"line":183,"column":24}},"98":{"start":{"line":184,"column":11},"end":{"line":186,"column":null}},"99":{"start":{"line":185,"column":6},"end":{"line":185,"column":50}},"100":{"start":{"line":188,"column":4},"end":{"line":188,"column":19}},"101":{"start":{"line":191,"column":2},"end":{"line":199,"column":null}},"102":{"start":{"line":192,"column":23},"end":{"line":192,"column":51}},"103":{"start":{"line":194,"column":4},"end":{"line":198,"column":7}},"104":{"start":{"line":201,"column":10},"end":{"line":225,"column":null}},"105":{"start":{"line":205,"column":18},"end":{"line":205,"column":20}},"106":{"start":{"line":207,"column":4},"end":{"line":223,"column":null}},"107":{"start":{"line":208,"column":6},"end":{"line":222,"column":null}},"108":{"start":{"line":209,"column":8},"end":{"line":212,"column":71}},"109":{"start":{"line":214,"column":23},"end":{"line":214,"column":57}},"110":{"start":{"line":215,"column":23},"end":{"line":215,"column":60}},"111":{"start":{"line":217,"column":8},"end":{"line":221,"column":null}},"112":{"start":{"line":218,"column":10},"end":{"line":218,"column":125}},"113":{"start":{"line":219,"column":15},"end":{"line":221,"column":null}},"114":{"start":{"line":220,"column":10},"end":{"line":220,"column":75}},"115":{"start":{"line":224,"column":4},"end":{"line":224,"column":19}},"116":{"start":{"line":227,"column":2},"end":{"line":314,"column":null}},"117":{"start":{"line":227,"column":2},"end":{"line":227,"column":9}},"118":{"start":{"line":228,"column":16},"end":{"line":228,"column":40}},"119":{"start":{"line":229,"column":4},"end":{"line":313,"column":7}},"120":{"start":{"line":230,"column":6},"end":{"line":312,"column":11}},"121":{"start":{"line":232,"column":10},"end":{"line":234,"column":null}},"122":{"start":{"line":233,"column":12},"end":{"line":233,"column":52}},"123":{"start":{"line":236,"column":29},"end":{"line":236,"column":null}},"124":{"start":{"line":240,"column":26},"end":{"line":242,"column":null}},"125":{"start":{"line":244,"column":10},"end":{"line":246,"column":null}},"126":{"start":{"line":245,"column":12},"end":{"line":245,"column":34}},"127":{"start":{"line":248,"column":10},"end":{"line":307,"column":null}},"128":{"start":{"line":249,"column":12},"end":{"line":272,"column":15}},"129":{"start":{"line":250,"column":14},"end":{"line":271,"column":null}},"130":{"start":{"line":251,"column":39},"end":{"line":251,"column":55}},"131":{"start":{"line":252,"column":30},"end":{"line":255,"column":null}},"132":{"start":{"line":257,"column":16},"end":{"line":259,"column":null}},"133":{"start":{"line":258,"column":18},"end":{"line":258,"column":70}},"134":{"start":{"line":260,"column":16},"end":{"line":262,"column":null}},"135":{"start":{"line":261,"column":18},"end":{"line":261,"column":66}},"136":{"start":{"line":263,"column":16},"end":{"line":263,"column":37}},"137":{"start":{"line":265,"column":30},"end":{"line":268,"column":null}},"138":{"start":{"line":270,"column":16},"end":{"line":270,"column":37}},"139":{"start":{"line":274,"column":12},"end":{"line":306,"column":null}},"140":{"start":{"line":275,"column":14},"end":{"line":288,"column":19}},"141":{"start":{"line":279,"column":59},"end":{"line":279,"column":61}},"142":{"start":{"line":280,"column":18},"end":{"line":282,"column":21}},"143":{"start":{"line":281,"column":20},"end":{"line":281,"column":39}},"144":{"start":{"line":283,"column":18},"end":{"line":283,"column":47}},"145":{"start":{"line":284,"column":18},"end":{"line":284,"column":46}},"146":{"start":{"line":287,"column":18},"end":{"line":287,"column":35}},"147":{"start":{"line":289,"column":19},"end":{"line":306,"column":null}},"148":{"start":{"line":293,"column":14},"end":{"line":293,"column":40}},"149":{"start":{"line":294,"column":19},"end":{"line":306,"column":null}},"150":{"start":{"line":297,"column":14},"end":{"line":297,"column":46}},"151":{"start":{"line":299,"column":14},"end":{"line":305,"column":17}},"152":{"start":{"line":300,"column":16},"end":{"line":304,"column":null}},"153":{"start":{"line":301,"column":18},"end":{"line":301,"column":51}},"154":{"start":{"line":303,"column":18},"end":{"line":303,"column":39}},"155":{"start":{"line":310,"column":10},"end":{"line":310,"column":75}},"156":{"start":{"line":311,"column":10},"end":{"line":311,"column":29}},"157":{"start":{"line":315,"column":0},"end":{"line":315,"column":null}}},"fnMap":{"0":{"name":"(anonymous_4)","decl":{"start":{"line":30,"column":0},"end":{"line":30,"column":12}},"loc":{"start":{"line":30,"column":22},"end":{"line":33,"column":1}}},"1":{"name":"(anonymous_5)","decl":{"start":{"line":54,"column":0},"end":{"line":54,"column":null}},"loc":{"start":{"line":54,"column":0},"end":{"line":315,"column":null}}},"2":{"name":"NylasConnection","decl":{"start":{"line":109,"column":2},"end":{"line":109,"column":null}},"loc":{"start":{"line":111,"column":57},"end":{"line":115,"column":3}}},"3":{"name":"(anonymous_7)","decl":{"start":{"line":117,"column":2},"end":{"line":117,"column":16}},"loc":{"start":{"line":117,"column":40},"end":{"line":189,"column":3}}},"4":{"name":"(anonymous_8)","decl":{"start":{"line":191,"column":2},"end":{"line":191,"column":12}},"loc":{"start":{"line":191,"column":36},"end":{"line":199,"column":3}}},"5":{"name":"(anonymous_9)","decl":{"start":{"line":201,"column":2},"end":{"line":201,"column":10}},"loc":{"start":{"line":203,"column":23},"end":{"line":225,"column":3}}},"6":{"name":"(anonymous_10)","decl":{"start":{"line":227,"column":2},"end":{"line":227,"column":9}},"loc":{"start":{"line":227,"column":33},"end":{"line":314,"column":3}}},"7":{"name":"(anonymous_11)","decl":{"start":{"line":229,"column":28},"end":{"line":229,"column":29}},"loc":{"start":{"line":229,"column":44},"end":{"line":313,"column":5}}},"8":{"name":"(anonymous_12)","decl":{"start":{"line":231,"column":14},"end":{"line":231,"column":22}},"loc":{"start":{"line":231,"column":22},"end":{"line":308,"column":9}}},"9":{"name":"(anonymous_13)","decl":{"start":{"line":249,"column":40},"end":{"line":249,"column":44}},"loc":{"start":{"line":249,"column":44},"end":{"line":272,"column":13}}},"10":{"name":"(anonymous_14)","decl":{"start":{"line":277,"column":22},"end":{"line":277,"column":28}},"loc":{"start":{"line":277,"column":28},"end":{"line":285,"column":17}}},"11":{"name":"(anonymous_15)","decl":{"start":{"line":280,"column":43},"end":{"line":280,"column":44}},"loc":{"start":{"line":280,"column":48},"end":{"line":282,"column":19}}},"12":{"name":"(anonymous_16)","decl":{"start":{"line":286,"column":23},"end":{"line":286,"column":24}},"loc":{"start":{"line":286,"column":24},"end":{"line":288,"column":17}}},"13":{"name":"(anonymous_17)","decl":{"start":{"line":299,"column":42},"end":{"line":299,"column":46}},"loc":{"start":{"line":299,"column":46},"end":{"line":305,"column":15}}},"14":{"name":"(anonymous_18)","decl":{"start":{"line":309,"column":15},"end":{"line":309,"column":16}},"loc":{"start":{"line":309,"column":26},"end":{"line":312,"column":9}}}},"branchMap":{"0":{"loc":{"start":{"line":30,"column":12},"end":{"line":30,"column":22}},"type":"binary-expr","locations":[{"start":{"line":30,"column":12},"end":{"line":30,"column":22}},{"start":{"line":30,"column":12},"end":{"line":30,"column":null}}]},"1":{"loc":{"start":{"line":118,"column":38},"end":{"line":118,"column":53}},"type":"cond-expr","locations":[{"start":{"line":118,"column":38},"end":{"line":118,"column":53}},{"start":{"line":118,"column":56},"end":{"line":118,"column":72}}]},"2":{"loc":{"start":{"line":121,"column":4},"end":{"line":146,"column":null}},"type":"if","locations":[{"start":{"line":121,"column":4},"end":{"line":146,"column":null}},{"start":{"line":121,"column":4},"end":{"line":146,"column":null}}]},"3":{"loc":{"start":{"line":125,"column":8},"end":{"line":144,"column":null}},"type":"if","locations":[{"start":{"line":125,"column":8},"end":{"line":144,"column":null}},{"start":{"line":125,"column":8},"end":{"line":144,"column":null}}]},"4":{"loc":{"start":{"line":126,"column":10},"end":{"line":128,"column":null}},"type":"if","locations":[{"start":{"line":126,"column":10},"end":{"line":128,"column":null}},{"start":{"line":126,"column":10},"end":{"line":128,"column":null}}]},"5":{"loc":{"start":{"line":129,"column":15},"end":{"line":144,"column":null}},"type":"if","locations":[{"start":{"line":129,"column":15},"end":{"line":144,"column":null}},{"start":{"line":129,"column":15},"end":{"line":144,"column":null}}]},"6":{"loc":{"start":{"line":138,"column":15},"end":{"line":144,"column":null}},"type":"if","locations":[{"start":{"line":138,"column":15},"end":{"line":144,"column":null}},{"start":{"line":138,"column":15},"end":{"line":144,"column":null}}]},"7":{"loc":{"start":{"line":152,"column":10},"end":{"line":152,"column":29}},"type":"cond-expr","locations":[{"start":{"line":152,"column":10},"end":{"line":152,"column":29}},{"start":{"line":153,"column":10},"end":{"line":153,"column":26}}]},"8":{"loc":{"start":{"line":151,"column":6},"end":{"line":151,"column":41}},"type":"binary-expr","locations":[{"start":{"line":151,"column":6},"end":{"line":151,"column":41}},{"start":{"line":151,"column":45},"end":{"line":151,"column":80}}]},"9":{"loc":{"start":{"line":155,"column":4},"end":{"line":162,"column":null}},"type":"if","locations":[{"start":{"line":155,"column":4},"end":{"line":162,"column":null}},{"start":{"line":155,"column":4},"end":{"line":162,"column":null}}]},"10":{"loc":{"start":{"line":156,"column":6},"end":{"line":161,"column":null}},"type":"if","locations":[{"start":{"line":156,"column":6},"end":{"line":161,"column":null}},{"start":{"line":156,"column":6},"end":{"line":161,"column":null}}]},"11":{"loc":{"start":{"line":164,"column":4},"end":{"line":166,"column":null}},"type":"if","locations":[{"start":{"line":164,"column":4},"end":{"line":166,"column":null}},{"start":{"line":164,"column":4},"end":{"line":166,"column":null}}]},"12":{"loc":{"start":{"line":169,"column":4},"end":{"line":171,"column":null}},"type":"if","locations":[{"start":{"line":169,"column":4},"end":{"line":171,"column":null}},{"start":{"line":169,"column":4},"end":{"line":171,"column":null}}]},"13":{"loc":{"start":{"line":174,"column":4},"end":{"line":186,"column":null}},"type":"if","locations":[{"start":{"line":174,"column":4},"end":{"line":186,"column":null}},{"start":{"line":174,"column":4},"end":{"line":186,"column":null}}]},"14":{"loc":{"start":{"line":177,"column":8},"end":{"line":181,"column":null}},"type":"if","locations":[{"start":{"line":177,"column":8},"end":{"line":181,"column":null}},{"start":{"line":177,"column":8},"end":{"line":181,"column":null}}]},"15":{"loc":{"start":{"line":184,"column":11},"end":{"line":186,"column":null}},"type":"if","locations":[{"start":{"line":184,"column":11},"end":{"line":186,"column":null}},{"start":{"line":184,"column":11},"end":{"line":186,"column":null}}]},"16":{"loc":{"start":{"line":184,"column":15},"end":{"line":184,"column":27}},"type":"binary-expr","locations":[{"start":{"line":184,"column":15},"end":{"line":184,"column":27}},{"start":{"line":184,"column":31},"end":{"line":184,"column":53}}]},"17":{"loc":{"start":{"line":194,"column":23},"end":{"line":194,"column":37}},"type":"binary-expr","locations":[{"start":{"line":194,"column":23},"end":{"line":194,"column":37}},{"start":{"line":194,"column":41},"end":{"line":194,"column":43}}]},"18":{"loc":{"start":{"line":195,"column":14},"end":{"line":195,"column":31}},"type":"binary-expr","locations":[{"start":{"line":195,"column":14},"end":{"line":195,"column":31}},{"start":{"line":195,"column":35},"end":{"line":195,"column":40}}]},"19":{"loc":{"start":{"line":207,"column":4},"end":{"line":223,"column":null}},"type":"if","locations":[{"start":{"line":207,"column":4},"end":{"line":223,"column":null}},{"start":{"line":207,"column":4},"end":{"line":223,"column":null}}]},"20":{"loc":{"start":{"line":208,"column":6},"end":{"line":222,"column":null}},"type":"if","locations":[{"start":{"line":208,"column":6},"end":{"line":222,"column":null}},{"start":{"line":208,"column":6},"end":{"line":222,"column":null}}]},"21":{"loc":{"start":{"line":208,"column":10},"end":{"line":208,"column":23}},"type":"binary-expr","locations":[{"start":{"line":208,"column":10},"end":{"line":208,"column":23}},{"start":{"line":208,"column":27},"end":{"line":208,"column":37}}]},"22":{"loc":{"start":{"line":217,"column":8},"end":{"line":221,"column":null}},"type":"if","locations":[{"start":{"line":217,"column":8},"end":{"line":221,"column":null}},{"start":{"line":217,"column":8},"end":{"line":221,"column":null}}]},"23":{"loc":{"start":{"line":219,"column":15},"end":{"line":221,"column":null}},"type":"if","locations":[{"start":{"line":219,"column":15},"end":{"line":221,"column":null}},{"start":{"line":219,"column":15},"end":{"line":221,"column":null}}]},"24":{"loc":{"start":{"line":232,"column":10},"end":{"line":234,"column":null}},"type":"if","locations":[{"start":{"line":232,"column":10},"end":{"line":234,"column":null}},{"start":{"line":232,"column":10},"end":{"line":234,"column":null}}]},"25":{"loc":{"start":{"line":244,"column":10},"end":{"line":246,"column":null}},"type":"if","locations":[{"start":{"line":244,"column":10},"end":{"line":246,"column":null}},{"start":{"line":244,"column":10},"end":{"line":246,"column":null}}]},"26":{"loc":{"start":{"line":248,"column":10},"end":{"line":307,"column":null}},"type":"if","locations":[{"start":{"line":248,"column":10},"end":{"line":307,"column":null}},{"start":{"line":248,"column":10},"end":{"line":307,"column":null}}]},"27":{"loc":{"start":{"line":257,"column":16},"end":{"line":259,"column":null}},"type":"if","locations":[{"start":{"line":257,"column":16},"end":{"line":259,"column":null}},{"start":{"line":257,"column":16},"end":{"line":259,"column":null}}]},"28":{"loc":{"start":{"line":260,"column":16},"end":{"line":262,"column":null}},"type":"if","locations":[{"start":{"line":260,"column":16},"end":{"line":262,"column":null}},{"start":{"line":260,"column":16},"end":{"line":262,"column":null}}]},"29":{"loc":{"start":{"line":274,"column":12},"end":{"line":306,"column":null}},"type":"if","locations":[{"start":{"line":274,"column":12},"end":{"line":306,"column":null}},{"start":{"line":274,"column":12},"end":{"line":306,"column":null}}]},"30":{"loc":{"start":{"line":289,"column":19},"end":{"line":306,"column":null}},"type":"if","locations":[{"start":{"line":289,"column":19},"end":{"line":306,"column":null}},{"start":{"line":289,"column":19},"end":{"line":306,"column":null}}]},"31":{"loc":{"start":{"line":290,"column":14},"end":{"line":290,"column":52}},"type":"binary-expr","locations":[{"start":{"line":290,"column":14},"end":{"line":290,"column":52}},{"start":{"line":291,"column":14},"end":{"line":291,"column":65}}]},"32":{"loc":{"start":{"line":294,"column":19},"end":{"line":306,"column":null}},"type":"if","locations":[{"start":{"line":294,"column":19},"end":{"line":306,"column":null}},{"start":{"line":294,"column":19},"end":{"line":306,"column":null}}]}},"s":{"0":27,"1":27,"2":27,"3":27,"4":27,"5":27,"6":27,"7":27,"8":27,"9":27,"10":27,"11":27,"12":27,"13":27,"14":27,"15":27,"16":27,"17":27,"18":27,"19":27,"20":27,"21":27,"22":27,"23":27,"24":27,"25":27,"26":27,"27":27,"28":27,"29":27,"30":524,"31":524,"32":524,"33":524,"34":524,"35":524,"36":524,"37":524,"38":524,"39":524,"40":524,"41":524,"42":524,"43":524,"44":524,"45":524,"46":524,"47":524,"48":524,"49":524,"50":27,"51":125,"52":125,"53":125,"54":78,"55":78,"56":78,"57":27,"58":27,"59":27,"60":27,"61":3,"62":3,"63":24,"64":0,"65":0,"66":24,"67":0,"68":0,"69":0,"70":0,"71":24,"72":125,"73":125,"74":125,"75":125,"76":125,"77":5,"78":120,"79":125,"80":125,"81":125,"82":125,"83":125,"84":125,"85":125,"86":125,"87":2,"88":2,"89":2,"90":2,"91":2,"92":2,"93":2,"94":2,"95":2,"96":0,"97":2,"98":123,"99":79,"100":125,"101":27,"102":124,"103":124,"104":27,"105":120,"106":120,"107":119,"108":2,"109":2,"110":2,"111":2,"112":1,"113":1,"114":1,"115":120,"116":27,"117":117,"118":117,"119":117,"120":117,"121":117,"122":0,"123":117,"124":117,"125":117,"126":0,"127":117,"128":2,"129":2,"130":2,"131":1,"132":1,"133":1,"134":1,"135":1,"136":1,"137":1,"138":1,"139":115,"140":3,"141":3,"142":3,"143":6,"144":3,"145":3,"146":0,"147":112,"148":1,"149":111,"150":1,"151":110,"152":110,"153":110,"154":5,"155":0,"156":0,"157":27},"f":{"0":27,"1":27,"2":524,"3":125,"4":124,"5":120,"6":117,"7":117,"8":117,"9":2,"10":3,"11":6,"12":0,"13":110,"14":0},"b":{"0":[27,27],"1":[14,111],"2":[78,47],"3":[3,24],"4":[3,0],"5":[0,24],"6":[0,24],"7":[6,119],"8":[125,125],"9":[125,0],"10":[5,120],"11":[125,0],"12":[125,0],"13":[2,123],"14":[2,0],"15":[79,44],"16":[123,80],"17":[124,0],"18":[124,3],"19":[119,1],"20":[2,117],"21":[119,119],"22":[1,1],"23":[1,0],"24":[0,117],"25":[0,117],"26":[2,115],"27":[1,0],"28":[1,0],"29":[3,112],"30":[1,111],"31":[112,4],"32":[1,110]}}
,"/Users/kiranraju/Documents/NodeSDK/nylas-nodejs/src/nylas.ts": {"path":"/Users/kiranraju/Documents/NodeSDK/nylas-nodejs/src/nylas.ts","statementMap":{"0":{"start":{"line":2,"column":0},"end":{"line":2,"column":26}},"1":{"start":{"line":3,"column":0},"end":{"line":3,"column":31}},"2":{"start":{"line":4,"column":0},"end":{"line":4,"column":35}},"3":{"start":{"line":5,"column":0},"end":{"line":5,"column":69}},"4":{"start":{"line":6,"column":0},"end":{"line":6,"column":60}},"5":{"start":{"line":7,"column":0},"end":{"line":7,"column":39}},"6":{"start":{"line":8,"column":0},"end":{"line":8,"column":39}},"7":{"start":{"line":9,"column":0},"end":{"line":9,"column":71}},"8":{"start":{"line":10,"column":0},"end":{"line":10,"column":77}},"9":{"start":{"line":11,"column":0},"end":{"line":11,"column":39}},"10":{"start":{"line":13,"column":0},"end":{"line":13,"column":48}},"11":{"start":{"line":14,"column":0},"end":{"line":14,"column":null}},"12":{"start":{"line":18,"column":0},"end":{"line":18,"column":null}},"13":{"start":{"line":20,"column":2},"end":{"line":22,"column":null}},"14":{"start":{"line":21,"column":4},"end":{"line":21,"column":31}},"15":{"start":{"line":24,"column":4},"end":{"line":24,"column":44}},"16":{"start":{"line":26,"column":2},"end":{"line":28,"column":null}},"17":{"start":{"line":27,"column":4},"end":{"line":27,"column":28}},"18":{"start":{"line":30,"column":4},"end":{"line":30,"column":38}},"19":{"start":{"line":38,"column":9},"end":{"line":76,"column":null}},"20":{"start":{"line":39,"column":4},"end":{"line":43,"column":null}},"21":{"start":{"line":40,"column":6},"end":{"line":42,"column":8}},"22":{"start":{"line":45,"column":4},"end":{"line":47,"column":null}},"23":{"start":{"line":46,"column":6},"end":{"line":46,"column":38}},"24":{"start":{"line":48,"column":4},"end":{"line":50,"column":null}},"25":{"start":{"line":49,"column":6},"end":{"line":49,"column":46}},"26":{"start":{"line":51,"column":4},"end":{"line":55,"column":null}},"27":{"start":{"line":52,"column":6},"end":{"line":52,"column":40}},"28":{"start":{"line":54,"column":6},"end":{"line":54,"column":47}},"29":{"start":{"line":57,"column":17},"end":{"line":59,"column":6}},"30":{"start":{"line":60,"column":4},"end":{"line":60,"column":71}},"31":{"start":{"line":61,"column":4},"end":{"line":61,"column":80}},"32":{"start":{"line":62,"column":4},"end":{"line":73,"column":null}},"33":{"start":{"line":63,"column":6},"end":{"line":67,"column":56}},"34":{"start":{"line":69,"column":6},"end":{"line":72,"column":43}},"35":{"start":{"line":75,"column":4},"end":{"line":75,"column":16}},"36":{"start":{"line":78,"column":9},"end":{"line":80,"column":null}},"37":{"start":{"line":79,"column":4},"end":{"line":79,"column":62}},"38":{"start":{"line":82,"column":9},"end":{"line":87,"column":null}},"39":{"start":{"line":83,"column":4},"end":{"line":85,"column":null}},"40":{"start":{"line":84,"column":6},"end":{"line":84,"column":64}},"41":{"start":{"line":86,"column":4},"end":{"line":86,"column":73}},"42":{"start":{"line":89,"column":9},"end":{"line":116,"column":null}},"43":{"start":{"line":92,"column":4},"end":{"line":94,"column":null}},"44":{"start":{"line":93,"column":6},"end":{"line":93,"column":59}},"45":{"start":{"line":96,"column":4},"end":{"line":98,"column":null}},"46":{"start":{"line":97,"column":6},"end":{"line":97,"column":63}},"47":{"start":{"line":100,"column":23},"end":{"line":100,"column":77}},"48":{"start":{"line":101,"column":43},"end":{"line":103,"column":6}},"49":{"start":{"line":105,"column":4},"end":{"line":112,"column":null}},"50":{"start":{"line":106,"column":6},"end":{"line":110,"column":8}},"51":{"start":{"line":111,"column":6},"end":{"line":111,"column":36}},"52":{"start":{"line":113,"column":4},"end":{"line":115,"column":7}},"53":{"start":{"line":114,"column":6},"end":{"line":114,"column":52}},"54":{"start":{"line":118,"column":9},"end":{"line":162,"column":null}},"55":{"start":{"line":122,"column":4},"end":{"line":126,"column":null}},"56":{"start":{"line":123,"column":6},"end":{"line":125,"column":8}},"57":{"start":{"line":127,"column":4},"end":{"line":129,"column":null}},"58":{"start":{"line":128,"column":6},"end":{"line":128,"column":75}},"59":{"start":{"line":131,"column":16},"end":{"line":131,"column":56}},"60":{"start":{"line":132,"column":4},"end":{"line":132,"column":53}},"61":{"start":{"line":133,"column":4},"end":{"line":133,"column":61}},"62":{"start":{"line":134,"column":4},"end":{"line":134,"column":61}},"63":{"start":{"line":135,"column":4},"end":{"line":135,"column":39}},"64":{"start":{"line":136,"column":4},"end":{"line":161,"column":8}},"65":{"start":{"line":138,"column":8},"end":{"line":140,"column":null}},"66":{"start":{"line":139,"column":10},"end":{"line":139,"column":33}},"67":{"start":{"line":144,"column":10},"end":{"line":148,"column":null}},"68":{"start":{"line":145,"column":31},"end":{"line":145,"column":60}},"69":{"start":{"line":146,"column":12},"end":{"line":146,"column":66}},"70":{"start":{"line":146,"column":38},"end":{"line":146,"column":66}},"71":{"start":{"line":147,"column":12},"end":{"line":147,"column":42}},"72":{"start":{"line":149,"column":10},"end":{"line":151,"column":null}},"73":{"start":{"line":150,"column":12},"end":{"line":150,"column":33}},"74":{"start":{"line":152,"column":10},"end":{"line":152,"column":50}},"75":{"start":{"line":155,"column":27},"end":{"line":155,"column":51}},"76":{"start":{"line":156,"column":10},"end":{"line":158,"column":null}},"77":{"start":{"line":157,"column":12},"end":{"line":157,"column":31}},"78":{"start":{"line":159,"column":10},"end":{"line":159,"column":25}},"79":{"start":{"line":164,"column":9},"end":{"line":190,"column":null}},"80":{"start":{"line":165,"column":4},"end":{"line":169,"column":null}},"81":{"start":{"line":166,"column":6},"end":{"line":168,"column":8}},"82":{"start":{"line":170,"column":4},"end":{"line":172,"column":null}},"83":{"start":{"line":171,"column":6},"end":{"line":171,"column":77}},"84":{"start":{"line":173,"column":4},"end":{"line":175,"column":null}},"85":{"start":{"line":174,"column":6},"end":{"line":174,"column":29}},"86":{"start":{"line":176,"column":17},"end":{"line":176,"column":163}},"87":{"start":{"line":177,"column":4},"end":{"line":179,"column":null}},"88":{"start":{"line":178,"column":6},"end":{"line":178,"column":39}},"89":{"start":{"line":180,"column":4},"end":{"line":182,"column":null}},"90":{"start":{"line":181,"column":6},"end":{"line":181,"column":51}},"91":{"start":{"line":183,"column":4},"end":{"line":185,"column":null}},"92":{"start":{"line":184,"column":6},"end":{"line":184,"column":45}},"93":{"start":{"line":186,"column":4},"end":{"line":188,"column":null}},"94":{"start":{"line":187,"column":6},"end":{"line":187,"column":39}},"95":{"start":{"line":189,"column":4},"end":{"line":189,"column":15}},"96":{"start":{"line":196,"column":9},"end":{"line":203,"column":null}},"97":{"start":{"line":197,"column":4},"end":{"line":202,"column":41}},"98":{"start":{"line":202,"column":20},"end":{"line":202,"column":40}},"99":{"start":{"line":19,"column":9},"end":{"line":19,"column":23}},"100":{"start":{"line":204,"column":0},"end":{"line":204,"column":null}},"101":{"start":{"line":206,"column":0},"end":{"line":206,"column":15}}},"fnMap":{"0":{"name":"(anonymous_2)","decl":{"start":{"line":18,"column":0},"end":{"line":18,"column":null}},"loc":{"start":{"line":18,"column":0},"end":{"line":18,"column":null}}},"1":{"name":"(anonymous_4)","decl":{"start":{"line":20,"column":2},"end":{"line":20,"column":13}},"loc":{"start":{"line":20,"column":2},"end":{"line":22,"column":3}}},"2":{"name":"(anonymous_5)","decl":{"start":{"line":23,"column":2},"end":{"line":23,"column":26}},"loc":{"start":{"line":23,"column":49},"end":{"line":25,"column":3}}},"3":{"name":"(anonymous_6)","decl":{"start":{"line":26,"column":2},"end":{"line":26,"column":13}},"loc":{"start":{"line":26,"column":2},"end":{"line":28,"column":3}}},"4":{"name":"(anonymous_7)","decl":{"start":{"line":29,"column":2},"end":{"line":29,"column":23}},"loc":{"start":{"line":29,"column":50},"end":{"line":31,"column":3}}},"5":{"name":"(anonymous_8)","decl":{"start":{"line":38,"column":2},"end":{"line":38,"column":9}},"loc":{"start":{"line":38,"column":35},"end":{"line":76,"column":3}}},"6":{"name":"(anonymous_9)","decl":{"start":{"line":78,"column":2},"end":{"line":78,"column":9}},"loc":{"start":{"line":78,"column":2},"end":{"line":80,"column":3}}},"7":{"name":"(anonymous_10)","decl":{"start":{"line":82,"column":2},"end":{"line":82,"column":9}},"loc":{"start":{"line":82,"column":33},"end":{"line":87,"column":3}}},"8":{"name":"(anonymous_11)","decl":{"start":{"line":89,"column":2},"end":{"line":89,"column":9}},"loc":{"start":{"line":90,"column":42},"end":{"line":116,"column":3}}},"9":{"name":"(anonymous_12)","decl":{"start":{"line":113,"column":51},"end":{"line":113,"column":54}},"loc":{"start":{"line":113,"column":54},"end":{"line":115,"column":5}}},"10":{"name":"(anonymous_13)","decl":{"start":{"line":118,"column":2},"end":{"line":118,"column":9}},"loc":{"start":{"line":120,"column":66},"end":{"line":162,"column":3}}},"11":{"name":"(anonymous_14)","decl":{"start":{"line":137,"column":12},"end":{"line":137,"column":20}},"loc":{"start":{"line":137,"column":20},"end":{"line":141,"column":7}}},"12":{"name":"(anonymous_15)","decl":{"start":{"line":143,"column":8},"end":{"line":143,"column":12}},"loc":{"start":{"line":143,"column":12},"end":{"line":153,"column":9}}},"13":{"name":"(anonymous_16)","decl":{"start":{"line":154,"column":8},"end":{"line":154,"column":13}},"loc":{"start":{"line":154,"column":13},"end":{"line":160,"column":9}}},"14":{"name":"(anonymous_17)","decl":{"start":{"line":164,"column":2},"end":{"line":164,"column":9}},"loc":{"start":{"line":164,"column":60},"end":{"line":190,"column":3}}},"15":{"name":"(anonymous_18)","decl":{"start":{"line":196,"column":2},"end":{"line":196,"column":9}},"loc":{"start":{"line":196,"column":35},"end":{"line":203,"column":3}}},"16":{"name":"(anonymous_19)","decl":{"start":{"line":202,"column":13},"end":{"line":202,"column":16}},"loc":{"start":{"line":202,"column":16},"end":{"line":202,"column":27}}}},"branchMap":{"0":{"loc":{"start":{"line":39,"column":4},"end":{"line":43,"column":null}},"type":"if","locations":[{"start":{"line":39,"column":4},"end":{"line":43,"column":null}},{"start":{"line":39,"column":4},"end":{"line":43,"column":null}}]},"1":{"loc":{"start":{"line":39,"column":8},"end":{"line":39,"column":24}},"type":"binary-expr","locations":[{"start":{"line":39,"column":8},"end":{"line":39,"column":24}},{"start":{"line":39,"column":28},"end":{"line":39,"column":66}}]},"2":{"loc":{"start":{"line":45,"column":4},"end":{"line":47,"column":null}},"type":"if","locations":[{"start":{"line":45,"column":4},"end":{"line":47,"column":null}},{"start":{"line":45,"column":4},"end":{"line":47,"column":null}}]},"3":{"loc":{"start":{"line":48,"column":4},"end":{"line":50,"column":null}},"type":"if","locations":[{"start":{"line":48,"column":4},"end":{"line":50,"column":null}},{"start":{"line":48,"column":4},"end":{"line":50,"column":null}}]},"4":{"loc":{"start":{"line":51,"column":4},"end":{"line":55,"column":null}},"type":"if","locations":[{"start":{"line":51,"column":4},"end":{"line":55,"column":null}},{"start":{"line":51,"column":4},"end":{"line":55,"column":null}}]},"5":{"loc":{"start":{"line":62,"column":4},"end":{"line":73,"column":null}},"type":"if","locations":[{"start":{"line":62,"column":4},"end":{"line":73,"column":null}},{"start":{"line":62,"column":4},"end":{"line":73,"column":null}}]},"6":{"loc":{"start":{"line":79,"column":11},"end":{"line":79,"column":32}},"type":"binary-expr","locations":[{"start":{"line":79,"column":11},"end":{"line":79,"column":32}},{"start":{"line":79,"column":36},"end":{"line":79,"column":61}}]},"7":{"loc":{"start":{"line":83,"column":4},"end":{"line":85,"column":null}},"type":"if","locations":[{"start":{"line":83,"column":4},"end":{"line":85,"column":null}},{"start":{"line":83,"column":4},"end":{"line":85,"column":null}}]},"8":{"loc":{"start":{"line":92,"column":4},"end":{"line":94,"column":null}},"type":"if","locations":[{"start":{"line":92,"column":4},"end":{"line":94,"column":null}},{"start":{"line":92,"column":4},"end":{"line":94,"column":null}}]},"9":{"loc":{"start":{"line":96,"column":4},"end":{"line":98,"column":null}},"type":"if","locations":[{"start":{"line":96,"column":4},"end":{"line":98,"column":null}},{"start":{"line":96,"column":4},"end":{"line":98,"column":null}}]},"10":{"loc":{"start":{"line":105,"column":4},"end":{"line":112,"column":null}},"type":"if","locations":[{"start":{"line":105,"column":4},"end":{"line":112,"column":null}},{"start":{"line":105,"column":4},"end":{"line":112,"column":null}}]},"11":{"loc":{"start":{"line":122,"column":4},"end":{"line":126,"column":null}},"type":"if","locations":[{"start":{"line":122,"column":4},"end":{"line":126,"column":null}},{"start":{"line":122,"column":4},"end":{"line":126,"column":null}}]},"12":{"loc":{"start":{"line":122,"column":8},"end":{"line":122,"column":22}},"type":"binary-expr","locations":[{"start":{"line":122,"column":8},"end":{"line":122,"column":22}},{"start":{"line":122,"column":26},"end":{"line":122,"column":44}}]},"13":{"loc":{"start":{"line":127,"column":4},"end":{"line":129,"column":null}},"type":"if","locations":[{"start":{"line":127,"column":4},"end":{"line":129,"column":null}},{"start":{"line":127,"column":4},"end":{"line":129,"column":null}}]},"14":{"loc":{"start":{"line":138,"column":8},"end":{"line":140,"column":null}},"type":"if","locations":[{"start":{"line":138,"column":8},"end":{"line":140,"column":null}},{"start":{"line":138,"column":8},"end":{"line":140,"column":null}}]},"15":{"loc":{"start":{"line":144,"column":10},"end":{"line":148,"column":null}},"type":"if","locations":[{"start":{"line":144,"column":10},"end":{"line":148,"column":null}},{"start":{"line":144,"column":10},"end":{"line":148,"column":null}}]},"16":{"loc":{"start":{"line":144,"column":14},"end":{"line":144,"column":19}},"type":"binary-expr","locations":[{"start":{"line":144,"column":14},"end":{"line":144,"column":19}},{"start":{"line":144,"column":23},"end":{"line":144,"column":44}}]},"17":{"loc":{"start":{"line":146,"column":12},"end":{"line":146,"column":66}},"type":"if","locations":[{"start":{"line":146,"column":12},"end":{"line":146,"column":66}},{"start":{"line":146,"column":12},"end":{"line":146,"column":66}}]},"18":{"loc":{"start":{"line":146,"column":16},"end":{"line":146,"column":20}},"type":"binary-expr","locations":[{"start":{"line":146,"column":16},"end":{"line":146,"column":20}},{"start":{"line":146,"column":24},"end":{"line":146,"column":36}}]},"19":{"loc":{"start":{"line":149,"column":10},"end":{"line":151,"column":null}},"type":"if","locations":[{"start":{"line":149,"column":10},"end":{"line":151,"column":null}},{"start":{"line":149,"column":10},"end":{"line":151,"column":null}}]},"20":{"loc":{"start":{"line":156,"column":10},"end":{"line":158,"column":null}},"type":"if","locations":[{"start":{"line":156,"column":10},"end":{"line":158,"column":null}},{"start":{"line":156,"column":10},"end":{"line":158,"column":null}}]},"21":{"loc":{"start":{"line":165,"column":4},"end":{"line":169,"column":null}},"type":"if","locations":[{"start":{"line":165,"column":4},"end":{"line":169,"column":null}},{"start":{"line":165,"column":4},"end":{"line":169,"column":null}}]},"22":{"loc":{"start":{"line":170,"column":4},"end":{"line":172,"column":null}},"type":"if","locations":[{"start":{"line":170,"column":4},"end":{"line":172,"column":null}},{"start":{"line":170,"column":4},"end":{"line":172,"column":null}}]},"23":{"loc":{"start":{"line":173,"column":4},"end":{"line":175,"column":null}},"type":"if","locations":[{"start":{"line":173,"column":4},"end":{"line":175,"column":null}},{"start":{"line":173,"column":4},"end":{"line":175,"column":null}}]},"24":{"loc":{"start":{"line":177,"column":4},"end":{"line":179,"column":null}},"type":"if","locations":[{"start":{"line":177,"column":4},"end":{"line":179,"column":null}},{"start":{"line":177,"column":4},"end":{"line":179,"column":null}}]},"25":{"loc":{"start":{"line":180,"column":4},"end":{"line":182,"column":null}},"type":"if","locations":[{"start":{"line":180,"column":4},"end":{"line":182,"column":null}},{"start":{"line":180,"column":4},"end":{"line":182,"column":null}}]},"26":{"loc":{"start":{"line":183,"column":4},"end":{"line":185,"column":null}},"type":"if","locations":[{"start":{"line":183,"column":4},"end":{"line":185,"column":null}},{"start":{"line":183,"column":4},"end":{"line":185,"column":null}}]},"27":{"loc":{"start":{"line":186,"column":4},"end":{"line":188,"column":null}},"type":"if","locations":[{"start":{"line":186,"column":4},"end":{"line":188,"column":null}},{"start":{"line":186,"column":4},"end":{"line":188,"column":null}}]}},"s":{"0":23,"1":23,"2":23,"3":23,"4":23,"5":23,"6":23,"7":23,"8":23,"9":23,"10":23,"11":23,"12":23,"13":23,"14":812,"15":290,"16":23,"17":15,"18":288,"19":23,"20":265,"21":1,"22":264,"23":263,"24":264,"25":263,"26":264,"27":167,"28":97,"29":264,"30":264,"31":264,"32":264,"33":264,"34":0,"35":264,"36":23,"37":264,"38":23,"39":11,"40":1,"41":10,"42":23,"43":2,"44":1,"45":1,"46":1,"47":0,"48":0,"49":0,"50":0,"51":0,"52":0,"53":0,"54":23,"55":10,"56":1,"57":9,"58":1,"59":8,"60":8,"61":8,"62":8,"63":8,"64":8,"65":6,"66":6,"67":6,"68":2,"69":2,"70":1,"71":2,"72":4,"73":1,"74":4,"75":2,"76":2,"77":1,"78":2,"79":23,"80":7,"81":1,"82":6,"83":0,"84":5,"85":2,"86":5,"87":5,"88":0,"89":5,"90":1,"91":5,"92":1,"93":5,"94":0,"95":5,"96":23,"97":0,"98":0,"99":23,"100":23,"101":23},"f":{"0":23,"1":812,"2":290,"3":15,"4":288,"5":265,"6":264,"7":11,"8":2,"9":0,"10":10,"11":6,"12":6,"13":2,"14":7,"15":0,"16":0},"b":{"0":[1,264],"1":[265,168],"2":[263,1],"3":[263,1],"4":[167,97],"5":[264,0],"6":[264,264],"7":[1,10],"8":[1,1],"9":[1,0],"10":[0,0],"11":[1,9],"12":[10,9],"13":[1,8],"14":[6,0],"15":[2,4],"16":[6,5],"17":[1,1],"18":[2,1],"19":[1,3],"20":[1,1],"21":[1,6],"22":[0,5],"23":[2,3],"24":[0,5],"25":[1,4],"26":[1,4],"27":[0,5]}}
,"/Users/kiranraju/Documents/NodeSDK/nylas-nodejs/src/models/access-token.ts": {"path":"/Users/kiranraju/Documents/NodeSDK/nylas-nodejs/src/models/access-token.ts","statementMap":{"0":{"start":{"line":1,"column":0},"end":{"line":1,"column":28}},"1":{"start":{"line":2,"column":0},"end":{"line":2,"column":53}},"2":{"start":{"line":12,"column":0},"end":{"line":12,"column":null}},"3":{"start":{"line":12,"column":41},"end":{"line":12,"column":46}},"4":{"start":{"line":42,"column":4},"end":{"line":42,"column":null}},"5":{"start":{"line":14,"column":2},"end":{"line":14,"column":19}},"6":{"start":{"line":15,"column":2},"end":{"line":15,"column":17}},"7":{"start":{"line":16,"column":2},"end":{"line":16,"column":20}},"8":{"start":{"line":17,"column":2},"end":{"line":17,"column":16}},"9":{"start":{"line":18,"column":2},"end":{"line":18,"column":23}},"10":{"start":{"line":43,"column":4},"end":{"line":43,"column":31}},"11":{"start":{"line":19,"column":9},"end":{"line":39,"column":4}},"12":{"start":{"line":45,"column":0},"end":{"line":45,"column":null}},"13":{"start":{"line":12,"column":21},"end":{"line":12,"column":41}}},"fnMap":{"0":{"name":"(anonymous_7)","decl":{"start":{"line":12,"column":0},"end":{"line":12,"column":21}},"loc":{"start":{"line":12,"column":0},"end":{"line":12,"column":21}}},"1":{"name":"AccessToken","decl":{"start":{"line":41,"column":2},"end":{"line":41,"column":14}},"loc":{"start":{"line":41,"column":43},"end":{"line":44,"column":3}}}},"branchMap":{"0":{"loc":{"start":{"line":42,"column":4},"end":{"line":42,"column":11}},"type":"binary-expr","locations":[{"start":{"line":42,"column":4},"end":{"line":42,"column":11}},{"start":{"line":42,"column":11},"end":{"line":42,"column":null}}]}},"s":{"0":23,"1":23,"2":23,"3":23,"4":4,"5":4,"6":4,"7":4,"8":4,"9":4,"10":4,"11":23,"12":23,"13":23},"f":{"0":23,"1":4},"b":{"0":[4,4]}}
,"/Users/kiranraju/Documents/NodeSDK/nylas-nodejs/src/models/account.ts": {"path":"/Users/kiranraju/Documents/NodeSDK/nylas-nodejs/src/models/account.ts","statementMap":{"0":{"start":{"line":1,"column":0},"end":{"line":1,"column":43}},"1":{"start":{"line":2,"column":0},"end":{"line":2,"column":53}},"2":{"start":{"line":16,"column":0},"end":{"line":16,"column":null}},"3":{"start":{"line":16,"column":37},"end":{"line":16,"column":49}},"4":{"start":{"line":69,"column":4},"end":{"line":69,"column":null}},"5":{"start":{"line":17,"column":2},"end":{"line":17,"column":12}},"6":{"start":{"line":18,"column":2},"end":{"line":18,"column":20}},"7":{"start":{"line":19,"column":2},"end":{"line":19,"column":16}},"8":{"start":{"line":20,"column":2},"end":{"line":20,"column":24}},"9":{"start":{"line":21,"column":2},"end":{"line":21,"column":17}},"10":{"start":{"line":22,"column":2},"end":{"line":22,"column":24}},"11":{"start":{"line":23,"column":2},"end":{"line":23,"column":19}},"12":{"start":{"line":70,"column":4},"end":{"line":70,"column":31}},"13":{"start":{"line":25,"column":9},"end":{"line":25,"column":37}},"14":{"start":{"line":26,"column":9},"end":{"line":26,"column":34}},"15":{"start":{"line":27,"column":9},"end":{"line":65,"column":null}},"16":{"start":{"line":72,"column":0},"end":{"line":72,"column":null}},"17":{"start":{"line":16,"column":21},"end":{"line":16,"column":37}}},"fnMap":{"0":{"name":"(anonymous_9)","decl":{"start":{"line":16,"column":0},"end":{"line":16,"column":21}},"loc":{"start":{"line":16,"column":0},"end":{"line":16,"column":21}}},"1":{"name":"Account","decl":{"start":{"line":68,"column":2},"end":{"line":68,"column":14}},"loc":{"start":{"line":68,"column":68},"end":{"line":71,"column":3}}}},"branchMap":{"0":{"loc":{"start":{"line":69,"column":4},"end":{"line":69,"column":28}},"type":"binary-expr","locations":[{"start":{"line":69,"column":4},"end":{"line":69,"column":28}},{"start":{"line":69,"column":28},"end":{"line":69,"column":null}}]}},"s":{"0":27,"1":27,"2":27,"3":27,"4":3,"5":3,"6":3,"7":3,"8":3,"9":3,"10":3,"11":3,"12":3,"13":27,"14":27,"15":27,"16":27,"17":27},"f":{"0":27,"1":3},"b":{"0":[3,0]}}
,"/Users/kiranraju/Documents/NodeSDK/nylas-nodejs/src/models/application-details.ts": {"path":"/Users/kiranraju/Documents/NodeSDK/nylas-nodejs/src/models/application-details.ts","statementMap":{"0":{"start":{"line":1,"column":0},"end":{"line":1,"column":28}},"1":{"start":{"line":2,"column":0},"end":{"line":2,"column":53}},"2":{"start":{"line":10,"column":0},"end":{"line":10,"column":null}},"3":{"start":{"line":10,"column":48},"end":{"line":10,"column":53}},"4":{"start":{"line":31,"column":4},"end":{"line":31,"column":null}},"5":{"start":{"line":12,"column":2},"end":{"line":12,"column":23}},"6":{"start":{"line":13,"column":2},"end":{"line":13,"column":15}},"7":{"start":{"line":14,"column":2},"end":{"line":14,"column":30}},"8":{"start":{"line":32,"column":4},"end":{"line":32,"column":31}},"9":{"start":{"line":15,"column":9},"end":{"line":28,"column":4}},"10":{"start":{"line":34,"column":0},"end":{"line":34,"column":null}},"11":{"start":{"line":10,"column":21},"end":{"line":10,"column":48}}},"fnMap":{"0":{"name":"(anonymous_7)","decl":{"start":{"line":10,"column":0},"end":{"line":10,"column":21}},"loc":{"start":{"line":10,"column":0},"end":{"line":10,"column":21}}},"1":{"name":"ApplicationDetails","decl":{"start":{"line":30,"column":2},"end":{"line":30,"column":14}},"loc":{"start":{"line":30,"column":50},"end":{"line":33,"column":3}}}},"branchMap":{"0":{"loc":{"start":{"line":31,"column":4},"end":{"line":31,"column":11}},"type":"binary-expr","locations":[{"start":{"line":31,"column":4},"end":{"line":31,"column":11}},{"start":{"line":31,"column":11},"end":{"line":31,"column":null}}]}},"s":{"0":23,"1":23,"2":23,"3":23,"4":0,"5":0,"6":0,"7":0,"8":0,"9":23,"10":23,"11":23},"f":{"0":23,"1":0},"b":{"0":[0,0]}}
,"/Users/kiranraju/Documents/NodeSDK/nylas-nodejs/src/models/attributes.ts": {"path":"/Users/kiranraju/Documents/NodeSDK/nylas-nodejs/src/models/attributes.ts","statementMap":{"0":{"start":{"line":10,"column":2},"end":{"line":10,"column":76}},"1":{"start":{"line":13,"column":0},"end":{"line":13,"column":22}},"2":{"start":{"line":19,"column":4},"end":{"line":19,"column":12}},"3":{"start":{"line":20,"column":4},"end":{"line":20,"column":11}},"4":{"start":{"line":21,"column":4},"end":{"line":21,"column":12}},"5":{"start":{"line":27,"column":4},"end":{"line":27,"column":29}},"6":{"start":{"line":28,"column":4},"end":{"line":28,"column":39}},"7":{"start":{"line":29,"column":4},"end":{"line":29,"column":38}},"8":{"start":{"line":35,"column":2},"end":{"line":41,"column":null}},"9":{"start":{"line":36,"column":4},"end":{"line":38,"column":null}},"10":{"start":{"line":37,"column":6},"end":{"line":37,"column":23}},"11":{"start":{"line":40,"column":4},"end":{"line":40,"column":28}},"12":{"start":{"line":42,"column":0},"end":{"line":42,"column":null}},"13":{"start":{"line":13,"column":22},"end":{"line":13,"column":31}},"14":{"start":{"line":44,"column":0},"end":{"line":44,"column":null}},"15":{"start":{"line":44,"column":30},"end":{"line":44,"column":39}},"16":{"start":{"line":48,"column":4},"end":{"line":48,"column":12}},"17":{"start":{"line":49,"column":4},"end":{"line":49,"column":11}},"18":{"start":{"line":50,"column":4},"end":{"line":50,"column":13}},"19":{"start":{"line":51,"column":4},"end":{"line":51,"column":12}},"20":{"start":{"line":58,"column":4},"end":{"line":58,"column":null}},"21":{"start":{"line":59,"column":4},"end":{"line":59,"column":31}},"22":{"start":{"line":62,"column":2},"end":{"line":72,"column":null}},"23":{"start":{"line":63,"column":4},"end":{"line":65,"column":null}},"24":{"start":{"line":64,"column":6},"end":{"line":64,"column":17}},"25":{"start":{"line":66,"column":4},"end":{"line":70,"column":null}},"26":{"start":{"line":67,"column":6},"end":{"line":67,"column":35}},"27":{"start":{"line":68,"column":11},"end":{"line":70,"column":null}},"28":{"start":{"line":69,"column":6},"end":{"line":69,"column":26}},"29":{"start":{"line":71,"column":4},"end":{"line":71,"column":15}},"30":{"start":{"line":74,"column":2},"end":{"line":83,"column":null}},"31":{"start":{"line":75,"column":4},"end":{"line":77,"column":null}},"32":{"start":{"line":76,"column":6},"end":{"line":76,"column":17}},"33":{"start":{"line":79,"column":4},"end":{"line":81,"column":null}},"34":{"start":{"line":80,"column":6},"end":{"line":80,"column":71}},"35":{"start":{"line":82,"column":4},"end":{"line":82,"column":49}},"36":{"start":{"line":85,"column":2},"end":{"line":90,"column":null}},"37":{"start":{"line":86,"column":4},"end":{"line":88,"column":null}},"38":{"start":{"line":87,"column":6},"end":{"line":87,"column":13}},"39":{"start":{"line":89,"column":4},"end":{"line":89,"column":34}},"40":{"start":{"line":91,"column":0},"end":{"line":91,"column":null}},"41":{"start":{"line":93,"column":0},"end":{"line":93,"column":null}},"42":{"start":{"line":93,"column":30},"end":{"line":93,"column":39}},"43":{"start":{"line":94,"column":2},"end":{"line":96,"column":null}},"44":{"start":{"line":95,"column":4},"end":{"line":95,"column":15}},"45":{"start":{"line":97,"column":2},"end":{"line":103,"column":null}},"46":{"start":{"line":98,"column":4},"end":{"line":102,"column":null}},"47":{"start":{"line":99,"column":6},"end":{"line":99,"column":25}},"48":{"start":{"line":101,"column":6},"end":{"line":101,"column":18}},"49":{"start":{"line":104,"column":0},"end":{"line":104,"column":null}},"50":{"start":{"line":106,"column":0},"end":{"line":106,"column":null}},"51":{"start":{"line":106,"column":34},"end":{"line":106,"column":43}},"52":{"start":{"line":107,"column":2},"end":{"line":109,"column":null}},"53":{"start":{"line":108,"column":4},"end":{"line":108,"column":15}},"54":{"start":{"line":110,"column":2},"end":{"line":121,"column":null}},"55":{"start":{"line":111,"column":4},"end":{"line":113,"column":null}},"56":{"start":{"line":112,"column":6},"end":{"line":112,"column":16}},"57":{"start":{"line":114,"column":17},"end":{"line":114,"column":19}},"58":{"start":{"line":115,"column":4},"end":{"line":119,"column":null}},"59":{"start":{"line":116,"column":6},"end":{"line":118,"column":null}},"60":{"start":{"line":117,"column":8},"end":{"line":117,"column":31}},"61":{"start":{"line":120,"column":4},"end":{"line":120,"column":16}},"62":{"start":{"line":122,"column":0},"end":{"line":122,"column":null}},"63":{"start":{"line":124,"column":0},"end":{"line":124,"column":null}},"64":{"start":{"line":124,"column":31},"end":{"line":124,"column":40}},"65":{"start":{"line":125,"column":2},"end":{"line":127,"column":null}},"66":{"start":{"line":126,"column":4},"end":{"line":126,"column":15}},"67":{"start":{"line":128,"column":2},"end":{"line":130,"column":null}},"68":{"start":{"line":129,"column":4},"end":{"line":129,"column":51}},"69":{"start":{"line":131,"column":0},"end":{"line":131,"column":null}},"70":{"start":{"line":133,"column":0},"end":{"line":133,"column":null}},"71":{"start":{"line":133,"column":30},"end":{"line":133,"column":39}},"72":{"start":{"line":134,"column":2},"end":{"line":136,"column":null}},"73":{"start":{"line":135,"column":4},"end":{"line":135,"column":15}},"74":{"start":{"line":137,"column":2},"end":{"line":139,"column":null}},"75":{"start":{"line":138,"column":4},"end":{"line":138,"column":21}},"76":{"start":{"line":140,"column":0},"end":{"line":140,"column":null}},"77":{"start":{"line":142,"column":0},"end":{"line":142,"column":null}},"78":{"start":{"line":142,"column":34},"end":{"line":142,"column":43}},"79":{"start":{"line":143,"column":2},"end":{"line":145,"column":null}},"80":{"start":{"line":144,"column":4},"end":{"line":144,"column":15}},"81":{"start":{"line":146,"column":2},"end":{"line":148,"column":null}},"82":{"start":{"line":147,"column":4},"end":{"line":147,"column":21}},"83":{"start":{"line":149,"column":0},"end":{"line":149,"column":null}},"84":{"start":{"line":151,"column":0},"end":{"line":151,"column":null}},"85":{"start":{"line":151,"column":28},"end":{"line":151,"column":37}},"86":{"start":{"line":152,"column":2},"end":{"line":164,"column":null}},"87":{"start":{"line":153,"column":4},"end":{"line":155,"column":null}},"88":{"start":{"line":154,"column":6},"end":{"line":154,"column":17}},"89":{"start":{"line":156,"column":4},"end":{"line":162,"column":null}},"90":{"start":{"line":157,"column":6},"end":{"line":161,"column":8}},"91":{"start":{"line":163,"column":4},"end":{"line":163,"column":29}},"92":{"start":{"line":166,"column":2},"end":{"line":171,"column":null}},"93":{"start":{"line":167,"column":4},"end":{"line":169,"column":null}},"94":{"start":{"line":168,"column":6},"end":{"line":168,"column":18}},"95":{"start":{"line":170,"column":4},"end":{"line":170,"column":25}},"96":{"start":{"line":172,"column":0},"end":{"line":172,"column":null}},"97":{"start":{"line":174,"column":0},"end":{"line":174,"column":null}},"98":{"start":{"line":174,"column":32},"end":{"line":174,"column":41}},"99":{"start":{"line":175,"column":2},"end":{"line":187,"column":null}},"100":{"start":{"line":176,"column":4},"end":{"line":178,"column":null}},"101":{"start":{"line":177,"column":6},"end":{"line":177,"column":18}},"102":{"start":{"line":179,"column":4},"end":{"line":185,"column":null}},"103":{"start":{"line":180,"column":6},"end":{"line":184,"column":8}},"104":{"start":{"line":186,"column":4},"end":{"line":186,"column":34}},"105":{"start":{"line":189,"column":2},"end":{"line":194,"column":null}},"106":{"start":{"line":190,"column":4},"end":{"line":192,"column":null}},"107":{"start":{"line":191,"column":6},"end":{"line":191,"column":18}},"108":{"start":{"line":193,"column":4},"end":{"line":193,"column":32}},"109":{"start":{"line":195,"column":0},"end":{"line":195,"column":null}},"110":{"start":{"line":197,"column":0},"end":{"line":197,"column":null}},"111":{"start":{"line":197,"column":34},"end":{"line":197,"column":43}},"112":{"start":{"line":201,"column":4},"end":{"line":201,"column":12}},"113":{"start":{"line":202,"column":4},"end":{"line":202,"column":11}},"114":{"start":{"line":203,"column":4},"end":{"line":203,"column":13}},"115":{"start":{"line":204,"column":4},"end":{"line":204,"column":12}},"116":{"start":{"line":211,"column":4},"end":{"line":211,"column":null}},"117":{"start":{"line":212,"column":4},"end":{"line":212,"column":31}},"118":{"start":{"line":215,"column":2},"end":{"line":230,"column":null}},"119":{"start":{"line":216,"column":4},"end":{"line":218,"column":null}},"120":{"start":{"line":217,"column":6},"end":{"line":217,"column":16}},"121":{"start":{"line":219,"column":17},"end":{"line":219,"column":19}},"122":{"start":{"line":220,"column":4},"end":{"line":228,"column":null}},"123":{"start":{"line":220,"column":22},"end":{"line":220,"column":26}},"124":{"start":{"line":220,"column":18},"end":{"line":220,"column":22}},"125":{"start":{"line":221,"column":6},"end":{"line":227,"column":null}},"126":{"start":{"line":222,"column":8},"end":{"line":222,"column":41}},"127":{"start":{"line":223,"column":13},"end":{"line":227,"column":null}},"128":{"start":{"line":224,"column":8},"end":{"line":224,"column":32}},"129":{"start":{"line":226,"column":8},"end":{"line":226,"column":23}},"130":{"start":{"line":229,"column":4},"end":{"line":229,"column":16}},"131":{"start":{"line":232,"column":2},"end":{"line":247,"column":null}},"132":{"start":{"line":233,"column":4},"end":{"line":235,"column":null}},"133":{"start":{"line":234,"column":6},"end":{"line":234,"column":16}},"134":{"start":{"line":236,"column":17},"end":{"line":236,"column":19}},"135":{"start":{"line":237,"column":4},"end":{"line":245,"column":null}},"136":{"start":{"line":237,"column":26},"end":{"line":237,"column":30}},"137":{"start":{"line":237,"column":22},"end":{"line":237,"column":26}},"138":{"start":{"line":238,"column":13},"end":{"line":238,"column":14}},"139":{"start":{"line":239,"column":6},"end":{"line":243,"column":null}},"140":{"start":{"line":240,"column":8},"end":{"line":240,"column":80}},"141":{"start":{"line":242,"column":8},"end":{"line":242,"column":60}},"142":{"start":{"line":244,"column":6},"end":{"line":244,"column":21}},"143":{"start":{"line":246,"column":4},"end":{"line":246,"column":16}},"144":{"start":{"line":249,"column":2},"end":{"line":254,"column":null}},"145":{"start":{"line":250,"column":4},"end":{"line":252,"column":null}},"146":{"start":{"line":251,"column":6},"end":{"line":251,"column":13}},"147":{"start":{"line":253,"column":4},"end":{"line":253,"column":34}},"148":{"start":{"line":255,"column":0},"end":{"line":255,"column":null}},"149":{"start":{"line":257,"column":0},"end":{"line":257,"column":null}},"150":{"start":{"line":257,"column":28},"end":{"line":257,"column":37}},"151":{"start":{"line":261,"column":4},"end":{"line":261,"column":12}},"152":{"start":{"line":262,"column":4},"end":{"line":262,"column":13}},"153":{"start":{"line":263,"column":4},"end":{"line":263,"column":11}},"154":{"start":{"line":264,"column":4},"end":{"line":264,"column":12}},"155":{"start":{"line":271,"column":4},"end":{"line":271,"column":null}},"156":{"start":{"line":272,"column":4},"end":{"line":272,"column":31}},"157":{"start":{"line":275,"column":2},"end":{"line":277,"column":null}},"158":{"start":{"line":276,"column":4},"end":{"line":276,"column":26}},"159":{"start":{"line":279,"column":2},"end":{"line":284,"column":null}},"160":{"start":{"line":280,"column":4},"end":{"line":282,"column":null}},"161":{"start":{"line":281,"column":6},"end":{"line":281,"column":17}},"162":{"start":{"line":283,"column":4},"end":{"line":283,"column":11}},"163":{"start":{"line":285,"column":0},"end":{"line":285,"column":null}},"164":{"start":{"line":287,"column":0},"end":{"line":287,"column":null}},"165":{"start":{"line":287,"column":32},"end":{"line":287,"column":41}},"166":{"start":{"line":291,"column":4},"end":{"line":291,"column":12}},"167":{"start":{"line":292,"column":4},"end":{"line":292,"column":13}},"168":{"start":{"line":293,"column":4},"end":{"line":293,"column":11}},"169":{"start":{"line":294,"column":4},"end":{"line":294,"column":12}},"170":{"start":{"line":301,"column":4},"end":{"line":301,"column":null}},"171":{"start":{"line":302,"column":4},"end":{"line":302,"column":31}},"172":{"start":{"line":305,"column":2},"end":{"line":311,"column":null}},"173":{"start":{"line":306,"column":31},"end":{"line":306,"column":33}},"174":{"start":{"line":307,"column":4},"end":{"line":309,"column":null}},"175":{"start":{"line":307,"column":20},"end":{"line":307,"column":23}},"176":{"start":{"line":307,"column":16},"end":{"line":307,"column":20}},"177":{"start":{"line":308,"column":6},"end":{"line":308,"column":34}},"178":{"start":{"line":310,"column":4},"end":{"line":310,"column":20}},"179":{"start":{"line":313,"column":2},"end":{"line":321,"column":null}},"180":{"start":{"line":314,"column":28},"end":{"line":314,"column":30}},"181":{"start":{"line":315,"column":4},"end":{"line":319,"column":null}},"182":{"start":{"line":315,"column":20},"end":{"line":315,"column":23}},"183":{"start":{"line":315,"column":16},"end":{"line":315,"column":20}},"184":{"start":{"line":316,"column":6},"end":{"line":318,"column":null}},"185":{"start":{"line":317,"column":8},"end":{"line":317,"column":25}},"186":{"start":{"line":320,"column":4},"end":{"line":320,"column":20}},"187":{"start":{"line":322,"column":0},"end":{"line":322,"column":null}},"188":{"start":{"line":324,"column":19},"end":{"line":376,"column":2}},"189":{"start":{"line":326,"column":4},"end":{"line":326,"column":58}},"190":{"start":{"line":328,"column":4},"end":{"line":328,"column":40}},"191":{"start":{"line":331,"column":4},"end":{"line":331,"column":62}},"192":{"start":{"line":333,"column":4},"end":{"line":333,"column":44}},"193":{"start":{"line":336,"column":4},"end":{"line":336,"column":58}},"194":{"start":{"line":338,"column":4},"end":{"line":338,"column":40}},"195":{"start":{"line":341,"column":4},"end":{"line":341,"column":62}},"196":{"start":{"line":343,"column":4},"end":{"line":343,"column":44}},"197":{"start":{"line":346,"column":4},"end":{"line":346,"column":60}},"198":{"start":{"line":348,"column":4},"end":{"line":348,"column":42}},"199":{"start":{"line":350,"column":7},"end":{"line":350,"column":59}},"200":{"start":{"line":351,"column":4},"end":{"line":351,"column":38}},"201":{"start":{"line":354,"column":4},"end":{"line":354,"column":62}},"202":{"start":{"line":356,"column":4},"end":{"line":356,"column":44}},"203":{"start":{"line":359,"column":4},"end":{"line":359,"column":59}},"204":{"start":{"line":361,"column":4},"end":{"line":361,"column":41}},"205":{"start":{"line":364,"column":4},"end":{"line":364,"column":58}},"206":{"start":{"line":366,"column":4},"end":{"line":366,"column":40}},"207":{"start":{"line":368,"column":7},"end":{"line":368,"column":59}},"208":{"start":{"line":369,"column":4},"end":{"line":369,"column":38}},"209":{"start":{"line":372,"column":4},"end":{"line":372,"column":60}},"210":{"start":{"line":374,"column":4},"end":{"line":374,"column":42}},"211":{"start":{"line":377,"column":0},"end":{"line":377,"column":26}}},"fnMap":{"0":{"name":"isRestfulModel","decl":{"start":{"line":8,"column":9},"end":{"line":8,"column":23}},"loc":{"start":{"line":8,"column":32},"end":{"line":11,"column":1}}},"1":{"name":"(anonymous_8)","decl":{"start":{"line":13,"column":0},"end":{"line":13,"column":22}},"loc":{"start":{"line":13,"column":0},"end":{"line":42,"column":null}}},"2":{"name":"Attribute","decl":{"start":{"line":18,"column":2},"end":{"line":18,"column":14}},"loc":{"start":{"line":26,"column":3},"end":{"line":30,"column":3}}},"3":{"name":"(anonymous_10)","decl":{"start":{"line":35,"column":2},"end":{"line":35,"column":17}},"loc":{"start":{"line":35,"column":26},"end":{"line":41,"column":3}}},"4":{"name":"(anonymous_11)","decl":{"start":{"line":44,"column":0},"end":{"line":44,"column":30}},"loc":{"start":{"line":44,"column":0},"end":{"line":91,"column":null}}},"5":{"name":"AttributeObject","decl":{"start":{"line":47,"column":2},"end":{"line":47,"column":14}},"loc":{"start":{"line":57,"column":3},"end":{"line":60,"column":3}}},"6":{"name":"(anonymous_13)","decl":{"start":{"line":62,"column":2},"end":{"line":62,"column":8}},"loc":{"start":{"line":62,"column":44},"end":{"line":72,"column":3}}},"7":{"name":"(anonymous_14)","decl":{"start":{"line":74,"column":2},"end":{"line":74,"column":10}},"loc":{"start":{"line":74,"column":33},"end":{"line":83,"column":3}}},"8":{"name":"(anonymous_15)","decl":{"start":{"line":85,"column":2},"end":{"line":85,"column":17}},"loc":{"start":{"line":85,"column":26},"end":{"line":90,"column":3}}},"9":{"name":"(anonymous_16)","decl":{"start":{"line":93,"column":0},"end":{"line":93,"column":30}},"loc":{"start":{"line":93,"column":0},"end":{"line":104,"column":null}}},"10":{"name":"(anonymous_18)","decl":{"start":{"line":94,"column":2},"end":{"line":94,"column":8}},"loc":{"start":{"line":94,"column":20},"end":{"line":96,"column":3}}},"11":{"name":"(anonymous_19)","decl":{"start":{"line":97,"column":2},"end":{"line":97,"column":10}},"loc":{"start":{"line":97,"column":19},"end":{"line":103,"column":3}}},"12":{"name":"(anonymous_20)","decl":{"start":{"line":106,"column":0},"end":{"line":106,"column":34}},"loc":{"start":{"line":106,"column":0},"end":{"line":122,"column":null}}},"13":{"name":"(anonymous_22)","decl":{"start":{"line":107,"column":2},"end":{"line":107,"column":8}},"loc":{"start":{"line":107,"column":17},"end":{"line":109,"column":3}}},"14":{"name":"(anonymous_23)","decl":{"start":{"line":110,"column":2},"end":{"line":110,"column":10}},"loc":{"start":{"line":110,"column":34},"end":{"line":121,"column":3}}},"15":{"name":"(anonymous_24)","decl":{"start":{"line":124,"column":0},"end":{"line":124,"column":31}},"loc":{"start":{"line":124,"column":0},"end":{"line":131,"column":null}}},"16":{"name":"(anonymous_26)","decl":{"start":{"line":125,"column":2},"end":{"line":125,"column":8}},"loc":{"start":{"line":125,"column":21},"end":{"line":127,"column":3}}},"17":{"name":"(anonymous_27)","decl":{"start":{"line":128,"column":2},"end":{"line":128,"column":10}},"loc":{"start":{"line":128,"column":32},"end":{"line":130,"column":3}}},"18":{"name":"(anonymous_28)","decl":{"start":{"line":133,"column":0},"end":{"line":133,"column":30}},"loc":{"start":{"line":133,"column":0},"end":{"line":140,"column":null}}},"19":{"name":"(anonymous_30)","decl":{"start":{"line":134,"column":2},"end":{"line":134,"column":8}},"loc":{"start":{"line":134,"column":20},"end":{"line":136,"column":3}}},"20":{"name":"(anonymous_31)","decl":{"start":{"line":137,"column":2},"end":{"line":137,"column":10}},"loc":{"start":{"line":137,"column":22},"end":{"line":139,"column":3}}},"21":{"name":"(anonymous_32)","decl":{"start":{"line":142,"column":0},"end":{"line":142,"column":34}},"loc":{"start":{"line":142,"column":0},"end":{"line":149,"column":null}}},"22":{"name":"(anonymous_34)","decl":{"start":{"line":143,"column":2},"end":{"line":143,"column":8}},"loc":{"start":{"line":143,"column":16},"end":{"line":145,"column":3}}},"23":{"name":"(anonymous_35)","decl":{"start":{"line":146,"column":2},"end":{"line":146,"column":10}},"loc":{"start":{"line":146,"column":18},"end":{"line":148,"column":3}}},"24":{"name":"(anonymous_36)","decl":{"start":{"line":151,"column":0},"end":{"line":151,"column":28}},"loc":{"start":{"line":151,"column":0},"end":{"line":172,"column":null}}},"25":{"name":"(anonymous_38)","decl":{"start":{"line":152,"column":2},"end":{"line":152,"column":8}},"loc":{"start":{"line":152,"column":18},"end":{"line":164,"column":3}}},"26":{"name":"(anonymous_39)","decl":{"start":{"line":166,"column":2},"end":{"line":166,"column":10}},"loc":{"start":{"line":166,"column":33},"end":{"line":171,"column":3}}},"27":{"name":"(anonymous_40)","decl":{"start":{"line":174,"column":0},"end":{"line":174,"column":32}},"loc":{"start":{"line":174,"column":0},"end":{"line":195,"column":null}}},"28":{"name":"(anonymous_42)","decl":{"start":{"line":175,"column":2},"end":{"line":175,"column":8}},"loc":{"start":{"line":175,"column":18},"end":{"line":187,"column":3}}},"29":{"name":"(anonymous_43)","decl":{"start":{"line":189,"column":2},"end":{"line":189,"column":10}},"loc":{"start":{"line":189,"column":36},"end":{"line":194,"column":3}}},"30":{"name":"(anonymous_44)","decl":{"start":{"line":197,"column":0},"end":{"line":197,"column":34}},"loc":{"start":{"line":197,"column":0},"end":{"line":255,"column":null}}},"31":{"name":"AttributeCollection","decl":{"start":{"line":200,"column":2},"end":{"line":200,"column":14}},"loc":{"start":{"line":210,"column":3},"end":{"line":213,"column":3}}},"32":{"name":"(anonymous_46)","decl":{"start":{"line":215,"column":2},"end":{"line":215,"column":8}},"loc":{"start":{"line":215,"column":45},"end":{"line":230,"column":3}}},"33":{"name":"(anonymous_47)","decl":{"start":{"line":232,"column":2},"end":{"line":232,"column":10}},"loc":{"start":{"line":232,"column":40},"end":{"line":247,"column":3}}},"34":{"name":"(anonymous_48)","decl":{"start":{"line":249,"column":2},"end":{"line":249,"column":17}},"loc":{"start":{"line":249,"column":26},"end":{"line":254,"column":3}}},"35":{"name":"(anonymous_49)","decl":{"start":{"line":257,"column":0},"end":{"line":257,"column":28}},"loc":{"start":{"line":257,"column":0},"end":{"line":285,"column":null}}},"36":{"name":"AttributeEnum","decl":{"start":{"line":260,"column":2},"end":{"line":260,"column":14}},"loc":{"start":{"line":270,"column":3},"end":{"line":273,"column":3}}},"37":{"name":"(anonymous_51)","decl":{"start":{"line":275,"column":2},"end":{"line":275,"column":8}},"loc":{"start":{"line":275,"column":17},"end":{"line":277,"column":3}}},"38":{"name":"(anonymous_52)","decl":{"start":{"line":279,"column":2},"end":{"line":279,"column":10}},"loc":{"start":{"line":279,"column":23},"end":{"line":284,"column":3}}},"39":{"name":"(anonymous_53)","decl":{"start":{"line":287,"column":0},"end":{"line":287,"column":32}},"loc":{"start":{"line":287,"column":0},"end":{"line":322,"column":null}}},"40":{"name":"AttributeEnumList","decl":{"start":{"line":290,"column":2},"end":{"line":290,"column":14}},"loc":{"start":{"line":300,"column":3},"end":{"line":303,"column":3}}},"41":{"name":"(anonymous_55)","decl":{"start":{"line":305,"column":2},"end":{"line":305,"column":8}},"loc":{"start":{"line":305,"column":19},"end":{"line":311,"column":3}}},"42":{"name":"(anonymous_56)","decl":{"start":{"line":313,"column":2},"end":{"line":313,"column":10}},"loc":{"start":{"line":313,"column":35},"end":{"line":321,"column":3}}},"43":{"name":"(anonymous_57)","decl":{"start":{"line":325,"column":2},"end":{"line":325,"column":8}},"loc":{"start":{"line":325,"column":2},"end":{"line":329,"column":3}}},"44":{"name":"(anonymous_58)","decl":{"start":{"line":330,"column":2},"end":{"line":330,"column":12}},"loc":{"start":{"line":330,"column":2},"end":{"line":334,"column":3}}},"45":{"name":"(anonymous_59)","decl":{"start":{"line":335,"column":2},"end":{"line":335,"column":8}},"loc":{"start":{"line":335,"column":2},"end":{"line":339,"column":3}}},"46":{"name":"(anonymous_60)","decl":{"start":{"line":340,"column":2},"end":{"line":340,"column":12}},"loc":{"start":{"line":340,"column":2},"end":{"line":344,"column":3}}},"47":{"name":"(anonymous_61)","decl":{"start":{"line":345,"column":2},"end":{"line":345,"column":10}},"loc":{"start":{"line":345,"column":2},"end":{"line":349,"column":3}}},"48":{"name":"(anonymous_62)","decl":{"start":{"line":350,"column":2},"end":{"line":350,"column":6}},"loc":{"start":{"line":350,"column":2},"end":{"line":352,"column":3}}},"49":{"name":"(anonymous_63)","decl":{"start":{"line":353,"column":2},"end":{"line":353,"column":12}},"loc":{"start":{"line":353,"column":2},"end":{"line":357,"column":3}}},"50":{"name":"(anonymous_64)","decl":{"start":{"line":358,"column":2},"end":{"line":358,"column":9}},"loc":{"start":{"line":358,"column":2},"end":{"line":362,"column":3}}},"51":{"name":"(anonymous_65)","decl":{"start":{"line":363,"column":2},"end":{"line":363,"column":8}},"loc":{"start":{"line":363,"column":2},"end":{"line":367,"column":3}}},"52":{"name":"(anonymous_66)","decl":{"start":{"line":368,"column":2},"end":{"line":368,"column":6}},"loc":{"start":{"line":368,"column":2},"end":{"line":370,"column":3}}},"53":{"name":"(anonymous_67)","decl":{"start":{"line":371,"column":2},"end":{"line":371,"column":10}},"loc":{"start":{"line":371,"column":2},"end":{"line":375,"column":3}}}},"branchMap":{"0":{"loc":{"start":{"line":10,"column":9},"end":{"line":10,"column":39}},"type":"binary-expr","locations":[{"start":{"line":10,"column":9},"end":{"line":10,"column":39}},{"start":{"line":10,"column":43},"end":{"line":10,"column":75}}]},"1":{"loc":{"start":{"line":28,"column":19},"end":{"line":28,"column":26}},"type":"binary-expr","locations":[{"start":{"line":28,"column":19},"end":{"line":28,"column":26}},{"start":{"line":28,"column":30},"end":{"line":28,"column":38}}]},"2":{"loc":{"start":{"line":29,"column":20},"end":{"line":29,"column":28}},"type":"binary-expr","locations":[{"start":{"line":29,"column":20},"end":{"line":29,"column":28}},{"start":{"line":29,"column":32},"end":{"line":29,"column":37}}]},"3":{"loc":{"start":{"line":36,"column":4},"end":{"line":38,"column":null}},"type":"if","locations":[{"start":{"line":36,"column":4},"end":{"line":38,"column":null}},{"start":{"line":36,"column":4},"end":{"line":38,"column":null}}]},"4":{"loc":{"start":{"line":58,"column":4},"end":{"line":58,"column":42}},"type":"binary-expr","locations":[{"start":{"line":58,"column":4},"end":{"line":58,"column":42}},{"start":{"line":58,"column":42},"end":{"line":58,"column":null}}]},"5":{"loc":{"start":{"line":63,"column":4},"end":{"line":65,"column":null}},"type":"if","locations":[{"start":{"line":63,"column":4},"end":{"line":65,"column":null}},{"start":{"line":63,"column":4},"end":{"line":65,"column":null}}]},"6":{"loc":{"start":{"line":66,"column":4},"end":{"line":70,"column":null}},"type":"if","locations":[{"start":{"line":66,"column":4},"end":{"line":70,"column":null}},{"start":{"line":66,"column":4},"end":{"line":70,"column":null}}]},"7":{"loc":{"start":{"line":66,"column":8},"end":{"line":66,"column":32}},"type":"binary-expr","locations":[{"start":{"line":66,"column":8},"end":{"line":66,"column":32}},{"start":{"line":66,"column":36},"end":{"line":66,"column":63}}]},"8":{"loc":{"start":{"line":68,"column":11},"end":{"line":70,"column":null}},"type":"if","locations":[{"start":{"line":68,"column":11},"end":{"line":70,"column":null}},{"start":{"line":68,"column":11},"end":{"line":70,"column":null}}]},"9":{"loc":{"start":{"line":75,"column":4},"end":{"line":77,"column":null}},"type":"if","locations":[{"start":{"line":75,"column":4},"end":{"line":77,"column":null}},{"start":{"line":75,"column":4},"end":{"line":77,"column":null}}]},"10":{"loc":{"start":{"line":75,"column":8},"end":{"line":75,"column":12}},"type":"binary-expr","locations":[{"start":{"line":75,"column":8},"end":{"line":75,"column":12}},{"start":{"line":75,"column":16},"end":{"line":75,"column":31}}]},"11":{"loc":{"start":{"line":79,"column":4},"end":{"line":81,"column":null}},"type":"if","locations":[{"start":{"line":79,"column":4},"end":{"line":81,"column":null}},{"start":{"line":79,"column":4},"end":{"line":81,"column":null}}]},"12":{"loc":{"start":{"line":86,"column":4},"end":{"line":88,"column":null}},"type":"if","locations":[{"start":{"line":86,"column":4},"end":{"line":88,"column":null}},{"start":{"line":86,"column":4},"end":{"line":88,"column":null}}]},"13":{"loc":{"start":{"line":98,"column":4},"end":{"line":102,"column":null}},"type":"if","locations":[{"start":{"line":98,"column":4},"end":{"line":102,"column":null}},{"start":{"line":98,"column":4},"end":{"line":102,"column":null}}]},"14":{"loc":{"start":{"line":111,"column":4},"end":{"line":113,"column":null}},"type":"if","locations":[{"start":{"line":111,"column":4},"end":{"line":113,"column":null}},{"start":{"line":111,"column":4},"end":{"line":113,"column":null}}]},"15":{"loc":{"start":{"line":111,"column":8},"end":{"line":111,"column":13}},"type":"binary-expr","locations":[{"start":{"line":111,"column":8},"end":{"line":111,"column":13}},{"start":{"line":111,"column":17},"end":{"line":111,"column":41}}]},"16":{"loc":{"start":{"line":116,"column":6},"end":{"line":118,"column":null}},"type":"if","locations":[{"start":{"line":116,"column":6},"end":{"line":118,"column":null}},{"start":{"line":116,"column":6},"end":{"line":118,"column":null}}]},"17":{"loc":{"start":{"line":129,"column":11},"end":{"line":129,"column":25}},"type":"binary-expr","locations":[{"start":{"line":129,"column":11},"end":{"line":129,"column":25}},{"start":{"line":129,"column":29},"end":{"line":129,"column":41}},{"start":{"line":129,"column":45},"end":{"line":129,"column":50}}]},"18":{"loc":{"start":{"line":138,"column":11},"end":{"line":138,"column":14}},"type":"binary-expr","locations":[{"start":{"line":138,"column":11},"end":{"line":138,"column":14}},{"start":{"line":138,"column":18},"end":{"line":138,"column":20}}]},"19":{"loc":{"start":{"line":147,"column":11},"end":{"line":147,"column":14}},"type":"binary-expr","locations":[{"start":{"line":147,"column":11},"end":{"line":147,"column":14}},{"start":{"line":147,"column":18},"end":{"line":147,"column":20}}]},"20":{"loc":{"start":{"line":153,"column":4},"end":{"line":155,"column":null}},"type":"if","locations":[{"start":{"line":153,"column":4},"end":{"line":155,"column":null}},{"start":{"line":153,"column":4},"end":{"line":155,"column":null}}]},"21":{"loc":{"start":{"line":156,"column":4},"end":{"line":162,"column":null}},"type":"if","locations":[{"start":{"line":156,"column":4},"end":{"line":162,"column":null}},{"start":{"line":156,"column":4},"end":{"line":162,"column":null}}]},"22":{"loc":{"start":{"line":167,"column":4},"end":{"line":169,"column":null}},"type":"if","locations":[{"start":{"line":167,"column":4},"end":{"line":169,"column":null}},{"start":{"line":167,"column":4},"end":{"line":169,"column":null}}]},"23":{"loc":{"start":{"line":176,"column":4},"end":{"line":178,"column":null}},"type":"if","locations":[{"start":{"line":176,"column":4},"end":{"line":178,"column":null}},{"start":{"line":176,"column":4},"end":{"line":178,"column":null}}]},"24":{"loc":{"start":{"line":179,"column":4},"end":{"line":185,"column":null}},"type":"if","locations":[{"start":{"line":179,"column":4},"end":{"line":185,"column":null}},{"start":{"line":179,"column":4},"end":{"line":185,"column":null}}]},"25":{"loc":{"start":{"line":190,"column":4},"end":{"line":192,"column":null}},"type":"if","locations":[{"start":{"line":190,"column":4},"end":{"line":192,"column":null}},{"start":{"line":190,"column":4},"end":{"line":192,"column":null}}]},"26":{"loc":{"start":{"line":211,"column":4},"end":{"line":211,"column":42}},"type":"binary-expr","locations":[{"start":{"line":211,"column":4},"end":{"line":211,"column":42}},{"start":{"line":211,"column":42},"end":{"line":211,"column":null}}]},"27":{"loc":{"start":{"line":216,"column":4},"end":{"line":218,"column":null}},"type":"if","locations":[{"start":{"line":216,"column":4},"end":{"line":218,"column":null}},{"start":{"line":216,"column":4},"end":{"line":218,"column":null}}]},"28":{"loc":{"start":{"line":221,"column":6}
[...]
,"/Users/kiranraju/Documents/NodeSDK/nylas-nodejs/src/models/webhook-notification.ts": {"path":"/Users/kiranraju/Documents/NodeSDK/nylas-nodejs/src/models/webhook-notification.ts","statementMap":{"0":{"start":{"line":1,"column":0},"end":{"line":1,"column":28}},"1":{"start":{"line":2,"column":0},"end":{"line":2,"column":53}},"2":{"start":{"line":12,"column":0},"end":{"line":12,"column":null}},"3":{"start":{"line":12,"column":31},"end":{"line":12,"column":36}},"4":{"start":{"line":39,"column":4},"end":{"line":39,"column":null}},"5":{"start":{"line":13,"column":2},"end":{"line":13,"column":9}},"6":{"start":{"line":14,"column":2},"end":{"line":14,"column":10}},"7":{"start":{"line":15,"column":2},"end":{"line":15,"column":17}},"8":{"start":{"line":16,"column":2},"end":{"line":16,"column":25}},"9":{"start":{"line":40,"column":4},"end":{"line":40,"column":31}},"10":{"start":{"line":18,"column":9},"end":{"line":36,"column":4}},"11":{"start":{"line":42,"column":0},"end":{"line":42,"column":null}},"12":{"start":{"line":12,"column":13},"end":{"line":12,"column":22}},"13":{"start":{"line":49,"column":0},"end":{"line":49,"column":null}},"14":{"start":{"line":49,"column":36},"end":{"line":49,"column":41}},"15":{"start":{"line":62,"column":4},"end":{"line":62,"column":null}},"16":{"start":{"line":50,"column":2},"end":{"line":50,"column":11}},"17":{"start":{"line":51,"column":2},"end":{"line":51,"column":12}},"18":{"start":{"line":63,"column":4},"end":{"line":63,"column":31}},"19":{"start":{"line":52,"column":9},"end":{"line":59,"column":4}},"20":{"start":{"line":65,"column":0},"end":{"line":65,"column":null}},"21":{"start":{"line":49,"column":13},"end":{"line":49,"column":27}},"22":{"start":{"line":80,"column":0},"end":{"line":80,"column":null}},"23":{"start":{"line":80,"column":41},"end":{"line":80,"column":46}},"24":{"start":{"line":142,"column":4},"end":{"line":142,"column":null}},"25":{"start":{"line":82,"column":2},"end":{"line":82,"column":17}},"26":{"start":{"line":83,"column":2},"end":{"line":83,"column":15}},"27":{"start":{"line":84,"column":2},"end":{"line":84,"column":18}},"28":{"start":{"line":143,"column":4},"end":{"line":143,"column":31}},"29":{"start":{"line":100,"column":9},"end":{"line":139,"column":4}},"30":{"start":{"line":145,"column":0},"end":{"line":145,"column":null}},"31":{"start":{"line":80,"column":13},"end":{"line":80,"column":32}},"32":{"start":{"line":154,"column":0},"end":{"line":154,"column":null}},"33":{"start":{"line":154,"column":45},"end":{"line":154,"column":50}},"34":{"start":{"line":182,"column":4},"end":{"line":182,"column":null}},"35":{"start":{"line":183,"column":4},"end":{"line":183,"column":31}},"36":{"start":{"line":163,"column":9},"end":{"line":179,"column":4}},"37":{"start":{"line":185,"column":0},"end":{"line":185,"column":null}},"38":{"start":{"line":154,"column":13},"end":{"line":154,"column":36}},"39":{"start":{"line":196,"column":0},"end":{"line":196,"column":null}},"40":{"start":{"line":196,"column":39},"end":{"line":196,"column":44}},"41":{"start":{"line":235,"column":4},"end":{"line":235,"column":null}},"42":{"start":{"line":198,"column":2},"end":{"line":198,"column":10}},"43":{"start":{"line":199,"column":2},"end":{"line":199,"column":17}},"44":{"start":{"line":200,"column":2},"end":{"line":200,"column":19}},"45":{"start":{"line":201,"column":2},"end":{"line":201,"column":14}},"46":{"start":{"line":236,"column":4},"end":{"line":236,"column":31}},"47":{"start":{"line":208,"column":9},"end":{"line":232,"column":4}},"48":{"start":{"line":238,"column":0},"end":{"line":238,"column":null}},"49":{"start":{"line":196,"column":13},"end":{"line":196,"column":30}},"50":{"start":{"line":247,"column":0},"end":{"line":247,"column":null}},"51":{"start":{"line":247,"column":34},"end":{"line":247,"column":39}},"52":{"start":{"line":270,"column":4},"end":{"line":270,"column":null}},"53":{"start":{"line":248,"column":2},"end":{"line":248,"column":20}},"54":{"start":{"line":249,"column":2},"end":{"line":249,"column":14}},"55":{"start":{"line":250,"column":2},"end":{"line":250,"column":12}},"56":{"start":{"line":251,"column":2},"end":{"line":251,"column":39}},"57":{"start":{"line":271,"column":4},"end":{"line":271,"column":31}},"58":{"start":{"line":252,"column":9},"end":{"line":267,"column":4}},"59":{"start":{"line":273,"column":0},"end":{"line":273,"column":null}},"60":{"start":{"line":247,"column":13},"end":{"line":247,"column":25}},"61":{"start":{"line":279,"column":0},"end":{"line":279,"column":null}},"62":{"start":{"line":279,"column":49},"end":{"line":279,"column":54}},"63":{"start":{"line":290,"column":4},"end":{"line":290,"column":null}},"64":{"start":{"line":281,"column":2},"end":{"line":281,"column":30}},"65":{"start":{"line":291,"column":4},"end":{"line":291,"column":31}},"66":{"start":{"line":282,"column":9},"end":{"line":287,"column":4}},"67":{"start":{"line":293,"column":0},"end":{"line":293,"column":null}},"68":{"start":{"line":279,"column":21},"end":{"line":279,"column":49}}},"fnMap":{"0":{"name":"(anonymous_7)","decl":{"start":{"line":12,"column":0},"end":{"line":12,"column":13}},"loc":{"start":{"line":12,"column":0},"end":{"line":12,"column":13}}},"1":{"name":"LinkClick","decl":{"start":{"line":38,"column":2},"end":{"line":38,"column":14}},"loc":{"start":{"line":38,"column":46},"end":{"line":41,"column":3}}},"2":{"name":"(anonymous_9)","decl":{"start":{"line":49,"column":0},"end":{"line":49,"column":13}},"loc":{"start":{"line":49,"column":0},"end":{"line":49,"column":13}}},"3":{"name":"LinkClickCount","decl":{"start":{"line":61,"column":2},"end":{"line":61,"column":14}},"loc":{"start":{"line":61,"column":46},"end":{"line":64,"column":3}}},"4":{"name":"(anonymous_11)","decl":{"start":{"line":80,"column":0},"end":{"line":80,"column":13}},"loc":{"start":{"line":80,"column":0},"end":{"line":80,"column":13}}},"5":{"name":"MessageTrackingData","decl":{"start":{"line":141,"column":2},"end":{"line":141,"column":14}},"loc":{"start":{"line":141,"column":51},"end":{"line":144,"column":3}}},"6":{"name":"(anonymous_13)","decl":{"start":{"line":154,"column":0},"end":{"line":154,"column":13}},"loc":{"start":{"line":154,"column":0},"end":{"line":154,"column":13}}},"7":{"name":"WebhookObjectAttributes","decl":{"start":{"line":181,"column":2},"end":{"line":181,"column":14}},"loc":{"start":{"line":181,"column":55},"end":{"line":184,"column":3}}},"8":{"name":"(anonymous_15)","decl":{"start":{"line":196,"column":0},"end":{"line":196,"column":13}},"loc":{"start":{"line":196,"column":0},"end":{"line":196,"column":13}}},"9":{"name":"WebhookObjectData","decl":{"start":{"line":234,"column":2},"end":{"line":234,"column":14}},"loc":{"start":{"line":234,"column":49},"end":{"line":237,"column":3}}},"10":{"name":"(anonymous_17)","decl":{"start":{"line":247,"column":0},"end":{"line":247,"column":13}},"loc":{"start":{"line":247,"column":0},"end":{"line":247,"column":13}}},"11":{"name":"WebhookDelta","decl":{"start":{"line":269,"column":2},"end":{"line":269,"column":14}},"loc":{"start":{"line":269,"column":44},"end":{"line":272,"column":3}}},"12":{"name":"(anonymous_19)","decl":{"start":{"line":279,"column":0},"end":{"line":279,"column":21}},"loc":{"start":{"line":279,"column":0},"end":{"line":279,"column":21}}},"13":{"name":"WebhookNotification","decl":{"start":{"line":289,"column":2},"end":{"line":289,"column":14}},"loc":{"start":{"line":289,"column":51},"end":{"line":292,"column":3}}}},"branchMap":{"0":{"loc":{"start":{"line":39,"column":4},"end":{"line":39,"column":11}},"type":"binary-expr","locations":[{"start":{"line":39,"column":4},"end":{"line":39,"column":11}},{"start":{"line":39,"column":11},"end":{"line":39,"column":null}}]},"1":{"loc":{"start":{"line":62,"column":4},"end":{"line":62,"column":11}},"type":"binary-expr","locations":[{"start":{"line":62,"column":4},"end":{"line":62,"column":11}},{"start":{"line":62,"column":11},"end":{"line":62,"column":null}}]},"2":{"loc":{"start":{"line":142,"column":4},"end":{"line":142,"column":11}},"type":"binary-expr","locations":[{"start":{"line":142,"column":4},"end":{"line":142,"column":11}},{"start":{"line":142,"column":11},"end":{"line":142,"column":null}}]},"3":{"loc":{"start":{"line":182,"column":4},"end":{"line":182,"column":11}},"type":"binary-expr","locations":[{"start":{"line":182,"column":4},"end":{"line":182,"column":11}},{"start":{"line":182,"column":11},"end":{"line":182,"column":null}}]},"4":{"loc":{"start":{"line":235,"column":4},"end":{"line":235,"column":11}},"type":"binary-expr","locations":[{"start":{"line":235,"column":4},"end":{"line":235,"column":11}},{"start":{"line":235,"column":11},"end":{"line":235,"column":null}}]},"5":{"loc":{"start":{"line":270,"column":4},"end":{"line":270,"column":11}},"type":"binary-expr","locations":[{"start":{"line":270,"column":4},"end":{"line":270,"column":11}},{"start":{"line":270,"column":11},"end":{"line":270,"column":null}}]},"6":{"loc":{"start":{"line":290,"column":4},"end":{"line":290,"column":11}},"type":"binary-expr","locations":[{"start":{"line":290,"column":4},"end":{"line":290,"column":11}},{"start":{"line":290,"column":11},"end":{"line":290,"column":null}}]}},"s":{"0":1,"1":1,"2":1,"3":1,"4":4,"5":4,"6":4,"7":4,"8":4,"9":4,"10":1,"11":1,"12":1,"13":1,"14":1,"15":2,"16":2,"17":2,"18":2,"19":1,"20":1,"21":1,"22":1,"23":1,"24":2,"25":2,"26":2,"27":2,"28":2,"29":1,"30":1,"31":1,"32":1,"33":1,"34":1,"35":1,"36":1,"37":1,"38":1,"39":1,"40":1,"41":2,"42":2,"43":2,"44":2,"45":2,"46":2,"47":1,"48":1,"49":1,"50":1,"51":1,"52":1,"53":1,"54":1,"55":1,"56":1,"57":1,"58":1,"59":1,"60":1,"61":1,"62":1,"63":1,"64":1,"65":1,"66":1,"67":1,"68":1},"f":{"0":1,"1":4,"2":1,"3":2,"4":1,"5":2,"6":1,"7":1,"8":1,"9":2,"10":1,"11":1,"12":1,"13":1},"b":{"0":[4,4],"1":[2,2],"2":[2,2],"3":[1,1],"4":[2,2],"5":[1,1],"6":[1,1]}}
,"/Users/kiranraju/Documents/NodeSDK/nylas-nodejs/src/models/webhook.ts": {"path":"/Users/kiranraju/Documents/NodeSDK/nylas-nodejs/src/models/webhook.ts","statementMap":{"0":{"start":{"line":1,"column":0},"end":{"line":1,"column":49}},"1":{"start":{"line":2,"column":0},"end":{"line":2,"column":53}},"2":{"start":{"line":6,"column":0},"end":{"line":6,"column":null}},"3":{"start":{"line":7,"column":2},"end":{"line":7,"column":null}},"4":{"start":{"line":8,"column":2},"end":{"line":8,"column":null}},"5":{"start":{"line":9,"column":2},"end":{"line":9,"column":null}},"6":{"start":{"line":10,"column":2},"end":{"line":10,"column":null}},"7":{"start":{"line":11,"column":2},"end":{"line":11,"column":null}},"8":{"start":{"line":12,"column":2},"end":{"line":12,"column":null}},"9":{"start":{"line":13,"column":2},"end":{"line":13,"column":null}},"10":{"start":{"line":14,"column":2},"end":{"line":14,"column":null}},"11":{"start":{"line":15,"column":2},"end":{"line":15,"column":null}},"12":{"start":{"line":16,"column":2},"end":{"line":16,"column":null}},"13":{"start":{"line":17,"column":2},"end":{"line":17,"column":null}},"14":{"start":{"line":18,"column":2},"end":{"line":18,"column":null}},"15":{"start":{"line":19,"column":2},"end":{"line":19,"column":null}},"16":{"start":{"line":20,"column":2},"end":{"line":20,"column":null}},"17":{"start":{"line":21,"column":2},"end":{"line":21,"column":null}},"18":{"start":{"line":22,"column":2},"end":{"line":22,"column":null}},"19":{"start":{"line":23,"column":2},"end":{"line":23,"column":null}},"20":{"start":{"line":24,"column":2},"end":{"line":24,"column":null}},"21":{"start":{"line":25,"column":2},"end":{"line":25,"column":null}},"22":{"start":{"line":26,"column":2},"end":{"line":26,"column":null}},"23":{"start":{"line":27,"column":2},"end":{"line":27,"column":null}},"24":{"start":{"line":39,"column":0},"end":{"line":39,"column":null}},"25":{"start":{"line":39,"column":37},"end":{"line":39,"column":52}},"26":{"start":{"line":81,"column":4},"end":{"line":81,"column":null}},"27":{"start":{"line":41,"column":2},"end":{"line":41,"column":19}},"28":{"start":{"line":42,"column":2},"end":{"line":42,"column":13}},"29":{"start":{"line":43,"column":2},"end":{"line":43,"column":26}},"30":{"start":{"line":82,"column":4},"end":{"line":82,"column":31}},"31":{"start":{"line":85,"column":2},"end":{"line":87,"column":null}},"32":{"start":{"line":86,"column":4},"end":{"line":86,"column":33}},"33":{"start":{"line":88,"column":2},"end":{"line":99,"column":null}},"34":{"start":{"line":89,"column":42},"end":{"line":89,"column":44}},"35":{"start":{"line":91,"column":4},"end":{"line":97,"column":null}},"36":{"start":{"line":92,"column":6},"end":{"line":92,"column":33}},"37":{"start":{"line":94,"column":6},"end":{"line":94,"column":46}},"38":{"start":{"line":95,"column":6},"end":{"line":95,"column":57}},"39":{"start":{"line":96,"column":6},"end":{"line":96,"column":75}},"40":{"start":{"line":98,"column":4},"end":{"line":98,"column":16}},"41":{"start":{"line":100,"column":2},"end":{"line":102,"column":null}},"42":{"start":{"line":100,"column":7},"end":{"line":100,"column":39}},"43":{"start":{"line":101,"column":4},"end":{"line":101,"column":40}},"44":{"start":{"line":47,"column":9},"end":{"line":47,"column":37}},"45":{"start":{"line":48,"column":9},"end":{"line":74,"column":4}},"46":{"start":{"line":103,"column":0},"end":{"line":103,"column":null}},"47":{"start":{"line":39,"column":21},"end":{"line":39,"column":37}}},"fnMap":{"0":{"name":"(anonymous_7)","decl":{"start":{"line":6,"column":0},"end":{"line":6,"column":12}},"loc":{"start":{"line":6,"column":27},"end":{"line":28,"column":1}}},"1":{"name":"(anonymous_8)","decl":{"start":{"line":39,"column":0},"end":{"line":39,"column":21}},"loc":{"start":{"line":39,"column":0},"end":{"line":39,"column":21}}},"2":{"name":"Webhook","decl":{"start":{"line":76,"column":2},"end":{"line":76,"column":null}},"loc":{"start":{"line":79,"column":28},"end":{"line":83,"column":3}}},"3":{"name":"(anonymous_10)","decl":{"start":{"line":85,"column":2},"end":{"line":85,"column":12}},"loc":{"start":{"line":85,"column":2},"end":{"line":87,"column":3}}},"4":{"name":"(anonymous_11)","decl":{"start":{"line":88,"column":2},"end":{"line":88,"column":17}},"loc":{"start":{"line":88,"column":2},"end":{"line":99,"column":3}}},"5":{"name":"(anonymous_12)","decl":{"start":{"line":100,"column":2},"end":{"line":100,"column":6}},"loc":{"start":{"line":100,"column":62},"end":{"line":102,"column":3}}}},"branchMap":{"0":{"loc":{"start":{"line":6,"column":12},"end":{"line":6,"column":27}},"type":"binary-expr","locations":[{"start":{"line":6,"column":12},"end":{"line":6,"column":27}},{"start":{"line":6,"column":12},"end":{"line":6,"column":null}}]},"1":{"loc":{"start":{"line":81,"column":4},"end":{"line":81,"column":38}},"type":"binary-expr","locations":[{"start":{"line":81,"column":4},"end":{"line":81,"column":38}},{"start":{"line":81,"column":38},"end":{"line":81,"column":null}}]},"2":{"loc":{"start":{"line":91,"column":4},"end":{"line":97,"column":null}},"type":"if","locations":[{"start":{"line":91,"column":4},"end":{"line":97,"column":null}},{"start":{"line":91,"column":4},"end":{"line":97,"column":null}}]},"3":{"loc":{"start":{"line":95,"column":35},"end":{"line":95,"column":45}},"type":"cond-expr","locations":[{"start":{"line":95,"column":35},"end":{"line":95,"column":45}},{"start":{"line":95,"column":48},"end":{"line":95,"column":56}}]},"4":{"loc":{"start":{"line":100,"column":7},"end":{"line":100,"column":39}},"type":"if","locations":[{"start":{"line":100,"column":7},"end":{"line":100,"column":39}},{"start":{"line":100,"column":7},"end":{"line":100,"column":39}}]}},"s":{"0":24,"1":24,"2":24,"3":24,"4":24,"5":24,"6":24,"7":24,"8":24,"9":24,"10":24,"11":24,"12":24,"13":24,"14":24,"15":24,"16":24,"17":24,"18":24,"19":24,"20":24,"21":24,"22":24,"23":24,"24":24,"25":24,"26":6,"27":6,"28":6,"29":6,"30":6,"31":24,"32":2,"33":24,"34":2,"35":2,"36":1,"37":1,"38":1,"39":1,"40":2,"41":24,"42":4,"43":2,"44":24,"45":24,"46":24,"47":24},"f":{"0":24,"1":24,"2":6,"3":2,"4":2,"5":2},"b":{"0":[24,24],"1":[6,0],"2":[1,1],"3":[1,0],"4":[2,0]}}
,"/Users/kiranraju/Documents/NodeSDK/nylas-nodejs/src/models/when.ts": {"path":"/Users/kiranraju/Documents/NodeSDK/nylas-nodejs/src/models/when.ts","statementMap":{"0":{"start":{"line":1,"column":0},"end":{"line":1,"column":28}},"1":{"start":{"line":2,"column":0},"end":{"line":2,"column":53}},"2":{"start":{"line":14,"column":0},"end":{"line":14,"column":null}},"3":{"start":{"line":14,"column":34},"end":{"line":14,"column":39}},"4":{"start":{"line":52,"column":4},"end":{"line":52,"column":null}},"5":{"start":{"line":53,"column":4},"end":{"line":53,"column":31}},"6":{"start":{"line":57,"column":2},"end":{"line":64,"column":null}},"7":{"start":{"line":58,"column":4},"end":{"line":63,"column":6}},"8":{"start":{"line":22,"column":9},"end":{"line":49,"column":4}},"9":{"start":{"line":65,"column":0},"end":{"line":65,"column":null}},"10":{"start":{"line":14,"column":21},"end":{"line":14,"column":34}}},"fnMap":{"0":{"name":"(anonymous_7)","decl":{"start":{"line":14,"column":0},"end":{"line":14,"column":21}},"loc":{"start":{"line":14,"column":0},"end":{"line":14,"column":21}}},"1":{"name":"When","decl":{"start":{"line":51,"column":2},"end":{"line":51,"column":14}},"loc":{"start":{"line":51,"column":36},"end":{"line":54,"column":3}}},"2":{"name":"(anonymous_9)","decl":{"start":{"line":57,"column":2},"end":{"line":57,"column":7}},"loc":{"start":{"line":57,"column":2},"end":{"line":64,"column":3}}}},"branchMap":{"0":{"loc":{"start":{"line":52,"column":4},"end":{"line":52,"column":11}},"type":"binary-expr","locations":[{"start":{"line":52,"column":4},"end":{"line":52,"column":11}},{"start":{"line":52,"column":11},"end":{"line":52,"column":null}}]},"1":{"loc":{"start":{"line":59,"column":7},"end":{"line":59,"column":34}},"type":"binary-expr","locations":[{"start":{"line":59,"column":7},"end":{"line":59,"column":34}},{"start":{"line":59,"column":38},"end":{"line":59,"column":63}},{"start":{"line":60,"column":6},"end":{"line":60,"column":28}},{"start":{"line":61,"column":7},"end":{"line":61,"column":34}},{"start":{"line":61,"column":38},"end":{"line":61,"column":63}},{"start":{"line":62,"column":6},"end":{"line":62,"column":28}}]}},"s":{"0":27,"1":27,"2":27,"3":27,"4":82,"5":82,"6":27,"7":3,"8":27,"9":27,"10":27},"f":{"0":27,"1":82,"2":3},"b":{"0":[82,82],"1":[3,0,3,3,0,3]}}
}
