TN:
SF:/Users/kiranraju/Documents/NodeSDK/nylas-nodejs/src/config.ts
FN:2,setApiServer
FN:7,setClientSecret
FNF:2
FNH:2
FNDA:297,setApiServer
FNDA:290,setClientSecret
DA:1,27
DA:2,27
DA:3,297
DA:6,27
DA:7,27
DA:8,290
LF:6
LH:6
BRF:0
BRH:0
end_of_record
TN:
SF:/Users/kiranraju/Documents/NodeSDK/nylas-nodejs/src/nylas-connection.ts
FN:30,(anonymous_4)
FN:54,(anonymous_5)
FN:109,NylasConnection
FN:117,(anonymous_7)
FN:191,(anonymous_8)
FN:201,(anonymous_9)
FN:227,(anonymous_10)
FN:229,(anonymous_11)
FN:231,(anonymous_12)
FN:249,(anonymous_13)
FN:277,(anonymous_14)
FN:280,(anonymous_15)
FN:286,(anonymous_16)
FN:299,(anonymous_17)
FN:309,(anonymous_18)
FNF:15
FNH:13
FNDA:27,(anonymous_4)
FNDA:27,(anonymous_5)
FNDA:524,NylasConnection
FNDA:125,(anonymous_7)
FNDA:124,(anonymous_8)
FNDA:120,(anonymous_9)
FNDA:117,(anonymous_10)
FNDA:117,(anonymous_11)
FNDA:117,(anonymous_12)
FNDA:2,(anonymous_13)
FNDA:3,(anonymous_14)
FNDA:6,(anonymous_15)
FNDA:0,(anonymous_16)
FNDA:110,(anonymous_17)
FNDA:0,(anonymous_18)
DA:2,27
DA:3,27
DA:4,27
DA:5,27
DA:6,27
DA:7,27
DA:8,27
DA:9,27
DA:10,27
DA:11,27
DA:12,27
DA:13,27
DA:14,27
DA:15,27
DA:16,27
DA:17,27
DA:18,27
DA:19,27
DA:20,27
DA:21,27
DA:22,27
DA:23,27
DA:24,27
DA:26,27
DA:27,27
DA:28,27
DA:30,27
DA:31,27
DA:32,27
DA:54,27
DA:58,524
DA:62,524
DA:65,524
DA:68,524
DA:72,524
DA:73,524
DA:76,524
DA:79,524
DA:83,524
DA:87,524
DA:88,524
DA:92,524
DA:96,524
DA:100,524
DA:103,524
DA:106,524
DA:107,524
DA:111,524
DA:113,524
DA:114,524
DA:117,27
DA:118,125
DA:119,125
DA:121,125
DA:122,78
DA:125,27
DA:126,3
DA:127,3
DA:129,24
DA:132,0
DA:133,0
DA:138,24
DA:139,0
DA:140,0
DA:143,24
DA:147,125
DA:149,125
DA:151,125
DA:155,125
DA:156,125
DA:157,5
DA:159,120
DA:164,125
DA:165,125
DA:167,125
DA:168,125
DA:169,125
DA:170,125
DA:172,125
DA:174,125
DA:175,2
DA:176,2
DA:177,2
DA:178,2
DA:180,0
DA:183,2
DA:184,123
DA:185,79
DA:188,125
DA:191,27
DA:192,124
DA:194,124
DA:201,27
DA:205,120
DA:207,120
DA:208,119
DA:209,2
DA:214,2
DA:215,2
DA:217,2
DA:218,1
DA:219,1
DA:220,1
DA:224,120
DA:227,117
DA:228,117
DA:229,117
DA:230,117
DA:232,117
DA:233,0
DA:236,117
DA:240,117
DA:244,117
DA:245,0
DA:248,117
DA:249,2
DA:250,2
DA:251,2
DA:252,1
DA:257,1
DA:258,1
DA:260,1
DA:261,1
DA:263,1
DA:265,1
DA:270,1
DA:274,115
DA:275,3
DA:279,3
DA:280,3
DA:281,6
DA:283,3
DA:284,3
DA:287,0
DA:289,112
DA:293,1
DA:294,111
DA:297,1
DA:299,110
DA:300,110
DA:301,110
DA:303,5
DA:310,0
DA:311,0
DA:315,27
LF:145
LH:135
BRDA:30,0,0,27
BRDA:30,0,1,27
BRDA:118,1,0,14
BRDA:118,1,1,111
BRDA:121,2,0,78
BRDA:121,2,1,47
BRDA:125,3,0,3
BRDA:125,3,1,24
BRDA:126,4,0,3
BRDA:126,4,1,0
BRDA:129,5,0,0
BRDA:129,5,1,24
BRDA:138,6,0,0
BRDA:138,6,1,24
BRDA:152,7,0,6
BRDA:152,7,1,119
BRDA:151,8,0,125
BRDA:151,8,1,125
BRDA:155,9,0,125
BRDA:155,9,1,0
BRDA:156,10,0,5
BRDA:156,10,1,120
BRDA:164,11,0,125
BRDA:164,11,1,0
BRDA:169,12,0,125
BRDA:169,12,1,0
BRDA:174,13,0,2
BRDA:174,13,1,123
BRDA:177,14,0,2
BRDA:177,14,1,0
BRDA:184,15,0,79
BRDA:184,15,1,44
BRDA:184,16,0,123
BRDA:184,16,1,80
BRDA:194,17,0,124
BRDA:194,17,1,0
BRDA:195,18,0,124
BRDA:195,18,1,3
BRDA:207,19,0,119
BRDA:207,19,1,1
BRDA:208,20,0,2
BRDA:208,20,1,117
BRDA:208,21,0,119
BRDA:208,21,1,119
BRDA:217,22,0,1
BRDA:217,22,1,1
BRDA:219,23,0,1
BRDA:219,23,1,0
BRDA:232,24,0,0
BRDA:232,24,1,117
BRDA:244,25,0,0
BRDA:244,25,1,117
BRDA:248,26,0,2
BRDA:248,26,1,115
BRDA:257,27,0,1
BRDA:257,27,1,0
BRDA:260,28,0,1
BRDA:260,28,1,0
BRDA:274,29,0,3
BRDA:274,29,1,112
BRDA:289,30,0,1
BRDA:289,30,1,111
BRDA:290,31,0,112
BRDA:290,31,1,4
BRDA:294,32,0,1
BRDA:294,32,1,110
BRF:66
BRH:53
end_of_record
TN:
SF:/Users/kiranraju/Documents/NodeSDK/nylas-nodejs/src/nylas.ts
FN:18,(anonymous_2)
FN:20,(anonymous_4)
FN:23,(anonymous_5)
FN:26,(anonymous_6)
FN:29,(anonymous_7)
FN:38,(anonymous_8)
FN:78,(anonymous_9)
FN:82,(anonymous_10)
FN:89,(anonymous_11)
FN:113,(anonymous_12)
FN:118,(anonymous_13)
FN:137,(anonymous_14)
FN:143,(anonymous_15)
FN:154,(anonymous_16)
FN:164,(anonymous_17)
FN:196,(anonymous_18)
FN:202,(anonymous_19)
FNF:17
FNH:14
FNDA:23,(anonymous_2)
FNDA:812,(anonymous_4)
FNDA:290,(anonymous_5)
FNDA:15,(anonymous_6)
FNDA:288,(anonymous_7)
FNDA:265,(anonymous_8)
FNDA:264,(anonymous_9)
FNDA:11,(anonymous_10)
FNDA:2,(anonymous_11)
FNDA:0,(anonymous_12)
FNDA:10,(anonymous_13)
FNDA:6,(anonymous_14)
FNDA:6,(anonymous_15)
FNDA:2,(anonymous_16)
FNDA:7,(anonymous_17)
FNDA:0,(anonymous_18)
FNDA:0,(anonymous_19)
DA:2,23
DA:3,23
DA:4,23
DA:5,23
DA:6,23
DA:7,23
DA:8,23
DA:9,23
DA:10,23
DA:11,23
DA:13,23
DA:14,23
DA:18,23
DA:19,23
DA:20,23
DA:21,812
DA:24,290
DA:26,23
DA:27,15
DA:30,288
DA:38,23
DA:39,265
DA:40,1
DA:45,264
DA:46,263
DA:48,264
DA:49,263
DA:51,264
DA:52,167
DA:54,97
DA:57,264
DA:60,264
DA:61,264
DA:62,264
DA:63,264
DA:69,0
DA:75,264
DA:78,23
DA:79,264
DA:82,23
DA:83,11
DA:84,1
DA:86,10
DA:89,23
DA:92,2
DA:93,1
DA:96,1
DA:97,1
DA:100,0
DA:101,0
DA:105,0
DA:106,0
DA:111,0
DA:113,0
DA:114,0
DA:118,23
DA:122,10
DA:123,1
DA:127,9
DA:128,1
DA:131,8
DA:132,8
DA:133,8
DA:134,8
DA:135,8
DA:136,8
DA:138,6
DA:139,6
DA:144,6
DA:145,2
DA:146,2
DA:147,2
DA:149,4
DA:150,1
DA:152,4
DA:155,2
DA:156,2
DA:157,1
DA:159,2
DA:164,23
DA:165,7
DA:166,1
DA:170,6
DA:171,0
DA:173,5
DA:174,2
DA:176,5
DA:177,5
DA:178,0
DA:180,5
DA:181,1
DA:183,5
DA:184,1
DA:186,5
DA:187,0
DA:189,5
DA:196,23
DA:197,0
DA:202,0
DA:204,23
DA:206,23
LF:101
LH:88
BRDA:39,0,0,1
BRDA:39,0,1,264
BRDA:39,1,0,265
BRDA:39,1,1,168
BRDA:45,2,0,263
BRDA:45,2,1,1
BRDA:48,3,0,263
BRDA:48,3,1,1
BRDA:51,4,0,167
BRDA:51,4,1,97
BRDA:62,5,0,264
BRDA:62,5,1,0
BRDA:79,6,0,264
BRDA:79,6,1,264
BRDA:83,7,0,1
BRDA:83,7,1,10
BRDA:92,8,0,1
BRDA:92,8,1,1
BRDA:96,9,0,1
BRDA:96,9,1,0
BRDA:105,10,0,0
BRDA:105,10,1,0
BRDA:122,11,0,1
BRDA:122,11,1,9
BRDA:122,12,0,10
BRDA:122,12,1,9
BRDA:127,13,0,1
BRDA:127,13,1,8
BRDA:138,14,0,6
BRDA:138,14,1,0
BRDA:144,15,0,2
BRDA:144,15,1,4
BRDA:144,16,0,6
BRDA:144,16,1,5
BRDA:146,17,0,1
BRDA:146,17,1,1
BRDA:146,18,0,2
BRDA:146,18,1,1
BRDA:149,19,0,1
BRDA:149,19,1,3
BRDA:156,20,0,1
BRDA:156,20,1,1
BRDA:165,21,0,1
BRDA:165,21,1,6
BRDA:170,22,0,0
BRDA:170,22,1,5
BRDA:173,23,0,2
BRDA:173,23,1,3
BRDA:177,24,0,0
BRDA:177,24,1,5
BRDA:180,25,0,1
BRDA:180,25,1,4
BRDA:183,26,0,1
BRDA:183,26,1,4
BRDA:186,27,0,0
BRDA:186,27,1,5
BRF:56
BRH:48
end_of_record
TN:
SF:/Users/kiranraju/Documents/NodeSDK/nylas-nodejs/src/models/access-token.ts
FN:12,(anonymous_7)
FN:41,AccessToken
FNF:2
FNH:2
FNDA:23,(anonymous_7)
FNDA:4,AccessToken
DA:1,23
DA:2,23
DA:12,23
DA:14,4
DA:15,4
DA:16,4
DA:17,4
DA:18,4
DA:19,23
DA:42,4
DA:43,4
DA:45,23
LF:12
LH:12
BRDA:42,0,0,4
BRDA:42,0,1,4
BRF:2
BRH:2
end_of_record
TN:
SF:/Users/kiranraju/Documents/NodeSDK/nylas-nodejs/src/models/account.ts
FN:16,(anonymous_9)
FN:68,Account
FNF:2
FNH:2
FNDA:27,(anonymous_9)
FNDA:3,Account
DA:1,27
DA:2,27
DA:16,27
DA:17,3
DA:18,3
DA:19,3
DA:20,3
DA:21,3
DA:22,3
DA:23,3
DA:25,27
DA:26,27
DA:27,27
DA:69,3
DA:70,3
DA:72,27
LF:16
LH:16
BRDA:69,0,0,3
BRDA:69,0,1,0
BRF:2
BRH:1
end_of_record
TN:
SF:/Users/kiranraju/Documents/NodeSDK/nylas-nodejs/src/models/application-details.ts
FN:10,(anonymous_7)
FN:30,ApplicationDetails
FNF:2
FNH:1
FNDA:23,(anonymous_7)
FNDA:0,ApplicationDetails
DA:1,23
DA:2,23
DA:10,23
DA:12,0
DA:13,0
DA:14,0
DA:15,23
DA:31,0
DA:32,0
DA:34,23
LF:10
LH:5
BRDA:31,0,0,0
BRDA:31,0,1,0
BRF:2
BRH:0
end_of_record
TN:
SF:/Users/kiranraju/Documents/NodeSDK/nylas-nodejs/src/models/attributes.ts
FN:8,isRestfulModel
FN:13,(anonymous_8)
FN:18,Attribute
FN:35,(anonymous_10)
FN:44,(anonymous_11)
FN:47,AttributeObject
FN:62,(anonymous_13)
FN:74,(anonymous_14)
FN:85,(anonymous_15)
FN:93,(anonymous_16)
FN:94,(anonymous_18)
FN:97,(anonymous_19)
FN:106,(anonymous_20)
FN:107,(anonymous_22)
FN:110,(anonymous_23)
FN:124,(anonymous_24)
FN:125,(anonymous_26)
FN:128,(anonymous_27)
FN:133,(anonymous_28)
FN:134,(anonymous_30)
FN:137,(anonymous_31)
FN:142,(anonymous_32)
FN:143,(anonymous_34)
FN:146,(anonymous_35)
FN:151,(anonymous_36)
FN:152,(anonymous_38)
FN:166,(anonymous_39)
FN:174,(anonymous_40)
FN:175,(anonymous_42)
FN:189,(anonymous_43)
FN:197,(anonymous_44)
FN:200,AttributeCollection
FN:215,(anonymous_46)
FN:232,(anonymous_47)
FN:249,(anonymous_48)
FN:257,(anonymous_49)
FN:260,AttributeEnum
FN:275,(anonymous_51)
FN:279,(anonymous_52)
FN:287,(anonymous_53)
FN:290,AttributeEnumList
FN:305,(anonymous_55)
FN:313,(anonymous_56)
FN:325,(anonymous_57)
FN:330,(anonymous_58)
FN:335,(anonymous_59)
FN:340,(anonymous_60)
FN:345,(anonymous_61)
FN:350,(anonymous_62)
FN:353,(anonymous_63)
FN:358,(anonymous_64)
FN:363,(anonymous_65)
FN:368,(anonymous_66)
FN:371,(anonymous_67)
FNF:54
FNH:54
FNDA:183,isRestfulModel
FNDA:28,(anonymous_8)
FNDA:10872,Attribute
FNDA:1689,(anonymous_10)
FNDA:28,(anonymous_11)
FNDA:855,AttributeObject
FNDA:258,(anonymous_13)
FNDA:81,(anonymous_14)
FNDA:243,(anonymous_15)
FNDA:805,(anonymous_16)
FNDA:163,(anonymous_18)
FNDA:102,(anonymous_19)
FNDA:55,(anonymous_20)
FNDA:2,(anonymous_22)
FNDA:2,(anonymous_23)
FNDA:863,(anonymous_24)
FNDA:123,(anonymous_26)
FNDA:52,(anonymous_27)
FNDA:6235,(anonymous_28)
FNDA:789,(anonymous_30)
FNDA:1390,(anonymous_31)
FNDA:719,(anonymous_32)
FNDA:54,(anonymous_34)
FNDA:45,(anonymous_35)
FNDA:136,(anonymous_36)
FNDA:6,(anonymous_38)
FNDA:8,(anonymous_39)
FNDA:518,(anonymous_40)
FNDA:29,(anonymous_42)
FNDA:67,(anonymous_43)
FNDA:28,(anonymous_44)
FNDA:813,AttributeCollection
FNDA:287,(anonymous_46)
FNDA:160,(anonymous_47)
FNDA:286,(anonymous_48)
FNDA:28,(anonymous_49)
FNDA:23,AttributeEnum
FNDA:1,(anonymous_51)
FNDA:1,(anonymous_52)
FNDA:28,(anonymous_53)
FNDA:46,AttributeEnumList
FNDA:1,(anonymous_55)
FNDA:1,(anonymous_56)
FNDA:777,(anonymous_57)
FNDA:27,(anonymous_58)
FNDA:6207,(anonymous_59)
FNDA:691,(anonymous_60)
FNDA:490,(anonymous_61)
FNDA:108,(anonymous_62)
FNDA:813,(anonymous_63)
FNDA:835,(anonymous_64)
FNDA:855,(anonymous_65)
FNDA:23,(anonymous_66)
FNDA:46,(anonymous_67)
DA:10,183
DA:13,28
DA:19,10872
DA:20,10872
DA:21,10872
DA:27,10872
DA:28,10872
DA:29,10872
DA:35,28
DA:36,1689
DA:37,665
DA:40,1024
DA:42,28
DA:44,28
DA:48,855
DA:49,855
DA:50,855
DA:51,855
DA:58,855
DA:59,855
DA:62,28
DA:63,258
DA:64,212
DA:66,46
DA:67,35
DA:68,11
DA:69,1
DA:71,10
DA:74,28
DA:75,81
DA:76,31
DA:79,50
DA:80,2
DA:82,48
DA:85,28
DA:86,243
DA:87,0
DA:89,243
DA:91,28
DA:93,28
DA:94,28
DA:95,163
DA:97,28
DA:98,102
DA:99,101
DA:101,1
DA:104,28
DA:106,28
DA:107,28
DA:108,2
DA:110,28
DA:111,2
DA:112,0
DA:114,2
DA:115,2
DA:116,2
DA:117,2
DA:120,2
DA:122,28
DA:124,28
DA:125,28
DA:126,123
DA:128,28
DA:129,52
DA:131,28
DA:133,28
DA:134,28
DA:135,789
DA:137,28
DA:138,1390
DA:140,28
DA:142,28
DA:143,28
DA:144,54
DA:146,28
DA:147,45
DA:149,28
DA:151,28
DA:152,28
DA:153,6
DA:154,6
DA:156,0
DA:157,0
DA:163,0
DA:166,28
DA:167,8
DA:168,0
DA:170,8
DA:172,28
DA:174,28
DA:175,28
DA:176,29
DA:177,26
DA:179,3
DA:180,0
DA:186,3
DA:189,28
DA:190,67
DA:191,3
DA:193,64
DA:195,28
DA:197,28
DA:201,813
DA:202,813
DA:203,813
DA:204,813
DA:211,813
DA:212,813
DA:215,28
DA:216,287
DA:217,241
DA:219,46
DA:220,92
DA:221,30
DA:222,27
DA:223,3
DA:224,3
DA:226,0
DA:229,46
DA:232,28
DA:233,160
DA:234,0
DA:236,160
DA:237,320
DA:238,133
DA:239,133
DA:240,14
DA:242,119
DA:244,133
DA:246,160
DA:249,28
DA:250,286
DA:251,23
DA:253,263
DA:255,28
DA:257,28
DA:261,23
DA:262,23
DA:263,23
DA:264,23
DA:271,23
DA:272,23
DA:275,28
DA:276,1
DA:279,28
DA:280,1
DA:281,1
DA:283,0
DA:285,28
DA:287,28
DA:291,46
DA:292,46
DA:293,46
DA:294,46
DA:301,46
DA:302,46
DA:305,28
DA:306,1
DA:307,4
DA:308,4
DA:310,1
DA:313,28
DA:314,1
DA:315,4
DA:316,4
DA:317,4
DA:320,1
DA:322,28
DA:324,28
DA:326,2331
DA:328,777
DA:331,81
DA:333,27
DA:336,18621
DA:338,6207
DA:341,2073
DA:343,691
DA:346,1470
DA:348,490
DA:350,324
DA:351,108
DA:354,2439
DA:356,813
DA:359,2505
DA:361,835
DA:364,2565
DA:366,855
DA:368,69
DA:369,23
DA:372,138
DA:374,46
DA:377,28
LF:192
LH:182
BRDA:10,0,0,183
BRDA:10,0,1,16
BRDA:28,1,0,10872
BRDA:28,1,1,5270
BRDA:29,2,0,10872
BRDA:29,2,1,9546
BRDA:36,3,0,665
BRDA:36,3,1,1024
BRDA:58,4,0,855
BRDA:58,4,1,855
BRDA:63,5,0,212
BRDA:63,5,1,46
BRDA:66,6,0,35
BRDA:66,6,1,11
BRDA:66,7,0,46
BRDA:66,7,1,41
BRDA:68,8,0,1
BRDA:68,8,1,10
BRDA:75,9,0,31
BRDA:75,9,1,50
BRDA:75,10,0,81
BRDA:75,10,1,81
BRDA:79,11,0,2
BRDA:79,11,1,48
BRDA:86,12,0,0
BRDA:86,12,1,243
BRDA:98,13,0,101
BRDA:98,13,1,1
BRDA:111,14,0,0
BRDA:111,14,1,2
BRDA:111,15,0,2
BRDA:111,15,1,2
BRDA:116,16,0,2
BRDA:116,16,1,0
BRDA:129,17,0,52
BRDA:129,17,1,51
BRDA:129,17,2,39
BRDA:138,18,0,1390
BRDA:138,18,1,25
BRDA:147,19,0,45
BRDA:147,19,1,0
BRDA:153,20,0,6
BRDA:153,20,1,0
BRDA:156,21,0,0
BRDA:156,21,1,0
BRDA:167,22,0,0
BRDA:167,22,1,8
BRDA:176,23,0,26
BRDA:176,23,1,3
BRDA:179,24,0,0
BRDA:179,24,1,3
BRDA:190,25,0,3
BRDA:190,25,1,64
BRDA:211,26,0,813
BRDA:211,26,1,813
BRDA:216,27,0,241
BRDA:216,27,1,46
BRDA:221,28,0,27
BRDA:221,28,1,3
BRDA:221,29,0,30
BRDA:221,29,1,27
BRDA:223,30,0,3
BRDA:223,30,1,0
BRDA:233,31,0,0
BRDA:233,31,1,160
BRDA:233,32,0,160
BRDA:233,32,1,160
BRDA:239,33,0,14
BRDA:239,33,1,119
BRDA:250,34,0,23
BRDA:250,34,1,263
BRDA:271,35,0,23
BRDA:271,35,1,23
BRDA:280,36,0,1
BRDA:280,36,1,0
BRDA:301,37,0,46
BRDA:301,37,1,46
BRDA:316,38,0,4
BRDA:316,38,1,0
BRF:79
BRH:66
end_of_record
TN:
SF:/Users/kiranraju/Documents/NodeSDK/nylas-nodejs/src/models/calendar-availability.ts
FN:10,(anonymous_7)
FN:15,(anonymous_8)
FN:55,(anonymous_9)
FN:84,OpenHours
FN:96,(anonymous_11)
FN:115,CalendarConsecutiveAvailability
FN:126,(anonymous_13)
FN:142,CalendarAvailability
FNF:8
FNH:8
FNDA:27,(anonymous_7)
FNDA:27,(anonymous_8)
FNDA:27,(anonymous_9)
FNDA:2,OpenHours
FNDA:27,(anonymous_11)
FNDA:1,CalendarConsecutiveAvailability
FNDA:27,(anonymous_13)
FNDA:1,CalendarAvailability
DA:1,27
DA:2,27
DA:3,27
DA:10,27
DA:11,27
DA:12,27
DA:15,27
DA:16,27
DA:17,27
DA:18,27
DA:19,27
DA:20,27
DA:21,27
DA:22,27
DA:55,27
DA:56,2
DA:57,2
DA:58,2
DA:59,2
DA:60,2
DA:61,2
DA:62,27
DA:85,2
DA:86,2
DA:88,27
DA:96,27
DA:98,1
DA:99,1
DA:100,1
DA:101,27
DA:116,1
DA:117,1
DA:119,27
DA:126,27
DA:128,1
DA:129,1
DA:131,27
DA:143,1
DA:144,1
DA:146,27
LF:40
LH:40
BRDA:10,0,0,27
BRDA:10,0,1,27
BRDA:15,1,0,27
BRDA:15,1,1,27
BRDA:85,2,0,2
BRDA:85,2,1,2
BRDA:116,3,0,1
BRDA:116,3,1,1
BRDA:143,4,0,1
BRDA:143,4,1,1
BRF:10
BRH:10
end_of_record
TN:
SF:/Users/kiranraju/Documents/NodeSDK/nylas-nodejs/src/models/calendar-restful-model-collection.ts
FN:12,(anonymous_10)
FN:18,CalendarRestfulModelCollection
FN:24,(anonymous_12)
FN:31,(anonymous_13)
FN:45,(anonymous_14)
FN:55,(anonymous_15)
FN:63,(anonymous_16)
FN:79,(anonymous_17)
FN:85,(anonymous_18)
FN:93,(anonymous_19)
FN:103,(anonymous_20)
FN:109,(anonymous_22)
FN:127,(anonymous_23)
FN:135,(anonymous_24)
FN:143,(anonymous_25)
FN:148,(anonymous_26)
FN:151,(anonymous_27)
FN:154,(anonymous_28)
FN:172,(anonymous_29)
FNF:19
FNH:16
FNDA:27,(anonymous_10)
FNDA:524,CalendarRestfulModelCollection
FNDA:2,(anonymous_12)
FNDA:1,(anonymous_13)
FNDA:1,(anonymous_14)
FNDA:0,(anonymous_15)
FNDA:2,(anonymous_16)
FNDA:1,(anonymous_17)
FNDA:0,(anonymous_18)
FNDA:3,(anonymous_19)
FNDA:2,(anonymous_20)
FNDA:5,(anonymous_22)
FNDA:1,(anonymous_23)
FNDA:0,(anonymous_24)
FNDA:2,(anonymous_25)
FNDA:1,(anonymous_26)
FNDA:2,(anonymous_27)
FNDA:2,(anonymous_28)
FNDA:7,(anonymous_29)
DA:1,27
DA:3,27
DA:4,27
DA:5,27
DA:12,27
DA:19,524
DA:20,524
DA:21,524
DA:24,27
DA:28,2
DA:30,1
DA:31,1
DA:34,1
DA:46,1
DA:47,0
DA:49,1
DA:50,2
DA:51,1
DA:53,1
DA:56,0
DA:57,0
DA:59,0
DA:63,27
DA:67,2
DA:69,1
DA:80,1
DA:81,0
DA:83,1
DA:86,0
DA:87,0
DA:89,0
DA:93,27
DA:97,3
DA:99,2
DA:102,2
DA:103,2
DA:105,2
DA:106,2
DA:107,4
DA:108,4
DA:109,5
DA:112,1
DA:121,1
DA:128,1
DA:129,0
DA:131,1
DA:136,0
DA:137,0
DA:139,0
DA:143,27
DA:147,2
DA:148,1
DA:150,2
DA:151,2
DA:153,2
DA:154,2
DA:157,2
DA:172,27
DA:178,7
DA:182,3
DA:184,4
DA:186,27
LF:62
LH:50
BRDA:19,0,0,524
BRDA:19,0,1,0
BRDA:31,1,0,1
BRDA:31,1,1,0
BRDA:41,2,0,1
BRDA:41,2,1,0
BRDA:46,3,0,0
BRDA:46,3,1,1
BRDA:56,4,0,0
BRDA:56,4,1,0
BRDA:80,5,0,0
BRDA:80,5,1,1
BRDA:86,6,0,0
BRDA:86,6,1,0
BRDA:99,7,0,2
BRDA:99,7,1,0
BRDA:103,8,0,2
BRDA:103,8,1,0
BRDA:105,9,0,2
BRDA:105,9,1,0
BRDA:108,10,0,1
BRDA:108,10,1,3
BRDA:109,11,0,4
BRDA:109,11,1,1
BRDA:128,12,0,0
BRDA:128,12,1,1
BRDA:136,13,0,0
BRDA:136,13,1,0
BRDA:148,14,0,1
BRDA:148,14,1,1
BRDA:151,15,0,2
BRDA:151,15,1,0
BRDA:154,16,0,2
BRDA:154,16,1,0
BRDA:178,17,0,3
BRDA:178,17,1,4
BRDA:179,18,0,7
BRDA:179,18,1,4
BRDA:179,18,2,3
BRDA:179,18,3,0
BRF:40
BRH:22
end_of_record
TN:
SF:/Users/kiranraju/Documents/NodeSDK/nylas-nodejs/src/models/calendar.ts
FN:18,(anonymous_9)
FN:63,Calendar
FN:68,(anonymous_11)
FN:72,(anonymous_12)
FN:83,(anonymous_13)
FNF:5
FNH:5
FNDA:27,(anonymous_9)
FNDA:8,Calendar
FNDA:2,(anonymous_11)
FNDA:2,(anonymous_12)
FNDA:2,(anonymous_13)
DA:1,27
DA:3,27
DA:18,27
DA:20,8
DA:21,8
DA:22,8
DA:23,8
DA:28,27
DA:29,27
DA:64,8
DA:65,8
DA:68,27
DA:69,2
DA:72,27
DA:73,2
DA:74,2
DA:83,27
DA:84,2
DA:85,1
DA:86,1
DA:87,0
DA:89,1
DA:91,1
DA:93,27
LF:24
LH:23
BRDA:64,0,0,8
BRDA:64,0,1,0
BRDA:68,1,0,2
BRDA:68,1,1,0
BRDA:84,2,0,1
BRDA:84,2,1,1
BRDA:86,3,0,0
BRDA:86,3,1,1
BRF:8
BRH:5
end_of_record
TN:
SF:/Users/kiranraju/Documents/NodeSDK/nylas-nodejs/src/models/component-restful-model-collection.ts
FN:5,(anonymous_7)
FN:11,ComponentRestfulModelCollection
FN:17,(anonymous_9)
FNF:3
FNH:3
FNDA:27,(anonymous_7)
FNDA:524,ComponentRestfulModelCollection
FNDA:3,(anonymous_9)
DA:1,27
DA:3,27
DA:5,27
DA:12,524
DA:13,524
DA:14,524
DA:17,27
DA:18,3
DA:20,27
LF:9
LH:9
BRDA:12,0,0,524
BRDA:12,0,1,0
BRF:2
BRH:1
end_of_record
TN:
SF:/Users/kiranraju/Documents/NodeSDK/nylas-nodejs/src/models/component.ts
FN:20,(anonymous_9)
FN:82,Component
FN:87,(anonymous_11)
FN:91,(anonymous_12)
FN:95,(anonymous_13)
FNF:5
FNH:5
FNDA:27,(anonymous_9)
FNDA:9,Component
FNDA:3,(anonymous_11)
FNDA:3,(anonymous_12)
FNDA:3,(anonymous_13)
DA:1,27
DA:2,27
DA:20,27
DA:34,27
DA:35,27
DA:83,9
DA:84,9
DA:87,27
DA:88,3
DA:91,27
DA:92,3
DA:95,27
DA:96,3
DA:97,3
DA:99,2
DA:100,2
DA:101,2
DA:103,3
DA:105,27
LF:19
LH:19
BRDA:83,0,0,9
BRDA:83,0,1,0
BRDA:91,1,0,3
BRDA:91,1,1,0
BRDA:97,2,0,2
BRDA:97,2,1,1
BRF:6
BRH:4
end_of_record
TN:
SF:/Users/kiranraju/Documents/NodeSDK/nylas-nodejs/src/models/connect.ts
FN:6,(anonymous_7)
FN:27,(anonymous_8)
FN:59,VirtualCalendar
FN:66,(anonymous_10)
FN:88,(anonymous_11)
FN:121,NativeAuthentication
FN:126,(anonymous_13)
FN:132,(anonymous_14)
FN:140,(anonymous_15)
FN:145,Connect
FN:155,(anonymous_17)
FN:183,(anonymous_18)
FN:188,(anonymous_19)
FN:210,(anonymous_20)
FNF:14
FNH:12
FNDA:23,(anonymous_7)
FNDA:23,(anonymous_8)
FNDA:0,VirtualCalendar
FNDA:23,(anonymous_10)
FNDA:23,(anonymous_11)
FNDA:1,NativeAuthentication
FNDA:1,(anonymous_13)
FNDA:0,(anonymous_14)
FNDA:23,(anonymous_15)
FNDA:264,Connect
FNDA:2,(anonymous_17)
FNDA:1,(anonymous_18)
FNDA:2,(anonymous_19)
FNDA:1,(anonymous_20)
DA:2,23
DA:3,23
DA:4,23
DA:6,23
DA:7,23
DA:8,23
DA:9,23
DA:10,23
DA:11,23
DA:12,23
DA:13,23
DA:14,23
DA:15,23
DA:16,23
DA:17,23
DA:18,23
DA:27,23
DA:29,0
DA:30,0
DA:31,0
DA:33,0
DA:35,23
DA:60,0
DA:61,0
DA:62,0
DA:64,23
DA:66,23
DA:67,23
DA:68,23
DA:69,23
DA:70,23
DA:71,23
DA:72,23
DA:73,23
DA:74,23
DA:75,23
DA:88,23
DA:90,1
DA:91,1
DA:92,1
DA:93,1
DA:94,1
DA:96,23
DA:122,1
DA:123,1
DA:126,23
DA:127,1
DA:128,1
DA:129,1
DA:132,23
DA:133,0
DA:134,0
DA:136,0
DA:138,23
DA:140,23
DA:150,264
DA:151,264
DA:152,264
DA:155,23
DA:159,2
DA:160,1
DA:166,1
DA:167,1
DA:169,1
DA:170,1
DA:174,0
DA:177,1
DA:184,1
DA:188,23
DA:190,2
DA:191,1
DA:195,1
DA:196,0
DA:200,1
DA:211,1
DA:214,23
LF:76
LH:64
BRDA:6,0,0,23
BRDA:6,0,1,23
BRDA:60,1,0,0
BRDA:60,1,1,0
BRDA:66,2,0,23
BRDA:66,2,1,23
BRDA:122,3,0,1
BRDA:122,3,1,1
BRDA:133,4,0,0
BRDA:133,4,1,0
BRDA:159,5,0,1
BRDA:159,5,1,1
BRDA:166,6,0,1
BRDA:166,6,1,0
BRDA:169,7,0,1
BRDA:169,7,1,0
BRDA:169,8,0,1
BRDA:169,8,1,1
BRDA:190,9,0,1
BRDA:190,9,1,1
BRDA:195,10,0,0
BRDA:195,10,1,1
BRF:22
BRH:15
end_of_record
TN:
SF:/Users/kiranraju/Documents/NodeSDK/nylas-nodejs/src/models/contact-restful-model-collection.ts
FN:5,(anonymous_8)
FN:11,ContactRestfulModelCollection
FN:17,(anonymous_10)
FN:25,(anonymous_11)
FN:26,(anonymous_12)
FN:34,(anonymous_13)
FNF:6
FNH:5
FNDA:27,(anonymous_8)
FNDA:524,ContactRestfulModelCollection
FNDA:3,(anonymous_10)
FNDA:3,(anonymous_11)
FNDA:3,(anonymous_12)
FNDA:0,(anonymous_13)
DA:1,27
DA:3,27
DA:5,27
DA:12,524
DA:13,524
DA:14,524
DA:17,27
DA:20,3
DA:26,3
DA:27,3
DA:29,3
DA:30,1
DA:32,3
DA:35,0
DA:36,0
DA:38,0
DA:41,27
LF:17
LH:14
BRDA:12,0,0,524
BRDA:12,0,1,0
BRDA:29,1,0,1
BRDA:29,1,1,2
BRDA:35,2,0,0
BRDA:35,2,1,0
BRF:6
BRH:3
end_of_record
TN:
SF:/Users/kiranraju/Documents/NodeSDK/nylas-nodejs/src/models/contact.ts
FN:11,(anonymous_9)
FN:23,EmailAddress
FN:34,(anonymous_11)
FN:47,IMAddress
FN:64,(anonymous_13)
FN:103,PhysicalAddress
FN:108,(anonymous_15)
FN:131,(anonymous_16)
FN:143,PhoneNumber
FN:154,(anonymous_18)
FN:166,WebPage
FN:180,(anonymous_20)
FN:208,Group
FN:235,(anonymous_22)
FN:340,Contact
FN:345,(anonymous_24)
FN:352,(anonymous_25)
FNF:17
FNH:17
FNDA:27,(anonymous_9)
FNDA:3,EmailAddress
FNDA:27,(anonymous_11)
FNDA:2,IMAddress
FNDA:27,(anonymous_13)
FNDA:2,PhysicalAddress
FNDA:3,(anonymous_15)
FNDA:27,(anonymous_16)
FNDA:3,PhoneNumber
FNDA:27,(anonymous_18)
FNDA:3,WebPage
FNDA:27,(anonymous_20)
FNDA:5,Group
FNDA:27,(anonymous_22)
FNDA:11,Contact
FNDA:1,(anonymous_24)
FNDA:6,(anonymous_25)
DA:1,27
DA:2,27
DA:3,27
DA:11,27
DA:12,3
DA:13,3
DA:14,27
DA:24,3
DA:25,3
DA:27,27
DA:34,27
DA:35,2
DA:36,2
DA:37,27
DA:48,2
DA:49,2
DA:51,27
DA:64,27
DA:66,2
DA:67,2
DA:68,2
DA:69,2
DA:70,2
DA:71,2
DA:72,2
DA:73,2
DA:74,27
DA:104,2
DA:105,2
DA:108,27
DA:109,3
DA:113,3
DA:114,0
DA:116,3
DA:117,3
DA:118,3
DA:119,3
DA:120,3
DA:122,3
DA:124,27
DA:131,27
DA:132,3
DA:133,3
DA:134,27
DA:144,3
DA:145,3
DA:147,27
DA:154,27
DA:155,3
DA:156,3
DA:157,27
DA:167,3
DA:168,3
DA:170,27
DA:180,27
DA:181,5
DA:182,5
DA:186,27
DA:209,5
DA:210,5
DA:212,27
DA:235,27
DA:255,27
DA:256,27
DA:341,11
DA:342,11
DA:345,27
DA:346,2
DA:349,1
DA:352,27
DA:353,6
DA:355,27
LF:72
LH:71
BRDA:24,0,0,3
BRDA:24,0,1,3
BRDA:48,1,0,2
BRDA:48,1,1,2
BRDA:104,2,0,2
BRDA:104,2,1,2
BRDA:113,3,0,0
BRDA:113,3,1,3
BRDA:144,4,0,3
BRDA:144,4,1,3
BRDA:167,5,0,3
BRDA:167,5,1,3
BRDA:209,6,0,5
BRDA:209,6,1,5
BRDA:341,7,0,11
BRDA:341,7,1,0
BRDA:346,8,0,1
BRDA:346,8,1,0
BRDA:352,9,0,5
BRDA:352,9,1,1
BRF:20
BRH:17
end_of_record
TN:
SF:/Users/kiranraju/Documents/NodeSDK/nylas-nodejs/src/models/delta-collection.ts
FN:10,(anonymous_16)
FN:14,DeltaCollection
FN:18,(anonymous_18)
FN:28,(anonymous_19)
FN:34,(anonymous_20)
FN:42,(anonymous_21)
FN:53,(anonymous_22)
FN:56,(anonymous_23)
FN:61,(anonymous_24)
FN:77,(anonymous_27)
FN:86,(anonymous_30)
FNF:11
FNH:9
FNDA:27,(anonymous_16)
FNDA:533,DeltaCollection
FNDA:2,(anonymous_18)
FNDA:1,(anonymous_19)
FNDA:1,(anonymous_20)
FNDA:1,(anonymous_21)
FNDA:1,(anonymous_22)
FNDA:0,(anonymous_23)
FNDA:0,(anonymous_24)
FNDA:5,(anonymous_27)
FNDA:1,(anonymous_30)
DA:2,27
DA:4,27
DA:10,27
DA:12,533
DA:15,533
DA:18,27
DA:21,2
DA:26,2
DA:29,1
DA:30,1
DA:32,1
DA:35,1
DA:36,1
DA:38,1
DA:42,27
DA:43,1
DA:44,1
DA:54,1
DA:57,0
DA:61,27
DA:66,0
DA:67,0
DA:73,0
DA:74,0
DA:77,27
DA:79,9
DA:81,5
DA:82,10
DA:83,5
DA:86,27
DA:87,1
DA:95,27
LF:32
LH:27
BRDA:29,0,0,1
BRDA:29,0,1,0
BRDA:35,1,0,1
BRDA:35,1,1,0
BRDA:79,2,0,4
BRDA:79,2,1,1
BRDA:88,3,0,1
BRDA:88,3,1,0
BRDA:88,4,0,1
BRDA:88,4,1,0
BRDA:88,5,0,1
BRDA:88,5,1,1
BRDA:89,6,0,1
BRDA:89,6,1,0
BRDA:89,7,0,1
BRDA:89,7,1,0
BRDA:89,8,0,1
BRDA:89,8,1,1
BRDA:92,9,0,1
BRDA:92,9,1,0
BRDA:92,10,0,1
BRDA:92,10,1,0
BRDA:92,11,0,1
BRDA:92,11,1,1
BRF:24
BRH:16
end_of_record
TN:
SF:/Users/kiranraju/Documents/NodeSDK/nylas-nodejs/src/models/delta-stream.ts
FN:19,(anonymous_23)
FN:45,DeltaStream
FN:62,(anonymous_25)
FN:72,(anonymous_26)
FN:82,(anonymous_27)
FN:110,(anonymous_30)
FN:131,(anonymous_31)
FN:146,(anonymous_32)
FN:159,(anonymous_33)
FN:164,(anonymous_34)
FN:176,(anonymous_35)
FN:177,DeltaLongPoll
FN:190,(anonymous_37)
FNF:13
FNH:8
FNDA:27,(anonymous_23)
FNDA:5,DeltaStream
FNDA:0,(anonymous_25)
FNDA:13,(anonymous_26)
FNDA:7,(anonymous_27)
FNDA:0,(anonymous_30)
FNDA:3,(anonymous_31)
FNDA:13,(anonymous_32)
FNDA:0,(anonymous_33)
FNDA:2,(anonymous_34)
FNDA:27,(anonymous_35)
FNDA:0,DeltaLongPoll
FNDA:0,(anonymous_37)
DA:10,27
DA:11,27
DA:12,27
DA:13,27
DA:14,27
DA:15,27
DA:16,27
DA:17,27
DA:19,27
DA:22,27
DA:32,5
DA:48,5
DA:50,5
DA:51,5
DA:52,5
DA:53,5
DA:54,5
DA:55,5
DA:56,5
DA:57,0
DA:59,5
DA:60,5
DA:63,0
DA:72,27
DA:73,13
DA:74,13
DA:75,13
DA:76,13
DA:77,6
DA:79,13
DA:82,27
DA:83,7
DA:84,7
DA:86,7
DA:90,7
DA:91,2
DA:93,7
DA:94,2
DA:97,7
DA:103,7
DA:104,7
DA:108,7
DA:109,7
DA:110,0
DA:111,0
DA:112,0
DA:113,0
DA:118,0
DA:120,0
DA:123,7
DA:124,7
DA:125,7
DA:132,3
DA:133,0
DA:135,3
DA:136,3
DA:138,3
DA:142,0
DA:146,27
DA:151,13
DA:152,13
DA:153,13
DA:159,27
DA:160,0
DA:161,0
DA:164,27
DA:165,2
DA:171,2
DA:172,2
DA:174,27
DA:176,27
DA:181,0
DA:183,0
DA:184,0
DA:185,0
DA:186,0
DA:187,0
DA:190,27
DA:194,0
DA:196,27
LF:80
LH:61
BRDA:48,0,0,0
BRDA:48,0,1,5
BRDA:50,1,0,5
BRDA:50,1,1,5
BRDA:56,2,0,0
BRDA:56,2,1,5
BRDA:76,3,0,6
BRDA:76,3,1,7
BRDA:84,4,0,5
BRDA:84,4,1,2
BRDA:84,5,0,5
BRDA:84,5,1,2
BRDA:90,6,0,2
BRDA:90,6,1,5
BRDA:93,7,0,2
BRDA:93,7,1,5
BRDA:109,8,0,0
BRDA:109,8,1,7
BRDA:132,9,0,0
BRDA:132,9,1,3
BRDA:135,10,0,3
BRDA:135,10,1,0
BRDA:168,11,0,2
BRDA:168,11,1,0
BRDA:181,12,0,0
BRDA:181,12,1,0
BRDA:183,13,0,0
BRDA:183,13,1,0
BRF:28
BRH:18
end_of_record
TN:
SF:/Users/kiranraju/Documents/NodeSDK/nylas-nodejs/src/models/delta.ts
FN:38,(anonymous_8)
FN:65,Delta
FN:77,(anonymous_10)
FNF:3
FNH:3
FNDA:27,(anonymous_8)
FNDA:9,Delta
FNDA:9,(anonymous_10)
DA:2,27
DA:3,27
DA:4,27
DA:5,27
DA:6,27
DA:7,27
DA:8,27
DA:9,27
DA:10,27
DA:12,27
DA:38,27
DA:39,9
DA:40,9
DA:41,9
DA:42,9
DA:45,27
DA:46,27
DA:66,9
DA:67,9
DA:68,9
DA:69,9
DA:70,0
DA:77,27
DA:78,9
DA:79,9
DA:80,9
DA:84,9
DA:86,27
LF:28
LH:27
BRDA:66,0,0,9
BRDA:66,0,1,0
BRDA:69,1,0,0
BRDA:69,1,1,9
BRDA:69,2,0,9
BRDA:69,2,1,0
BRDA:79,3,0,9
BRDA:79,3,1,0
BRDA:79,4,0,9
BRDA:79,4,1,9
BRF:10
BRH:6
end_of_record
TN:
SF:/Users/kiranraju/Documents/NodeSDK/nylas-nodejs/src/models/deltas.ts
FN:12,(anonymous_7)
FN:32,Deltas
FNF:2
FNH:2
FNDA:27,(anonymous_7)
FNDA:2,Deltas
DA:1,27
DA:3,27
DA:4,27
DA:12,27
DA:13,2
DA:14,2
DA:15,2
DA:17,27
DA:33,2
DA:34,2
DA:35,2
DA:37,27
LF:12
LH:12
BRDA:33,0,0,2
BRDA:33,0,1,2
BRF:2
BRH:2
end_of_record
TN:
SF:/Users/kiranraju/Documents/NodeSDK/nylas-nodejs/src/models/draft.ts
FN:18,(anonymous_9)
FN:43,Draft
FN:48,(anonymous_11)
FN:56,(anonymous_12)
FN:66,(anonymous_13)
FN:77,(anonymous_14)
FN:84,(anonymous_15)
FN:94,(anonymous_16)
FN:101,(anonymous_17)
FN:147,(anonymous_18)
FN:155,(anonymous_19)
FNF:11
FNH:10
FNDA:27,(anonymous_9)
FNDA:47,Draft
FNDA:23,(anonymous_11)
FNDA:23,(anonymous_12)
FNDA:11,(anonymous_13)
FNDA:23,(anonymous_14)
FNDA:5,(anonymous_15)
FNDA:0,(anonymous_16)
FNDA:13,(anonymous_17)
FNDA:11,(anonymous_18)
FNDA:2,(anonymous_19)
DA:1,27
DA:2,27
DA:18,27
DA:23,27
DA:24,27
DA:44,47
DA:45,47
DA:48,27
DA:49,23
DA:50,23
DA:51,4
DA:53,23
DA:56,27
DA:57,23
DA:58,0
DA:60,23
DA:61,23
DA:63,23
DA:66,27
DA:67,11
DA:68,0
DA:69,0
DA:70,0
DA:72,0
DA:74,11
DA:77,27
DA:78,23
DA:79,0
DA:81,23
DA:84,27
DA:85,5
DA:87,5
DA:88,5
DA:91,5
DA:94,27
DA:95,0
DA:96,0
DA:98,0
DA:101,27
DA:107,13
DA:108,2
DA:109,11
DA:110,3
DA:113,13
DA:114,4
DA:115,9
DA:116,2
DA:119,13
DA:120,13
DA:121,13
DA:123,13
DA:124,12
DA:125,12
DA:126,12
DA:127,2
DA:132,10
DA:134,12
DA:135,6
DA:139,13
DA:148,11
DA:150,11
DA:151,4
DA:153,11
DA:156,2
DA:157,1
DA:159,2
DA:162,27
LF:67
LH:58
BRDA:44,0,0,47
BRDA:44,0,1,0
BRDA:50,1,0,4
BRDA:50,1,1,19
BRDA:57,2,0,0
BRDA:57,2,1,23
BRDA:66,3,0,9
BRDA:66,3,1,2
BRDA:67,4,0,0
BRDA:67,4,1,11
BRDA:69,5,0,0
BRDA:69,5,1,0
BRDA:78,6,0,0
BRDA:78,6,1,23
BRDA:85,7,0,0
BRDA:85,7,1,5
BRDA:89,8,0,0
BRDA:89,8,1,5
BRDA:95,9,0,0
BRDA:95,9,1,0
BRDA:107,10,0,2
BRDA:107,10,1,11
BRDA:109,11,0,3
BRDA:109,11,1,8
BRDA:113,12,0,4
BRDA:113,12,1,9
BRDA:113,13,0,13
BRDA:113,13,1,7
BRDA:115,14,0,2
BRDA:115,14,1,7
BRDA:115,15,0,9
BRDA:115,15,1,2
BRDA:123,16,0,12
BRDA:123,16,1,1
BRDA:126,17,0,2
BRDA:126,17,1,10
BRDA:134,18,0,6
BRDA:134,18,1,6
BRDA:150,19,0,4
BRDA:150,19,1,7
BRDA:156,20,0,1
BRDA:156,20,1,1
BRF:42
BRH:32
end_of_record
TN:
SF:/Users/kiranraju/Documents/NodeSDK/nylas-nodejs/src/models/email-participant.ts
FN:9,(anonymous_7)
FN:22,EmailParticipant
FN:27,(anonymous_9)
FNF:3
FNH:3
FNDA:27,(anonymous_7)
FNDA:87,EmailParticipant
FNDA:6,(anonymous_9)
DA:1,27
DA:2,27
DA:9,27
DA:11,87
DA:13,27
DA:23,87
DA:24,87
DA:27,27
DA:28,6
DA:29,6
DA:30,0
DA:32,6
DA:34,27
LF:13
LH:12
BRDA:23,0,0,87
BRDA:23,0,1,87
BRDA:29,1,0,0
BRDA:29,1,1,6
BRF:4
BRH:3
end_of_record
TN:
SF:/Users/kiranraju/Documents/NodeSDK/nylas-nodejs/src/models/event-conferencing.ts
FN:12,(anonymous_7)
FN:38,EventConferencingDetails
FN:52,(anonymous_9)
FN:72,EventConferencing
FNF:4
FNH:4
FNDA:27,(anonymous_7)
FNDA:4,EventConferencingDetails
FNDA:27,(anonymous_9)
FNDA:5,EventConferencing
DA:1,27
DA:2,27
DA:12,27
DA:19,27
DA:39,4
DA:40,4
DA:42,27
DA:52,27
DA:54,5
DA:59,27
DA:73,5
DA:74,5
DA:76,27
LF:13
LH:13
BRDA:39,0,0,4
BRDA:39,0,1,4
BRDA:73,1,0,5
BRDA:73,1,1,5
BRF:4
BRH:4
end_of_record
TN:
SF:/Users/kiranraju/Documents/NodeSDK/nylas-nodejs/src/models/event-notification.ts
FN:4,(anonymous_7)
FN:20,(anonymous_8)
FN:54,EventNotification
FNF:3
FNH:3
FNDA:27,(anonymous_7)
FNDA:27,(anonymous_8)
FNDA:6,EventNotification
DA:1,27
DA:2,27
DA:4,27
DA:5,27
DA:6,27
DA:7,27
DA:20,27
DA:22,6
DA:23,6
DA:29,27
DA:55,6
DA:56,6
DA:58,27
LF:13
LH:13
BRDA:4,0,0,27
BRDA:4,0,1,27
BRDA:55,1,0,6
BRDA:55,1,1,6
BRF:4
BRH:4
end_of_record
TN:
SF:/Users/kiranraju/Documents/NodeSDK/nylas-nodejs/src/models/event-participant.ts
FN:12,(anonymous_7)
FN:38,EventParticipant
FN:43,(anonymous_9)
FNF:3
FNH:3
FNDA:27,(anonymous_7)
FNDA:18,EventParticipant
FNDA:8,(anonymous_9)
DA:1,27
DA:2,27
DA:12,27
DA:14,18
DA:19,27
DA:39,18
DA:40,18
DA:43,27
DA:44,8
DA:45,8
DA:46,6
DA:48,8
DA:50,27
LF:13
LH:13
BRDA:39,0,0,18
BRDA:39,0,1,18
BRDA:45,1,0,6
BRDA:45,1,1,2
BRF:4
BRH:4
end_of_record
TN:
SF:/Users/kiranraju/Documents/NodeSDK/nylas-nodejs/src/models/event-reminder-method.ts
FN:4,(anonymous_7)
FN:16,(anonymous_8)
FN:30,EventReminder
FNF:3
FNH:2
FNDA:27,(anonymous_7)
FNDA:27,(anonymous_8)
FNDA:0,EventReminder
DA:1,27
DA:2,27
DA:4,27
DA:5,27
DA:6,27
DA:7,27
DA:8,27
DA:16,27
DA:19,27
DA:31,0
DA:32,0
DA:34,27
LF:12
LH:10
BRDA:4,0,0,27
BRDA:4,0,1,27
BRDA:31,1,0,0
BRDA:31,1,1,0
BRF:4
BRH:2
end_of_record
TN:
SF:/Users/kiranraju/Documents/NodeSDK/nylas-nodejs/src/models/event.ts
FN:20,(anonymous_9)
FN:70,(anonymous_10)
FN:225,Event
FN:230,(anonymous_12)
FN:239,(anonymous_13)
FN:267,(anonymous_14)
FN:276,(anonymous_15)
FN:304,(anonymous_16)
FN:314,(anonymous_17)
FN:319,(anonymous_18)
FN:327,(anonymous_19)
FN:334,(anonymous_20)
FN:345,(anonymous_21)
FN:352,(anonymous_22)
FN:360,(anonymous_23)
FN:385,(anonymous_24)
FN:396,(anonymous_25)
FNF:17
FNH:16
FNDA:27,(anonymous_9)
FNDA:27,(anonymous_10)
FNDA:49,Event
FNDA:4,(anonymous_12)
FNDA:5,(anonymous_13)
FNDA:4,(anonymous_14)
FNDA:5,(anonymous_15)
FNDA:8,(anonymous_16)
FNDA:32,(anonymous_17)
FNDA:31,(anonymous_18)
FNDA:1,(anonymous_19)
FNDA:1,(anonymous_20)
FNDA:1,(anonymous_21)
FNDA:0,(anonymous_22)
FNDA:4,(anonymous_23)
FNDA:2,(anonymous_24)
FNDA:32,(anonymous_25)
DA:1,27
DA:2,27
DA:3,27
DA:6,27
DA:9,27
DA:11,27
DA:14,27
DA:20,27
DA:21,27
DA:22,27
DA:23,27
DA:24,27
DA:25,27
DA:26,27
DA:70,27
DA:71,49
DA:72,49
DA:103,27
DA:104,27
DA:226,49
DA:227,49
DA:230,27
DA:231,4
DA:240,5
DA:241,1
DA:243,5
DA:244,2
DA:245,0
DA:246,0
DA:248,2
DA:249,2
DA:250,2
DA:251,2
DA:254,5
DA:255,3
DA:256,0
DA:257,0
DA:259,3
DA:260,3
DA:261,3
DA:262,3
DA:267,27
DA:268,4
DA:277,5
DA:278,0
DA:280,5
DA:281,2
DA:282,1
DA:283,1
DA:285,1
DA:286,1
DA:287,1
DA:288,1
DA:291,5
DA:292,3
DA:293,1
DA:294,1
DA:296,2
DA:297,2
DA:298,2
DA:299,2
DA:304,27
DA:305,8
DA:307,8
DA:308,8
DA:309,2
DA:311,8
DA:314,61
DA:315,32
DA:316,29
DA:319,27
DA:320,31
DA:321,31
DA:322,29
DA:325,31
DA:326,2
DA:327,1
DA:331,31
DA:334,27
DA:339,1
DA:346,1
DA:347,1
DA:348,0
DA:350,1
DA:353,0
DA:354,0
DA:356,0
DA:360,27
DA:361,4
DA:362,2
DA:367,2
DA:368,2
DA:369,1
DA:376,2
DA:386,2
DA:387,0
DA:392,2
DA:396,27
DA:397,32
DA:402,1
DA:406,31
DA:412,1
DA:417,30
DA:424,1
DA:429,27
LF:105
LH:95
BRDA:20,0,0,27
BRDA:20,0,1,27
BRDA:226,1,0,49
BRDA:226,1,1,0
BRDA:232,2,0,4
BRDA:232,2,1,3
BRDA:232,2,2,2
BRDA:232,2,3,1
BRDA:232,3,0,0
BRDA:232,3,1,4
BRDA:232,4,0,4
BRDA:232,4,1,4
BRDA:233,5,0,0
BRDA:233,5,1,3
BRDA:232,6,0,3
BRDA:232,6,1,3
BRDA:234,7,0,0
BRDA:234,7,1,2
BRDA:233,8,0,2
BRDA:233,8,1,2
BRDA:235,9,0,0
BRDA:235,9,1,1
BRDA:234,10,0,1
BRDA:234,10,1,1
BRDA:240,11,0,1
BRDA:240,11,1,4
BRDA:243,12,0,2
BRDA:243,12,1,3
BRDA:244,13,0,0
BRDA:244,13,1,2
BRDA:254,14,0,3
BRDA:254,14,1,2
BRDA:255,15,0,0
BRDA:255,15,1,3
BRDA:269,16,0,4
BRDA:269,16,1,3
BRDA:269,16,2,2
BRDA:269,16,3,1
BRDA:269,17,0,0
BRDA:269,17,1,4
BRDA:269,18,0,4
BRDA:269,18,1,4
BRDA:270,19,0,0
BRDA:270,19,1,3
BRDA:269,20,0,3
BRDA:269,20,1,3
BRDA:271,21,0,0
BRDA:271,21,1,2
BRDA:270,22,0,2
BRDA:270,22,1,2
BRDA:272,23,0,0
BRDA:272,23,1,1
BRDA:271,24,0,1
BRDA:271,24,1,1
BRDA:277,25,0,0
BRDA:277,25,1,5
BRDA:280,26,0,2
BRDA:280,26,1,3
BRDA:281,27,0,1
BRDA:281,27,1,1
BRDA:291,28,0,3
BRDA:291,28,1,2
BRDA:292,29,0,1
BRDA:292,29,1,2
BRDA:305,30,0,0
BRDA:305,30,1,8
BRDA:308,31,0,2
BRDA:308,31,1,6
BRDA:314,32,0,29
BRDA:314,32,1,3
BRDA:321,33,0,29
BRDA:321,33,1,2
BRDA:325,34,0,2
BRDA:325,34,1,29
BRDA:325,35,0,31
BRDA:325,35,1,2
BRDA:347,36,0,0
BRDA:347,36,1,1
BRDA:353,37,0,0
BRDA:353,37,1,0
BRDA:361,38,0,2
BRDA:361,38,1,2
BRDA:361,39,0,4
BRDA:361,39,1,3
BRDA:368,40,0,1
BRDA:368,40,1,1
BRDA:386,41,0,0
BRDA:386,41,1,2
BRDA:397,42,0,1
BRDA:397,42,1,31
BRDA:398,43,0,32
BRDA:398,43,1,3
BRDA:398,43,2,2
BRDA:406,44,0,1
BRDA:406,44,1,30
BRDA:407,45,0,31
BRDA:407,45,1,4
BRDA:407,45,2,3
BRDA:407,45,3,3
BRDA:417,46,0,1
BRDA:417,46,1,29
BRDA:418,47,0,30
BRDA:418,47,1,3
BRDA:418,47,2,0
BRDA:418,47,3,0
BRDA:418,47,4,3
BRDA:418,47,5,2
BRF:107
BRH:88
end_of_record
TN:
SF:/Users/kiranraju/Documents/NodeSDK/nylas-nodejs/src/models/file.ts
FN:15,(anonymous_9)
FN:54,File
FN:59,(anonymous_11)
FN:93,(anonymous_12)
FN:107,(anonymous_13)
FN:115,(anonymous_14)
FN:130,(anonymous_15)
FN:136,(anonymous_16)
FNF:8
FNH:8
FNDA:27,(anonymous_9)
FNDA:28,File
FNDA:9,(anonymous_11)
FNDA:4,(anonymous_12)
FNDA:2,(anonymous_13)
FNDA:5,(anonymous_14)
FNDA:3,(anonymous_15)
FNDA:2,(anonymous_16)
DA:1,27
DA:2,27
DA:15,27
DA:23,27
DA:24,27
DA:55,28
DA:56,28
DA:59,27
DA:62,9
DA:63,1
DA:65,8
DA:66,1
DA:68,7
DA:69,1
DA:72,6
DA:77,6
DA:78,1
DA:81,6
DA:97,4
DA:98,4
DA:99,4
DA:100,1
DA:102,4
DA:104,0
DA:108,2
DA:109,1
DA:111,2
DA:115,27
DA:121,5
DA:122,0
DA:125,5
DA:131,3
DA:132,1
DA:134,3
DA:137,2
DA:138,1
DA:140,2
DA:143,27
LF:38
LH:36
BRDA:55,0,0,28
BRDA:55,0,1,0
BRDA:62,1,0,1
BRDA:62,1,1,8
BRDA:65,2,0,1
BRDA:65,2,1,7
BRDA:68,3,0,1
BRDA:68,3,1,6
BRDA:77,4,0,1
BRDA:77,4,1,5
BRDA:97,5,0,4
BRDA:97,5,1,0
BRDA:99,6,0,1
BRDA:99,6,1,3
BRDA:108,7,0,1
BRDA:108,7,1,1
BRDA:121,8,0,0
BRDA:121,8,1,5
BRDA:131,9,0,1
BRDA:131,9,1,2
BRDA:137,10,0,1
BRDA:137,10,1,1
BRF:22
BRH:19
end_of_record
TN:
SF:/Users/kiranraju/Documents/NodeSDK/nylas-nodejs/src/models/folder.ts
FN:10,(anonymous_9)
FN:32,Folder
FN:37,(anonymous_11)
FN:42,(anonymous_12)
FN:44,Label
FN:48,(anonymous_14)
FNF:6
FNH:6
FNDA:27,(anonymous_9)
FNDA:13,Folder
FNDA:4,(anonymous_11)
FNDA:27,(anonymous_12)
FNDA:7,Label
FNDA:2,(anonymous_14)
DA:1,27
DA:2,27
DA:10,27
DA:14,27
DA:15,27
DA:33,13
DA:34,13
DA:37,27
DA:38,4
DA:40,27
DA:42,27
DA:43,27
DA:45,7
DA:48,27
DA:49,2
DA:51,27
LF:16
LH:16
BRDA:33,0,0,13
BRDA:33,0,1,0
BRDA:37,1,0,4
BRDA:37,1,1,0
BRDA:45,2,0,7
BRDA:45,2,1,0
BRF:6
BRH:3
end_of_record
TN:
SF:/Users/kiranraju/Documents/NodeSDK/nylas-nodejs/src/models/free-busy.ts
FN:16,(anonymous_7)
FN:31,FreeBusyCalendar
FN:43,(anonymous_9)
FN:63,TimeSlotCapacity
FN:77,(anonymous_11)
FN:108,TimeSlot
FN:119,(anonymous_13)
FN:137,FreeBusy
FNF:8
FNH:8
FNDA:27,(anonymous_7)
FNDA:3,FreeBusyCalendar
FNDA:27,(anonymous_9)
FNDA:2,TimeSlotCapacity
FNDA:27,(anonymous_11)
FNDA:2,TimeSlot
FNDA:27,(anonymous_13)
FNDA:2,FreeBusy
DA:1,27
DA:2,27
DA:16,27
DA:18,3
DA:19,3
DA:20,27
DA:32,3
DA:33,3
DA:35,27
DA:43,27
DA:45,2
DA:46,2
DA:47,2
DA:48,27
DA:64,2
DA:65,2
DA:67,27
DA:77,27
DA:78,2
DA:79,2
DA:80,2
DA:81,2
DA:84,27
DA:109,2
DA:110,2
DA:112,27
DA:119,27
DA:120,2
DA:121,2
DA:122,2
DA:123,27
DA:138,2
DA:139,2
DA:141,27
LF:34
LH:34
BRDA:32,0,0,3
BRDA:32,0,1,3
BRDA:64,1,0,2
BRDA:64,1,1,2
BRDA:109,2,0,2
BRDA:109,2,1,2
BRDA:138,3,0,2
BRDA:138,3,1,2
BRF:8
BRH:8
end_of_record
TN:
SF:/Users/kiranraju/Documents/NodeSDK/nylas-nodejs/src/models/job-status-restful-model-collection.ts
FN:6,(anonymous_7)
FN:12,JobStatusRestfulModelCollection
FN:18,(anonymous_9)
FNF:3
FNH:3
FNDA:27,(anonymous_7)
FNDA:524,JobStatusRestfulModelCollection
FNDA:10,(anonymous_9)
DA:1,27
DA:2,27
DA:4,27
DA:6,27
DA:13,524
DA:14,524
DA:15,524
DA:18,27
DA:19,10
DA:20,1
DA:23,9
DA:25,27
LF:12
LH:12
BRDA:13,0,0,524
BRDA:13,0,1,0
BRDA:19,1,0,1
BRDA:19,1,1,9
BRDA:19,2,0,10
BRDA:19,2,1,10
BRF:6
BRH:5
end_of_record
TN:
SF:/Users/kiranraju/Documents/NodeSDK/nylas-nodejs/src/models/job-status.ts
FN:15,(anonymous_9)
FN:55,JobStatus
FN:61,(anonymous_11)
FNF:3
FNH:3
FNDA:27,(anonymous_9)
FNDA:13,JobStatus
FNDA:2,(anonymous_11)
DA:1,27
DA:2,27
DA:15,27
DA:23,27
DA:24,27
DA:56,13
DA:57,13
DA:61,27
DA:62,2
DA:64,27
LF:10
LH:10
BRDA:56,0,0,13
BRDA:56,0,1,0
BRF:2
BRH:1
end_of_record
TN:
SF:/Users/kiranraju/Documents/NodeSDK/nylas-nodejs/src/models/management-account.ts
FN:12,(anonymous_9)
FN:27,ApplicationIPAddresses
FN:40,(anonymous_11)
FN:63,AccountTokenInfo
FN:84,(anonymous_13)
FN:128,ManagementAccount
FN:137,(anonymous_15)
FN:145,(anonymous_16)
FN:146,(anonymous_17)
FN:149,(anonymous_18)
FN:157,(anonymous_19)
FN:158,(anonymous_20)
FN:161,(anonymous_21)
FN:170,(anonymous_22)
FN:171,(anonymous_23)
FN:174,(anonymous_24)
FN:180,(anonymous_25)
FN:183,(anonymous_26)
FN:186,(anonymous_27)
FN:197,(anonymous_28)
FN:198,(anonymous_29)
FN:201,(anonymous_30)
FN:205,(anonymous_31)
FN:211,(anonymous_32)
FNF:24
FNH:20
FNDA:23,(anonymous_9)
FNDA:1,ApplicationIPAddresses
FNDA:23,(anonymous_11)
FNDA:1,AccountTokenInfo
FNDA:23,(anonymous_13)
FNDA:9,ManagementAccount
FNDA:1,(anonymous_15)
FNDA:1,(anonymous_16)
FNDA:0,(anonymous_17)
FNDA:1,(anonymous_18)
FNDA:1,(anonymous_19)
FNDA:0,(anonymous_20)
FNDA:2,(anonymous_21)
FNDA:2,(anonymous_22)
FNDA:0,(anonymous_23)
FNDA:1,(anonymous_24)
FNDA:1,(anonymous_25)
FNDA:0,(anonymous_26)
FNDA:2,(anonymous_27)
FNDA:1,(anonymous_28)
FNDA:1,(anonymous_29)
FNDA:1,(anonymous_30)
FNDA:1,(anonymous_31)
FNDA:1,(anonymous_32)
DA:1,23
DA:2,23
DA:4,23
DA:12,23
DA:14,1
DA:15,1
DA:16,23
DA:28,1
DA:29,1
DA:31,23
DA:40,23
DA:42,1
DA:43,1
DA:44,1
DA:45,1
DA:46,23
DA:64,1
DA:65,1
DA:67,23
DA:84,23
DA:86,9
DA:87,9
DA:88,9
DA:89,9
DA:90,9
DA:91,9
DA:92,9
DA:94,23
DA:95,23
DA:133,9
DA:134,9
DA:137,23
DA:138,1
DA:145,1
DA:146,0
DA:149,23
DA:150,1
DA:157,1
DA:158,0
DA:161,23
DA:162,2
DA:170,2
DA:171,0
DA:174,23
DA:175,1
DA:181,1
DA:183,0
DA:186,23
DA:187,2
DA:197,1
DA:198,1
DA:201,23
DA:202,1
DA:205,23
DA:206,1
DA:211,23
DA:212,1
DA:214,23
LF:58
LH:54
BRDA:28,0,0,1
BRDA:28,0,1,1
BRDA:64,1,0,1
BRDA:64,1,1,1
BRDA:133,2,0,9
BRDA:133,2,1,0
BRDA:201,3,0,1
BRDA:201,3,1,0
BRF:8
BRH:6
end_of_record
TN:
SF:/Users/kiranraju/Documents/NodeSDK/nylas-nodejs/src/models/management-model-collection.ts
FN:5,(anonymous_7)
FN:10,ManagementModelCollection
FN:19,(anonymous_9)
FN:23,(anonymous_10)
FN:27,(anonymous_11)
FNF:5
FNH:5
FNDA:23,(anonymous_7)
FNDA:528,ManagementModelCollection
FNDA:4,(anonymous_9)
FNDA:12,(anonymous_10)
FNDA:14,(anonymous_11)
DA:3,23
DA:5,23
DA:7,23
DA:15,528
DA:16,528
DA:19,23
DA:20,4
DA:23,23
DA:24,12
DA:27,23
DA:28,14
DA:29,14
DA:31,23
LF:13
LH:13
BRDA:15,0,0,528
BRDA:15,0,1,0
BRF:2
BRH:1
end_of_record
TN:
SF:/Users/kiranraju/Documents/NodeSDK/nylas-nodejs/src/models/management-model.ts
FN:4,(anonymous_7)
FN:7,ManagementModel
FNF:2
FNH:2
FNDA:24,(anonymous_7)
FNDA:15,ManagementModel
DA:1,24
DA:4,24
DA:12,15
DA:13,15
DA:15,24
LF:5
LH:5
BRDA:12,0,0,15
BRDA:12,0,1,0
BRF:2
BRH:1
end_of_record
TN:
SF:/Users/kiranraju/Documents/NodeSDK/nylas-nodejs/src/models/message-restful-model-collection.ts
FN:5,(anonymous_9)
FN:11,MessageRestfulModelCollection
FN:23,(anonymous_11)
FN:42,(anonymous_12)
FN:58,(anonymous_13)
FN:67,(anonymous_14)
FNF:6
FNH:5
FNDA:27,(anonymous_9)
FNDA:528,MessageRestfulModelCollection
FNDA:2,(anonymous_11)
FNDA:1,(anonymous_12)
FNDA:1,(anonymous_13)
FNDA:0,(anonymous_14)
DA:1,27
DA:2,27
DA:5,27
DA:12,528
DA:13,528
DA:14,528
DA:23,27
DA:32,2
DA:34,0
DA:37,0
DA:41,2
DA:42,1
DA:43,1
DA:47,1
DA:58,27
DA:59,1
DA:67,0
DA:69,27
LF:18
LH:15
BRDA:12,0,0,528
BRDA:12,0,1,0
BRDA:32,1,0,0
BRDA:32,1,1,2
BRDA:32,2,0,2
BRDA:32,2,1,0
BRDA:41,3,0,1
BRDA:41,3,1,1
BRF:8
BRH:5
end_of_record
TN:
SF:/Users/kiranraju/Documents/NodeSDK/nylas-nodejs/src/models/message.ts
FN:33,(anonymous_11)
FN:129,Message
FN:137,(anonymous_13)
FN:155,(anonymous_14)
FN:156,(anonymous_15)
FN:159,(anonymous_16)
FN:168,(anonymous_17)
FN:171,(anonymous_18)
FN:180,(anonymous_19)
FN:191,(anonymous_20)
FNF:10
FNH:8
FNDA:27,(anonymous_11)
FNDA:86,Message
FNDA:0,(anonymous_13)
FNDA:23,(anonymous_14)
FNDA:9,(anonymous_15)
FNDA:1,(anonymous_16)
FNDA:0,(anonymous_17)
FNDA:27,(anonymous_18)
FNDA:1,(anonymous_19)
FNDA:16,(anonymous_20)
DA:1,27
DA:2,27
DA:3,27
DA:4,27
DA:5,27
DA:8,27
DA:33,27
DA:34,86
DA:53,27
DA:54,27
DA:130,86
DA:131,86
DA:137,27
DA:138,0
DA:139,0
DA:140,0
DA:141,0
DA:142,0
DA:143,0
DA:144,0
DA:145,0
DA:152,0
DA:155,27
DA:156,23
DA:159,27
DA:160,1
DA:168,0
DA:171,27
DA:173,27
DA:174,23
DA:178,4
DA:179,4
DA:180,1
DA:181,3
DA:182,1
DA:185,4
DA:186,4
DA:187,4
DA:188,4
DA:191,27
DA:193,16
DA:194,1
DA:199,15
DA:201,27
LF:44
LH:34
BRDA:130,0,0,86
BRDA:130,0,1,0
BRDA:139,1,0,0
BRDA:139,1,1,0
BRDA:140,2,0,0
BRDA:140,2,1,0
BRDA:141,3,0,0
BRDA:141,3,1,0
BRDA:144,4,0,0
BRDA:144,4,1,0
BRDA:144,5,0,0
BRDA:144,5,1,0
BRDA:144,6,0,0
BRDA:144,6,1,0
BRDA:146,7,0,0
BRDA:146,7,1,0
BRDA:146,8,0,0
BRDA:146,8,1,0
BRDA:156,9,0,3
BRDA:156,9,1,20
BRDA:173,10,0,23
BRDA:173,10,1,4
BRDA:179,11,0,1
BRDA:179,11,1,3
BRDA:181,12,0,1
BRDA:181,12,1,2
BRDA:191,13,0,5
BRDA:191,13,1,11
BRDA:193,14,0,1
BRDA:193,14,1,15
BRDA:193,15,0,16
BRDA:193,15,1,5
BRF:32
BRH:15
end_of_record
TN:
SF:/Users/kiranraju/Documents/NodeSDK/nylas-nodejs/src/models/model-collection.ts
FN:8,(anonymous_2)
FN:14,ModelCollection
FN:26,(anonymous_4)
FN:41,(anonymous_5)
FN:42,(anonymous_6)
FN:55,(anonymous_7)
FN:60,(anonymous_8)
FN:68,(anonymous_9)
FN:85,(anonymous_10)
FN:124,(anonymous_11)
FN:130,(anonymous_12)
FN:138,(anonymous_13)
FN:142,(anonymous_14)
FN:157,(anonymous_15)
FN:164,(anonymous_16)
FN:178,(anonymous_17)
FN:184,(anonymous_18)
FN:193,(anonymous_19)
FN:217,(anonymous_20)
FN:221,(anonymous_21)
FN:232,(anonymous_22)
FN:238,(anonymous_23)
FN:251,(anonymous_24)
FN:252,(anonymous_25)
FNF:24
FNH:22
FNDA:27,(anonymous_2)
FNDA:7418,ModelCollection
FNDA:4,(anonymous_4)
FNDA:16,(anonymous_5)
FNDA:16,(anonymous_6)
FNDA:4,(anonymous_7)
FNDA:0,(anonymous_8)
FNDA:9,(anonymous_9)
FNDA:21,(anonymous_10)
FNDA:18,(anonymous_11)
FNDA:2,(anonymous_12)
FNDA:92,(anonymous_13)
FNDA:20,(anonymous_14)
FNDA:31,(anonymous_15)
FNDA:27,(anonymous_16)
FNDA:16,(anonymous_17)
FNDA:4,(anonymous_18)
FNDA:61,(anonymous_19)
FNDA:0,(anonymous_20)
FNDA:20,(anonymous_21)
FNDA:18,(anonymous_22)
FNDA:22,(anonymous_23)
FNDA:20,(anonymous_24)
FNDA:24,(anonymous_25)
DA:6,27
DA:8,27
DA:15,7418
DA:16,7418
DA:17,7418
DA:18,7418
DA:19,1
DA:21,7417
DA:22,0
DA:26,27
DA:27,4
DA:31,4
DA:32,0
DA:33,0
DA:34,0
DA:36,0
DA:39,4
DA:41,4
DA:42,16
DA:43,1252
DA:44,1252
DA:46,16
DA:47,16
DA:48,16
DA:49,12
DA:54,4
DA:56,4
DA:57,4
DA:61,0
DA:62,0
DA:68,27
DA:69,15
DA:72,9
DA:73,0
DA:74,0
DA:75,0
DA:77,0
DA:80,9
DA:81,9
DA:82,9
DA:85,27
DA:92,21
DA:93,2
DA:94,19
DA:95,3
DA:98,21
DA:99,21
DA:100,4
DA:101,17
DA:102,2
DA:105,21
DA:106,1
DA:107,1
DA:108,0
DA:110,1
DA:113,20
DA:114,0
DA:117,0
DA:118,0
DA:120,0
DA:123,20
DA:125,18
DA:126,4
DA:128,18
DA:131,2
DA:132,1
DA:134,2
DA:138,27
DA:139,92
DA:142,27
DA:143,40
DA:144,40
DA:145,40
DA:146,20
DA:147,20
DA:155,20
DA:157,20
DA:158,31
DA:159,31
DA:163,31
DA:165,27
DA:167,27
DA:168,27
DA:169,11
DA:177,20
DA:179,16
DA:180,5
DA:182,16
DA:185,4
DA:186,0
DA:188,4
DA:193,27
DA:201,61
DA:202,54
DA:205,61
DA:206,0
DA:214,61
DA:217,27
DA:218,0
DA:221,27
DA:223,20
DA:225,20
DA:233,18
DA:234,18
DA:238,27
DA:244,22
DA:252,20
DA:253,24
DA:255,18
DA:258,27
LF:110
LH:91
BRDA:18,0,0,1
BRDA:18,0,1,7417
BRDA:21,1,0,0
BRDA:21,1,1,7417
BRDA:27,2,0,0
BRDA:27,2,1,4
BRDA:31,3,0,0
BRDA:31,3,1,4
BRDA:33,4,0,0
BRDA:33,4,1,0
BRDA:48,5,0,12
BRDA:48,5,1,4
BRDA:56,6,0,4
BRDA:56,6,1,0
BRDA:61,7,0,0
BRDA:61,7,1,0
BRDA:69,8,0,6
BRDA:69,8,1,3
BRDA:72,9,0,0
BRDA:72,9,1,9
BRDA:74,10,0,0
BRDA:74,10,1,0
BRDA:80,11,0,9
BRDA:80,11,1,9
BRDA:92,12,0,2
BRDA:92,12,1,19
BRDA:94,13,0,3
BRDA:94,13,1,16
BRDA:99,14,0,4
BRDA:99,14,1,17
BRDA:99,15,0,21
BRDA:99,15,1,7
BRDA:101,16,0,2
BRDA:101,16,1,15
BRDA:101,17,0,17
BRDA:101,17,1,2
BRDA:105,18,0,1
BRDA:105,18,1,20
BRDA:107,19,0,0
BRDA:107,19,1,1
BRDA:113,20,0,0
BRDA:113,20,1,20
BRDA:113,21,0,20
BRDA:113,21,1,20
BRDA:117,22,0,0
BRDA:117,22,1,0
BRDA:125,23,0,4
BRDA:125,23,1,14
BRDA:131,24,0,1
BRDA:131,24,1,1
BRDA:143,25,0,1
BRDA:143,25,1,19
BRDA:144,26,0,14
BRDA:144,26,1,6
BRDA:145,27,0,1
BRDA:145,27,1,19
BRDA:167,28,0,27
BRDA:167,28,1,13
BRDA:168,29,0,11
BRDA:168,29,1,16
BRDA:179,30,0,5
BRDA:179,30,1,11
BRDA:185,31,0,0
BRDA:185,31,1,4
BRDA:201,32,0,54
BRDA:201,32,1,7
BRDA:205,33,0,0
BRDA:205,33,1,61
BRDA:223,34,0,0
BRDA:223,34,1,20
BRF:70
BRH:52
end_of_record
TN:
SF:/Users/kiranraju/Documents/NodeSDK/nylas-nodejs/src/models/model.ts
FN:5,(anonymous_0)
FN:8,(anonymous_2)
FN:22,(anonymous_3)
FN:26,(anonymous_4)
FN:38,(anonymous_5)
FN:49,(anonymous_6)
FN:65,(anonymous_7)
FN:69,(anonymous_8)
FNF:8
FNH:7
FNDA:1138,(anonymous_0)
FNDA:14,(anonymous_2)
FNDA:1166,(anonymous_3)
FNDA:621,(anonymous_4)
FNDA:382,(anonymous_5)
FNDA:162,(anonymous_6)
FNDA:133,(anonymous_7)
FNDA:0,(anonymous_8)
DA:5,28
DA:8,28
DA:12,14
DA:13,14
DA:14,124
DA:15,124
DA:16,56
DA:19,14
DA:22,28
DA:23,1166
DA:26,28
DA:27,621
DA:28,621
DA:29,824
DA:30,818
DA:31,818
DA:32,673
DA:38,28
DA:39,382
DA:40,382
DA:41,4148
DA:42,4148
DA:43,1181
DA:46,382
DA:49,28
DA:50,162
DA:51,162
DA:52,162
DA:53,2402
DA:54,2402
DA:55,2218
DA:57,184
DA:60,161
DA:65,28
DA:66,133
DA:69,28
DA:70,0
DA:72,28
LF:38
LH:37
BRDA:15,0,0,56
BRDA:15,0,1,68
BRDA:29,1,0,818
BRDA:29,1,1,6
BRDA:31,2,0,673
BRDA:31,2,1,145
BRDA:42,3,0,1181
BRDA:42,3,1,2967
BRDA:54,4,0,2218
BRDA:54,4,1,184
BRF:10
BRH:10
end_of_record
TN:
SF:/Users/kiranraju/Documents/NodeSDK/nylas-nodejs/src/models/neural-categorizer.ts
FN:13,(anonymous_22)
FN:35,Categorize
FN:45,(anonymous_24)
FN:57,NeuralCategorizer
FN:65,(anonymous_26)
FN:75,(anonymous_27)
FN:75,(anonymous_28)
FNF:7
FNH:7
FNDA:27,(anonymous_22)
FNDA:6,Categorize
FNDA:27,(anonymous_24)
FNDA:3,NeuralCategorizer
FNDA:1,(anonymous_26)
FNDA:1,(anonymous_27)
FNDA:1,(anonymous_28)
DA:1,27
DA:2,27
DA:3,27
DA:13,27
DA:14,6
DA:15,6
DA:16,6
DA:17,6
DA:18,27
DA:36,6
DA:37,6
DA:39,27
DA:45,27
DA:47,3
DA:48,27
DA:49,27
DA:61,3
DA:62,3
DA:65,27
DA:66,1
DA:75,1
DA:76,1
DA:79,1
DA:82,27
LF:24
LH:24
BRDA:36,0,0,6
BRDA:36,0,1,6
BRDA:61,1,0,3
BRDA:61,1,1,0
BRDA:76,2,0,1
BRF:5
BRH:4
end_of_record
TN:
SF:/Users/kiranraju/Documents/NodeSDK/nylas-nodejs/src/models/neural-clean-conversation.ts
FN:13,(anonymous_22)
FN:29,NeuralCleanConversation
FN:37,(anonymous_24)
FN:45,(anonymous_25)
FN:45,(anonymous_26)
FNF:5
FNH:5
FNDA:27,(anonymous_22)
FNDA:2,NeuralCleanConversation
FNDA:1,(anonymous_24)
FNDA:1,(anonymous_25)
FNDA:1,(anonymous_26)
DA:1,27
DA:2,27
DA:6,27
DA:13,27
DA:15,2
DA:16,2
DA:17,27
DA:18,27
DA:33,2
DA:34,2
DA:37,27
DA:38,1
DA:39,1
DA:40,1
DA:41,1
DA:45,1
DA:46,1
DA:47,1
DA:48,1
DA:52,1
DA:54,27
LF:21
LH:21
BRDA:33,0,0,2
BRDA:33,0,1,0
BRDA:39,1,0,1
BRDA:39,1,1,0
BRDA:41,2,0,1
BRDA:41,2,1,0
BRF:6
BRH:3
end_of_record
TN:
SF:/Users/kiranraju/Documents/NodeSDK/nylas-nodejs/src/models/neural-ocr.ts
FN:10,(anonymous_9)
FN:25,NeuralOcr
FNF:2
FNH:2
FNDA:27,(anonymous_9)
FNDA:1,NeuralOcr
DA:1,27
DA:2,27
DA:10,27
DA:11,1
DA:12,1
DA:13,27
DA:14,27
DA:26,1
DA:27,1
DA:29,27
LF:10
LH:10
BRDA:26,0,0,1
BRDA:26,0,1,0
BRF:2
BRH:1
end_of_record
TN:
SF:/Users/kiranraju/Documents/NodeSDK/nylas-nodejs/src/models/neural-sentiment-analysis.ts
FN:13,(anonymous_7)
FN:42,NeuralSentimentAnalysis
FNF:2
FNH:2
FNDA:27,(anonymous_7)
FNDA:2,NeuralSentimentAnalysis
DA:1,27
DA:2,27
DA:13,27
DA:15,2
DA:16,2
DA:17,2
DA:18,2
DA:19,2
DA:20,27
DA:21,27
DA:46,2
DA:47,2
DA:49,27
LF:13
LH:13
BRDA:46,0,0,2
BRDA:46,0,1,0
BRF:2
BRH:1
end_of_record
TN:
SF:/Users/kiranraju/Documents/NodeSDK/nylas-nodejs/src/models/neural-signature-contact.ts
FN:11,(anonymous_8)
FN:23,Link
FN:34,(anonymous_10)
FN:48,Name
FN:62,(anonymous_12)
FN:91,NeuralSignatureContact
FN:96,(anonymous_14)
FN:102,(anonymous_15)
FN:106,(anonymous_16)
FN:118,(anonymous_17)
FN:125,(anonymous_18)
FN:132,(anonymous_19)
FNF:12
FNH:10
FNDA:27,(anonymous_8)
FNDA:4,Link
FNDA:27,(anonymous_10)
FNDA:4,Name
FNDA:27,(anonymous_12)
FNDA:2,NeuralSignatureContact
FNDA:0,(anonymous_14)
FNDA:0,(anonymous_15)
FNDA:1,(anonymous_16)
FNDA:1,(anonymous_17)
FNDA:1,(anonymous_18)
FNDA:1,(anonymous_19)
DA:1,27
DA:2,27
DA:3,27
DA:11,27
DA:12,4
DA:13,4
DA:14,27
DA:24,4
DA:25,4
DA:27,27
DA:34,27
DA:35,4
DA:36,4
DA:37,27
DA:49,4
DA:50,4
DA:52,27
DA:62,27
DA:69,27
DA:92,2
DA:93,2
DA:96,27
DA:97,0
DA:102,0
DA:106,27
DA:107,1
DA:109,1
DA:110,1
DA:111,1
DA:113,1
DA:114,1
DA:116,1
DA:117,1
DA:118,1
DA:119,1
DA:121,1
DA:123,1
DA:124,1
DA:125,1
DA:126,1
DA:128,1
DA:130,1
DA:131,1
DA:132,1
DA:133,1
DA:134,1
DA:137,1
DA:140,1
DA:142,27
LF:49
LH:47
BRDA:24,0,0,4
BRDA:24,0,1,4
BRDA:49,1,0,4
BRDA:49,1,1,4
BRDA:92,2,0,2
BRDA:92,2,1,2
BRDA:102,3,0,0
BRDA:102,3,1,0
BRDA:109,4,0,1
BRDA:109,4,1,0
BRDA:113,5,0,1
BRDA:113,5,1,0
BRDA:116,6,0,1
BRDA:116,6,1,0
BRDA:123,7,0,1
BRDA:123,7,1,0
BRDA:130,8,0,1
BRDA:130,8,1,0
BRDA:133,9,0,1
BRDA:133,9,1,0
BRF:20
BRH:12
end_of_record
TN:
SF:/Users/kiranraju/Documents/NodeSDK/nylas-nodejs/src/models/neural-signature-extraction.ts
FN:12,(anonymous_9)
FN:33,NeuralSignatureExtraction
FNF:2
FNH:2
FNDA:27,(anonymous_9)
FNDA:2,NeuralSignatureExtraction
DA:1,27
DA:2,27
DA:3,27
DA:12,27
DA:14,2
DA:15,2
DA:17,27
DA:18,27
DA:37,2
DA:38,2
DA:40,27
LF:11
LH:11
BRDA:37,0,0,2
BRDA:37,0,1,0
BRF:2
BRH:1
end_of_record
TN:
SF:/Users/kiranraju/Documents/NodeSDK/nylas-nodejs/src/models/neural.ts
FN:19,(anonymous_9)
FN:54,NeuralMessageOptions
FN:59,(anonymous_11)
FN:68,(anonymous_12)
FN:69,(anonymous_14)
FN:75,(anonymous_15)
FN:76,(anonymous_16)
FN:82,(anonymous_17)
FN:86,(anonymous_18)
FN:91,(anonymous_19)
FN:105,(anonymous_20)
FN:106,(anonymous_21)
FN:112,(anonymous_22)
FN:120,(anonymous_23)
FN:125,(anonymous_24)
FN:129,(anonymous_25)
FN:130,(anonymous_26)
FN:136,(anonymous_27)
FN:150,(anonymous_28)
FN:151,(anonymous_29)
FN:157,(anonymous_30)
FNF:21
FNH:19
FNDA:27,(anonymous_9)
FNDA:0,NeuralMessageOptions
FNDA:0,(anonymous_11)
FNDA:551,(anonymous_12)
FNDA:1,(anonymous_14)
FNDA:1,(anonymous_15)
FNDA:1,(anonymous_16)
FNDA:1,(anonymous_17)
FNDA:1,(anonymous_18)
FNDA:2,(anonymous_19)
FNDA:2,(anonymous_20)
FNDA:2,(anonymous_21)
FNDA:1,(anonymous_22)
FNDA:1,(anonymous_23)
FNDA:3,(anonymous_24)
FNDA:3,(anonymous_25)
FNDA:3,(anonymous_26)
FNDA:2,(anonymous_27)
FNDA:2,(anonymous_28)
FNDA:2,(anonymous_29)
FNDA:3,(anonymous_30)
DA:1,27
DA:2,27
DA:3,27
DA:4,27
DA:5,27
DA:6,27
DA:7,27
DA:8,27
DA:19,27
DA:27,27
DA:55,0
DA:56,0
DA:59,27
DA:60,0
DA:61,0
DA:62,0
DA:64,0
DA:66,27
DA:68,27
DA:69,27
DA:72,1
DA:73,1
DA:75,1
DA:76,1
DA:77,1
DA:82,27
DA:83,1
DA:84,1
DA:86,1
DA:87,1
DA:91,27
DA:95,2
DA:96,2
DA:98,2
DA:99,0
DA:105,2
DA:106,2
DA:107,2
DA:112,27
DA:113,1
DA:114,1
DA:116,1
DA:117,0
DA:120,1
DA:121,1
DA:125,27
DA:126,3
DA:127,3
DA:129,3
DA:130,3
DA:131,3
DA:136,27
DA:140,2
DA:141,2
DA:143,2
DA:144,0
DA:150,2
DA:151,2
DA:152,2
DA:157,27
DA:158,3
DA:167,27
LF:62
LH:53
BRDA:55,0,0,0
BRDA:55,0,1,0
BRDA:61,1,0,0
BRDA:61,1,1,0
BRDA:98,2,0,0
BRDA:98,2,1,2
BRDA:116,3,0,0
BRDA:116,3,1,1
BRDA:143,4,0,0
BRDA:143,4,1,2
BRF:10
BRH:3
end_of_record
TN:
SF:/Users/kiranraju/Documents/NodeSDK/nylas-nodejs/src/models/nylas-api-error.ts
FN:13,(anonymous_6)
FN:42,NylasApiError
FNF:2
FNH:2
FNDA:27,(anonymous_6)
FNDA:2,NylasApiError
DA:13,27
DA:25,2
DA:43,2
DA:44,2
DA:45,2
DA:46,2
DA:48,27
LF:7
LH:7
BRDA:43,0,0,2
BRDA:43,0,1,0
BRF:2
BRH:1
end_of_record
TN:
SF:/Users/kiranraju/Documents/NodeSDK/nylas-nodejs/src/models/outbox-job-status.ts
FN:14,(anonymous_9)
FN:51,OutboxJobStatus
FNF:2
FNH:2
FNDA:27,(anonymous_9)
FNDA:4,OutboxJobStatus
DA:1,27
DA:2,27
DA:4,27
DA:14,27
DA:21,27
DA:52,4
DA:53,4
DA:55,27
LF:8
LH:8
BRDA:52,0,0,4
BRDA:52,0,1,0
BRF:2
BRH:1
end_of_record
TN:
SF:/Users/kiranraju/Documents/NodeSDK/nylas-nodejs/src/models/outbox-message.ts
FN:11,(anonymous_9)
FN:34,OutboxMessage
FNF:2
FNH:2
FNDA:27,(anonymous_9)
FNDA:3,OutboxMessage
DA:1,27
DA:2,27
DA:11,27
DA:13,3
DA:16,27
DA:17,27
DA:35,3
DA:36,3
DA:38,27
LF:9
LH:9
BRDA:35,0,0,3
BRDA:35,0,1,0
BRF:2
BRH:1
end_of_record
TN:
SF:/Users/kiranraju/Documents/NodeSDK/nylas-nodejs/src/models/outbox.ts
FN:20,(anonymous_7)
FN:35,(anonymous_9)
FN:39,Outbox
FN:43,(anonymous_11)
FN:61,(anonymous_12)
FN:69,(anonymous_13)
FN:77,(anonymous_14)
FN:94,(anonymous_15)
FN:100,(anonymous_16)
FN:107,(anonymous_17)
FN:111,(anonymous_18)
FN:120,(anonymous_19)
FN:128,(anonymous_20)
FN:148,(anonymous_21)
FN:182,(anonymous_22)
FNF:15
FNH:14
FNDA:29,(anonymous_7)
FNDA:27,(anonymous_9)
FNDA:524,Outbox
FNDA:1,(anonymous_11)
FNDA:1,(anonymous_12)
FNDA:0,(anonymous_13)
FNDA:4,(anonymous_14)
FNDA:1,(anonymous_15)
FNDA:1,(anonymous_16)
FNDA:1,(anonymous_17)
FNDA:1,(anonymous_18)
FNDA:1,(anonymous_19)
FNDA:5,(anonymous_20)
FNDA:5,(anonymous_21)
FNDA:11,(anonymous_22)
DA:1,27
DA:3,27
DA:4,27
DA:5,27
DA:20,27
DA:23,27
DA:33,27
DA:35,27
DA:37,524
DA:40,524
DA:43,27
DA:44,1
DA:45,1
DA:46,0
DA:49,1
DA:53,1
DA:54,1
DA:56,1
DA:62,1
DA:64,1
DA:65,0
DA:67,1
DA:70,0
DA:71,0
DA:73,0
DA:77,27
DA:78,4
DA:79,4
DA:80,1
DA:83,4
DA:87,1
DA:88,1
DA:90,1
DA:95,1
DA:96,1
DA:100,27
DA:101,1
DA:107,27
DA:108,1
DA:112,1
DA:113,0
DA:115,1
DA:116,1
DA:120,27
DA:121,1
DA:128,27
DA:134,5
DA:135,3
DA:139,5
DA:148,27
DA:153,5
DA:155,5
DA:159,5
DA:160,4
DA:161,1
DA:167,4
DA:168,4
DA:169,4
DA:170,1
DA:172,4
DA:173,2
DA:179,2
DA:182,27
DA:183,11
DA:185,27
LF:65
LH:59
BRDA:45,0,0,0
BRDA:45,0,1,1
BRDA:64,1,0,0
BRDA:64,1,1,1
BRDA:70,2,0,0
BRDA:70,2,1,0
BRDA:79,3,0,1
BRDA:79,3,1,3
BRDA:112,4,0,0
BRDA:112,4,1,1
BRDA:134,5,0,3
BRDA:134,5,1,2
BRDA:153,6,0,3
BRDA:153,6,1,2
BRDA:156,7,0,3
BRDA:156,7,1,2
BRDA:159,8,0,4
BRDA:159,8,1,1
BRDA:159,9,0,5
BRDA:159,9,1,4
BRDA:160,10,0,1
BRDA:160,10,1,3
BRDA:167,11,0,4
BRDA:167,11,1,0
BRDA:167,12,0,4
BRDA:167,12,1,4
BRDA:169,13,0,1
BRDA:169,13,1,3
BRDA:169,14,0,4
BRDA:169,14,1,3
BRDA:172,15,0,2
BRDA:172,15,1,2
BRF:32
BRH:26
end_of_record
TN:
SF:/Users/kiranraju/Documents/NodeSDK/nylas-nodejs/src/models/resource.ts
FN:14,(anonymous_7)
FN:53,Resource
FNF:2
FNH:2
FNDA:27,(anonymous_7)
FNDA:4,Resource
DA:1,27
DA:2,27
DA:14,27
DA:15,4
DA:16,4
DA:17,4
DA:18,4
DA:19,4
DA:21,27
DA:22,27
DA:54,4
DA:55,4
DA:57,27
LF:13
LH:13
BRDA:54,0,0,4
BRDA:54,0,1,0
BRF:2
BRH:1
end_of_record
TN:
SF:/Users/kiranraju/Documents/NodeSDK/nylas-nodejs/src/models/restful-model-collection.ts
FN:9,(anonymous_9)
FN:14,RestfulModelCollection
FN:20,(anonymous_11)
FN:31,(anonymous_12)
FN:37,(anonymous_13)
FN:45,(anonymous_14)
FN:58,(anonymous_15)
FN:64,(anonymous_16)
FN:72,(anonymous_17)
FN:103,(anonymous_18)
FN:130,(anonymous_19)
FN:152,(anonymous_20)
FN:158,(anonymous_21)
FN:166,(anonymous_22)
FN:174,(anonymous_23)
FNF:15
FNH:15
FNDA:27,(anonymous_9)
FNDA:7419,RestfulModelCollection
FNDA:5,(anonymous_11)
FNDA:3,(anonymous_12)
FNDA:3,(anonymous_13)
FNDA:14,(anonymous_14)
FNDA:12,(anonymous_15)
FNDA:2,(anonymous_16)
FNDA:8,(anonymous_17)
FNDA:13,(anonymous_18)
FNDA:19,(anonymous_19)
FNDA:15,(anonymous_20)
FNDA:4,(anonymous_21)
FNDA:12,(anonymous_22)
FNDA:30,(anonymous_23)
DA:1,27
DA:4,27
DA:5,27
DA:9,27
DA:11,27
DA:15,7419
DA:16,7417
DA:17,7417
DA:20,27
DA:21,5
DA:24,5
DA:32,3
DA:33,1
DA:35,3
DA:38,3
DA:39,1
DA:41,3
DA:45,27
DA:46,22
DA:49,14
DA:50,0
DA:51,0
DA:52,0
DA:54,0
DA:57,14
DA:59,12
DA:60,1
DA:62,12
DA:65,2
DA:66,1
DA:68,2
DA:72,27
DA:74,13
DA:77,8
DA:78,1
DA:81,1
DA:82,0
DA:84,1
DA:87,7
DA:88,1
DA:89,1
DA:90,0
DA:92,1
DA:95,6
DA:96,6
DA:97,6
DA:98,6
DA:100,6
DA:103,27
DA:105,21
DA:108,13
DA:109,0
DA:110,0
DA:111,0
DA:113,0
DA:116,13
DA:117,2
DA:118,2
DA:122,13
DA:124,13
DA:125,13
DA:127,13
DA:130,27
DA:134,19
DA:136,19
DA:137,19
DA:140,19
DA:144,19
DA:153,15
DA:154,2
DA:156,15
DA:159,4
DA:160,2
DA:162,4
DA:166,27
DA:167,12
DA:168,12
DA:169,26
DA:171,12
DA:174,27
DA:175,30
DA:177,27
LF:82
LH:72
BRDA:15,0,0,7419
BRDA:15,0,1,7417
BRDA:21,1,0,0
BRDA:21,1,1,5
BRDA:32,2,0,1
BRDA:32,2,1,2
BRDA:38,3,0,1
BRDA:38,3,1,2
BRDA:46,4,0,8
BRDA:46,4,1,6
BRDA:49,5,0,0
BRDA:49,5,1,14
BRDA:51,6,0,0
BRDA:51,6,1,0
BRDA:59,7,0,1
BRDA:59,7,1,11
BRDA:65,8,0,1
BRDA:65,8,1,1
BRDA:74,9,0,5
BRDA:74,9,1,3
BRDA:77,10,0,1
BRDA:77,10,1,7
BRDA:77,11,0,8
BRDA:77,11,1,8
BRDA:81,12,0,0
BRDA:81,12,1,1
BRDA:87,13,0,1
BRDA:87,13,1,6
BRDA:89,14,0,0
BRDA:89,14,1,1
BRDA:96,15,0,6
BRDA:96,15,1,5
BRDA:105,16,0,8
BRDA:105,16,1,5
BRDA:108,17,0,0
BRDA:108,17,1,13
BRDA:110,18,0,0
BRDA:110,18,1,0
BRDA:116,19,0,2
BRDA:116,19,1,11
BRDA:122,20,0,9
BRDA:122,20,1,4
BRDA:136,21,0,2
BRDA:136,21,1,17
BRDA:138,22,0,14
BRDA:138,22,1,5
BRDA:141,23,0,13
BRDA:141,23,1,6
BRDA:153,24,0,2
BRDA:153,24,1,13
BRDA:159,25,0,2
BRDA:159,25,1,2
BRF:52
BRH:43
end_of_record
TN:
SF:/Users/kiranraju/Documents/NodeSDK/nylas-nodejs/src/models/restful-model-instance.ts
FN:4,(anonymous_1)
FN:8,RestfulModelInstance
FN:19,(anonymous_3)
FN:23,(anonymous_4)
FN:30,(anonymous_5)
FNF:5
FNH:5
FNDA:27,(anonymous_1)
FNDA:524,RestfulModelInstance
FNDA:2,(anonymous_3)
FNDA:2,(anonymous_4)
FNDA:2,(anonymous_5)
DA:1,27
DA:4,27
DA:9,524
DA:10,524
DA:11,524
DA:12,0
DA:14,524
DA:15,0
DA:19,27
DA:20,2
DA:23,27
DA:24,2
DA:31,2
DA:32,2
DA:35,27
LF:15
LH:13
BRDA:11,0,0,0
BRDA:11,0,1,524
BRDA:14,1,0,0
BRDA:14,1,1,524
BRDA:23,2,0,2
BRDA:23,2,1,0
BRF:6
BRH:3
end_of_record
TN:
SF:/Users/kiranraju/Documents/NodeSDK/nylas-nodejs/src/models/restful-model.ts
FN:19,(anonymous_7)
FN:44,RestfulModel
FN:56,(anonymous_9)
FN:63,(anonymous_10)
FN:70,(anonymous_11)
FN:75,(anonymous_12)
FN:79,(anonymous_13)
FN:85,(anonymous_14)
FN:91,(anonymous_15)
FN:96,(anonymous_16)
FN:106,(anonymous_17)
FN:124,(anonymous_18)
FN:131,(anonymous_19)
FN:139,(anonymous_20)
FN:152,(anonymous_21)
FN:158,(anonymous_22)
FNF:16
FNH:15
FNDA:28,(anonymous_7)
FNDA:827,RestfulModel
FNDA:14,(anonymous_9)
FNDA:4,(anonymous_10)
FNDA:194,(anonymous_11)
FNDA:62,(anonymous_12)
FNDA:64,(anonymous_13)
FNDA:11,(anonymous_14)
FNDA:13,(anonymous_15)
FNDA:13,(anonymous_16)
FNDA:68,(anonymous_17)
FNDA:62,(anonymous_18)
FNDA:6,(anonymous_19)
FNDA:1,(anonymous_20)
FNDA:1,(anonymous_21)
FNDA:0,(anonymous_22)
DA:1,28
DA:3,28
DA:19,28
DA:20,28
DA:21,28
DA:28,28
DA:45,827
DA:46,827
DA:47,827
DA:48,1
DA:51,826
DA:52,826
DA:53,826
DA:56,28
DA:57,14
DA:60,14
DA:63,28
DA:64,4
DA:70,199
DA:71,194
DA:75,28
DA:76,62
DA:79,28
DA:80,64
DA:81,64
DA:85,28
DA:88,11
DA:91,28
DA:92,13
DA:96,28
DA:97,13
DA:106,68
DA:107,68
DA:110,68
DA:111,5
DA:112,5
DA:114,68
DA:125,62
DA:126,62
DA:127,2
DA:129,62
DA:132,6
DA:133,3
DA:135,6
DA:139,28
DA:140,1
DA:142,1
DA:144,1
DA:145,1
DA:153,1
DA:154,0
DA:156,1
DA:159,0
DA:160,0
DA:162,0
DA:165,28
LF:56
LH:52
BRDA:45,0,0,827
BRDA:45,0,1,827
BRDA:47,1,0,1
BRDA:47,1,1,826
BRDA:51,2,0,49
BRDA:51,2,1,777
BRDA:51,3,0,757
BRDA:51,3,1,69
BRDA:51,4,0,826
BRDA:51,4,1,826
BRDA:52,5,0,9
BRDA:52,5,1,817
BRDA:52,6,0,757
BRDA:52,6,1,69
BRDA:52,7,0,826
BRDA:52,7,1,826
BRDA:53,8,0,18
BRDA:53,8,1,808
BRDA:53,9,0,757
BRDA:53,9,1,69
BRDA:53,10,0,826
BRDA:53,10,1,826
BRDA:57,11,0,0
BRDA:57,11,1,14
BRDA:65,12,0,4
BRDA:65,12,1,3
BRDA:65,13,0,4
BRDA:65,13,1,0
BRDA:66,14,0,3
BRDA:66,14,1,0
BRDA:70,15,0,5
BRDA:70,15,1,189
BRDA:107,16,0,0
BRDA:107,16,1,68
BRDA:110,17,0,5
BRDA:110,17,1,63
BRDA:116,18,0,21
BRDA:116,18,1,47
BRDA:120,19,0,21
BRDA:120,19,1,47
BRDA:126,20,0,2
BRDA:126,20,1,60
BRDA:132,21,0,3
BRDA:132,21,1,3
BRDA:140,22,0,0
BRDA:140,22,1,1
BRDA:142,23,0,0
BRDA:142,23,1,1
BRDA:153,24,0,0
BRDA:153,24,1,1
BRDA:159,25,0,0
BRDA:159,25,1,0
BRF:52
BRH:43
end_of_record
TN:
SF:/Users/kiranraju/Documents/NodeSDK/nylas-nodejs/src/models/scheduler-booking-request.ts
FN:23,(anonymous_7)
FN:100,SchedulerBookingConfirmation
FN:118,(anonymous_9)
FN:164,SchedulerBookingRequest
FN:173,(anonymous_11)
FNF:5
FNH:5
FNDA:27,(anonymous_7)
FNDA:2,SchedulerBookingConfirmation
FNDA:27,(anonymous_9)
FNDA:1,SchedulerBookingRequest
FNDA:1,(anonymous_11)
DA:1,27
DA:2,27
DA:3,27
DA:23,27
DA:40,27
DA:101,2
DA:102,2
DA:104,27
DA:118,27
DA:129,27
DA:165,1
DA:166,1
DA:173,27
DA:174,1
DA:175,1
DA:176,1
DA:178,1
DA:179,0
DA:181,1
DA:183,27
LF:20
LH:19
BRDA:101,0,0,2
BRDA:101,0,1,2
BRDA:165,1,0,1
BRDA:165,1,1,1
BRDA:175,2,0,1
BRDA:175,2,1,0
BRDA:178,3,0,0
BRDA:178,3,1,1
BRF:8
BRH:6
end_of_record
TN:
SF:/Users/kiranraju/Documents/NodeSDK/nylas-nodejs/src/models/scheduler-restful-model-collection.ts
FN:20,(anonymous_7)
FN:27,SchedulerRestfulModelCollection
FN:34,(anonymous_9)
FN:45,(anonymous_10)
FN:56,(anonymous_11)
FN:66,(anonymous_12)
FN:71,(anonymous_13)
FN:81,(anonymous_14)
FN:83,(anonymous_15)
FN:91,(anonymous_16)
FN:105,(anonymous_17)
FN:112,(anonymous_18)
FN:129,(anonymous_19)
FN:134,(anonymous_20)
FN:148,(anonymous_21)
FNF:15
FNH:15
FNDA:27,(anonymous_7)
FNDA:524,SchedulerRestfulModelCollection
FNDA:1,(anonymous_9)
FNDA:1,(anonymous_10)
FNDA:1,(anonymous_11)
FNDA:1,(anonymous_12)
FNDA:1,(anonymous_13)
FNDA:1,(anonymous_14)
FNDA:1,(anonymous_15)
FNDA:1,(anonymous_16)
FNDA:1,(anonymous_17)
FNDA:1,(anonymous_18)
FNDA:1,(anonymous_19)
FNDA:1,(anonymous_20)
FNDA:1,(anonymous_21)
DA:1,27
DA:3,27
DA:4,27
DA:5,27
DA:20,27
DA:28,524
DA:29,524
DA:30,524
DA:31,524
DA:34,27
DA:35,1
DA:45,27
DA:46,1
DA:56,27
DA:57,1
DA:67,1
DA:71,27
DA:72,1
DA:82,1
DA:84,1
DA:87,1
DA:91,27
DA:95,1
DA:106,1
DA:112,27
DA:117,1
DA:130,1
DA:134,27
DA:138,1
DA:149,1
DA:154,27
LF:31
LH:31
BRDA:28,0,0,524
BRDA:28,0,1,0
BRF:2
BRH:1
end_of_record
TN:
SF:/Users/kiranraju/Documents/NodeSDK/nylas-nodejs/src/models/scheduler-time-slot.ts
FN:13,(anonymous_7)
FN:45,SchedulerTimeSlot
FNF:2
FNH:2
FNDA:27,(anonymous_7)
FNDA:2,SchedulerTimeSlot
DA:1,27
DA:2,27
DA:13,27
DA:21,27
DA:46,2
DA:47,2
DA:49,27
LF:7
LH:7
BRDA:46,0,0,2
BRDA:46,0,1,2
BRF:2
BRH:2
end_of_record
TN:
SF:/Users/kiranraju/Documents/NodeSDK/nylas-nodejs/src/models/scheduler.ts
FN:21,(anonymous_9)
FN:44,SchedulerAvailableCalendars
FN:49,(anonymous_11)
FN:53,(anonymous_12)
FN:77,(anonymous_13)
FN:140,SchedulerAppearance
FN:157,(anonymous_15)
FN:196,SchedulerBookingAdditionalFields
FN:209,(anonymous_17)
FN:231,SchedulerBookingOpeningHours
FN:255,(anonymous_19)
FN:337,SchedulerBooking
FN:351,(anonymous_21)
FN:381,SchedulerReminders
FN:412,(anonymous_23)
FN:477,SchedulerConfig
FN:495,(anonymous_25)
FN:550,Scheduler
FN:556,(anonymous_27)
FN:561,(anonymous_28)
FN:575,(anonymous_29)
FN:576,(anonymous_30)
FN:586,(anonymous_31)
FN:607,(anonymous_32)
FNF:24
FNH:20
FNDA:27,(anonymous_9)
FNDA:1,SchedulerAvailableCalendars
FNDA:1,(anonymous_11)
FNDA:1,(anonymous_12)
FNDA:27,(anonymous_13)
FNDA:0,SchedulerAppearance
FNDA:27,(anonymous_15)
FNDA:0,SchedulerBookingAdditionalFields
FNDA:27,(anonymous_17)
FNDA:0,SchedulerBookingOpeningHours
FNDA:27,(anonymous_19)
FNDA:1,SchedulerBooking
FNDA:27,(anonymous_21)
FNDA:0,SchedulerReminders
FNDA:27,(anonymous_23)
FNDA:3,SchedulerConfig
FNDA:27,(anonymous_25)
FNDA:12,Scheduler
FNDA:7,(anonymous_27)
FNDA:2,(anonymous_28)
FNDA:1,(anonymous_29)
FNDA:1,(anonymous_30)
FNDA:2,(anonymous_31)
FNDA:7,(anonymous_32)
DA:1,27
DA:2,27
DA:4,27
DA:5,27
DA:21,27
DA:23,1
DA:24,1
DA:25,1
DA:26,1
DA:27,27
DA:45,1
DA:46,1
DA:49,27
DA:50,1
DA:53,27
DA:55,1
DA:56,1
DA:58,1
DA:60,27
DA:77,27
DA:91,27
DA:141,0
DA:142,0
DA:144,27
DA:157,27
DA:167,27
DA:197,0
DA:198,0
DA:200,27
DA:209,27
DA:215,27
DA:232,0
DA:233,0
DA:235,27
DA:255,27
DA:272,27
DA:338,1
DA:339,1
DA:341,27
DA:351,27
DA:358,27
DA:382,0
DA:383,0
DA:385,27
DA:412,27
DA:437,27
DA:478,3
DA:479,3
DA:481,27
DA:495,27
DA:506,27
DA:507,27
DA:551,12
DA:552,12
DA:553,12
DA:556,27
DA:557,7
DA:558,4
DA:561,27
DA:562,2
DA:563,1
DA:566,1
DA:576,1
DA:577,1
DA:582,1
DA:586,27
DA:590,2
DA:591,1
DA:593,1
DA:607,27
DA:608,7
DA:609,7
DA:613,3
DA:618,27
LF:74
LH:66
BRDA:45,0,0,1
BRDA:45,0,1,1
BRDA:55,1,0,1
BRDA:55,1,1,0
BRDA:141,2,0,0
BRDA:141,2,1,0
BRDA:197,3,0,0
BRDA:197,3,1,0
BRDA:232,4,0,0
BRDA:232,4,1,0
BRDA:338,5,0,1
BRDA:338,5,1,1
BRDA:382,6,0,0
BRDA:382,6,1,0
BRDA:478,7,0,3
BRDA:478,7,1,3
BRDA:551,8,0,12
BRDA:551,8,1,0
BRDA:556,9,0,7
BRDA:556,9,1,0
BRDA:562,10,0,1
BRDA:562,10,1,1
BRDA:590,11,0,1
BRDA:590,11,1,1
BRDA:608,12,0,3
BRDA:608,12,1,4
BRDA:608,13,0,7
BRDA:608,13,1,7
BRDA:608,14,0,2
BRDA:608,14,1,5
BRDA:608,15,0,7
BRDA:608,15,1,7
BRDA:609,16,0,3
BRDA:609,16,1,4
BRDA:610,17,0,7
BRDA:610,17,1,4
BRDA:610,17,2,2
BRF:37
BRH:26
end_of_record
TN:
SF:/Users/kiranraju/Documents/NodeSDK/nylas-nodejs/src/models/thread.ts
FN:30,(anonymous_10)
FN:118,Thread
FN:123,(anonymous_12)
FN:126,(anonymous_13)
FN:136,(anonymous_14)
FNF:5
FNH:5
FNDA:27,(anonymous_10)
FNDA:16,Thread
FNDA:2,(anonymous_12)
FNDA:1,(anonymous_13)
FNDA:2,(anonymous_14)
DA:1,27
DA:2,27
DA:3,27
DA:4,27
DA:7,27
DA:30,27
DA:31,16
DA:32,16
DA:33,16
DA:34,16
DA:35,16
DA:36,16
DA:37,16
DA:38,16
DA:39,16
DA:40,16
DA:48,27
DA:49,27
DA:119,16
DA:120,16
DA:123,27
DA:124,2
DA:125,2
DA:126,1
DA:127,1
DA:128,1
DA:131,2
DA:132,2
DA:133,2
DA:136,27
DA:137,2
DA:139,27
LF:32
LH:32
BRDA:119,0,0,16
BRDA:119,0,1,0
BRDA:125,1,0,1
BRDA:125,1,1,1
BRDA:127,2,0,1
BRDA:127,2,1,0
BRDA:127,3,0,1
BRDA:127,3,1,1
BRDA:136,4,0,2
BRDA:136,4,1,0
BRF:10
BRH:7
end_of_record
TN:
SF:/Users/kiranraju/Documents/NodeSDK/nylas-nodejs/src/models/webhook-notification.ts
FN:12,(anonymous_7)
FN:38,LinkClick
FN:49,(anonymous_9)
FN:61,LinkClickCount
FN:80,(anonymous_11)
FN:141,MessageTrackingData
FN:154,(anonymous_13)
FN:181,WebhookObjectAttributes
FN:196,(anonymous_15)
FN:234,WebhookObjectData
FN:247,(anonymous_17)
FN:269,WebhookDelta
FN:279,(anonymous_19)
FN:289,WebhookNotification
FNF:14
FNH:14
FNDA:1,(anonymous_7)
FNDA:4,LinkClick
FNDA:1,(anonymous_9)
FNDA:2,LinkClickCount
FNDA:1,(anonymous_11)
FNDA:2,MessageTrackingData
FNDA:1,(anonymous_13)
FNDA:1,WebhookObjectAttributes
FNDA:1,(anonymous_15)
FNDA:2,WebhookObjectData
FNDA:1,(anonymous_17)
FNDA:1,WebhookDelta
FNDA:1,(anonymous_19)
FNDA:1,WebhookNotification
DA:1,1
DA:2,1
DA:12,1
DA:13,4
DA:14,4
DA:15,4
DA:16,4
DA:18,1
DA:39,4
DA:40,4
DA:42,1
DA:49,1
DA:50,2
DA:51,2
DA:52,1
DA:62,2
DA:63,2
DA:65,1
DA:80,1
DA:82,2
DA:83,2
DA:84,2
DA:100,1
DA:142,2
DA:143,2
DA:145,1
DA:154,1
DA:163,1
DA:182,1
DA:183,1
DA:185,1
DA:196,1
DA:198,2
DA:199,2
DA:200,2
DA:201,2
DA:208,1
DA:235,2
DA:236,2
DA:238,1
DA:247,1
DA:248,1
DA:249,1
DA:250,1
DA:251,1
DA:252,1
DA:270,1
DA:271,1
DA:273,1
DA:279,1
DA:281,1
DA:282,1
DA:290,1
DA:291,1
DA:293,1
LF:55
LH:55
BRDA:39,0,0,4
BRDA:39,0,1,4
BRDA:62,1,0,2
BRDA:62,1,1,2
BRDA:142,2,0,2
BRDA:142,2,1,2
BRDA:182,3,0,1
BRDA:182,3,1,1
BRDA:235,4,0,2
BRDA:235,4,1,2
BRDA:270,5,0,1
BRDA:270,5,1,1
BRDA:290,6,0,1
BRDA:290,6,1,1
BRF:14
BRH:14
end_of_record
TN:
SF:/Users/kiranraju/Documents/NodeSDK/nylas-nodejs/src/models/webhook.ts
FN:6,(anonymous_7)
FN:39,(anonymous_8)
FN:76,Webhook
FN:85,(anonymous_10)
FN:88,(anonymous_11)
FN:100,(anonymous_12)
FNF:6
FNH:6
FNDA:24,(anonymous_7)
FNDA:24,(anonymous_8)
FNDA:6,Webhook
FNDA:2,(anonymous_10)
FNDA:2,(anonymous_11)
FNDA:2,(anonymous_12)
DA:1,24
DA:2,24
DA:6,24
DA:7,24
DA:8,24
DA:9,24
DA:10,24
DA:11,24
DA:12,24
DA:13,24
DA:14,24
DA:15,24
DA:16,24
DA:17,24
DA:18,24
DA:19,24
DA:20,24
DA:21,24
DA:22,24
DA:23,24
DA:24,24
DA:25,24
DA:26,24
DA:27,24
DA:39,24
DA:41,6
DA:42,6
DA:43,6
DA:47,24
DA:48,24
DA:81,6
DA:82,6
DA:85,24
DA:86,2
DA:88,24
DA:89,2
DA:91,2
DA:92,1
DA:94,1
DA:95,1
DA:96,1
DA:98,2
DA:100,24
DA:101,2
DA:103,24
LF:45
LH:45
BRDA:6,0,0,24
BRDA:6,0,1,24
BRDA:81,1,0,6
BRDA:81,1,1,0
BRDA:91,2,0,1
BRDA:91,2,1,1
BRDA:95,3,0,1
BRDA:95,3,1,0
BRDA:100,4,0,2
BRDA:100,4,1,0
BRF:10
BRH:7
end_of_record
TN:
SF:/Users/kiranraju/Documents/NodeSDK/nylas-nodejs/src/models/when.ts
FN:14,(anonymous_7)
FN:51,When
FN:57,(anonymous_9)
FNF:3
FNH:3
FNDA:27,(anonymous_7)
FNDA:82,When
FNDA:3,(anonymous_9)
DA:1,27
DA:2,27
DA:14,27
DA:22,27
DA:52,82
DA:53,82
DA:57,27
DA:58,3
DA:65,27
LF:9
LH:9
BRDA:52,0,0,82
BRDA:52,0,1,82
BRDA:59,1,0,3
BRDA:59,1,1,0
BRDA:59,1,2,3
BRDA:59,1,3,3
BRDA:59,1,4,0
BRDA:59,1,5,3
BRF:8
BRH:6
end_of_record
